[2025-05-14 01:32:36] [INFO] ======= PHASE 1: SCRIPT VALIDATION =======
[2025-05-14 01:32:36] [INFO] Validating scripts...
[2025-05-14 01:34:30] [SUCCESS] Script validation completed successfully.
[2025-05-14 01:34:30] [INFO] ======= PHASE 2: PREPROCESSING =======
[2025-05-14 01:34:30] [INFO] Running CLAHE preprocessing...
[2025-05-14 01:34:30] [INFO] Running test_image_preprocessing.py...
[2025-05-14 01:34:36] [INFO] Finished test_image_preprocessing.py with status: success (duration: 6s)
[2025-05-14 01:34:36] [INFO] Running data augmentation...
[2025-05-14 01:34:36] [INFO] Running augment_dataset.py...
[2025-05-14 01:34:36] [WARNING] Error running augment_dataset.py. Retrying (1/2)...
[2025-05-14 01:34:38] [INFO] Retry 1 for augment_dataset.py...
[2025-05-14 01:34:38] [WARNING] Error running augment_dataset.py. Retrying (2/2)...
[2025-05-14 01:34:40] [INFO] Retry 2 for augment_dataset.py...
[2025-05-14 01:34:40] [ERROR] Error running augment_dataset.py after 2 retries. Check /home/emilio/Documents/ai/pizza/output/pipeline_runs/20250514_013236/logs/augment_dataset.log for details.
[2025-05-14 01:34:40] [INFO] Finished augment_dataset.py with status: failed (duration: 4s)
[2025-05-14 01:34:40] [WARNING] Data augmentation had issues, but continuing...
[2025-05-14 01:34:40] [INFO] ======= PHASE 3: MODEL OPTIMIZATION =======
[2025-05-14 01:34:40] [INFO] Running model optimization pipeline...
[2025-05-14 01:36:49] [WARNING] Model optimization had issues, but continuing...
[2025-05-14 01:36:49] [INFO] ======= PHASE 4: TESTING =======
[2025-05-14 01:36:49] [INFO] Running automated test suite...
[2025-05-14 01:36:49] [INFO] Running run_pizza_tests.py...
[2025-05-14 01:36:49] [INFO] Finished run_pizza_tests.py with status: success (duration: 0s)
[2025-05-14 01:36:49] [INFO] Verifying model...
[2025-05-14 01:36:49] [INFO] Running verify_model.py...
[2025-05-14 01:36:49] [WARNING] Error running verify_model.py. Retrying (1/2)...
[2025-05-14 01:36:51] [INFO] Retry 1 for verify_model.py...
[2025-05-14 01:36:51] [WARNING] Error running verify_model.py. Retrying (2/2)...
[2025-05-14 01:36:53] [INFO] Retry 2 for verify_model.py...
[2025-05-14 01:36:53] [ERROR] Error running verify_model.py after 2 retries. Check /home/emilio/Documents/ai/pizza/output/pipeline_runs/20250514_013236/logs/verify_model.log for details.
[2025-05-14 01:36:53] [INFO] Finished verify_model.py with status: failed (duration: 4s)
[2025-05-14 01:36:53] [WARNING] Model verification had issues, but continuing...
[2025-05-14 01:36:53] [INFO] Testing temporal smoothing...
[2025-05-14 01:36:53] [INFO] Running test_temporal_smoothing.py...
[2025-05-14 01:36:59] [INFO] Finished test_temporal_smoothing.py with status: success (duration: 6s)
[2025-05-14 01:36:59] [INFO] ======= PHASE 5: INTEGRATION VALIDATION =======
[2025-05-14 01:36:59] [SUCCESS] Integration validation completed successfully.
[2025-05-14 01:36:59] [INFO] ======= PHASE 6: REPORTING =======
[2025-05-14 01:36:59] [INFO] Generating final reports...
