nohup: ignoring input
2025-06-08 11:52:34,825 - modell_1_2_clustering - INFO - === MODELL-1.2: Gewichts-Clustering implementieren und evaluieren ===
2025-06-08 11:52:34,825 - modell_1_2_clustering - INFO - Found base model: /home/emilio/Documents/ai/pizza/models/micro_pizza_model.pth
2025-06-08 11:52:34,825 - modell_1_2_clustering - INFO - Evaluating base model...
2025-06-08 11:52:34,828 - modell_1_2_clustering - WARNING - Could not load model from /home/emilio/Documents/ai/pizza/models/micro_pizza_model.pth: Error(s) in loading state_dict for MicroPizzaNetV2:
	Missing key(s) in state_dict: "block2.conv.0.weight", "block2.conv.1.weight", "block2.conv.1.bias", "block2.conv.1.running_mean", "block2.conv.1.running_var", "block2.conv.3.weight", "block2.conv.4.weight", "block2.conv.4.bias", "block2.conv.4.running_mean", "block2.conv.4.running_var", "block2.conv.6.weight", "block2.conv.7.weight", "block2.conv.7.bias", "block2.conv.7.running_mean", "block2.conv.7.running_var". 
	Unexpected key(s) in state_dict: "block2.0.weight", "block2.1.weight", "block2.1.bias", "block2.1.running_mean", "block2.1.running_var", "block2.1.num_batches_tracked", "block2.3.weight", "block2.4.weight", "block2.4.bias", "block2.4.running_mean", "block2.4.running_var", "block2.4.num_batches_tracked". 
2025-06-08 11:52:34,828 - modell_1_2_clustering - INFO - Using randomly initialized model
2025-06-08 11:52:34,828 - modell_1_2_clustering - INFO - Simulated accuracy: 65.52%
2025-06-08 11:52:34,849 - modell_1_2_clustering - INFO - 
==================================================
2025-06-08 11:52:34,849 - modell_1_2_clustering - INFO - Processing 16 clusters
2025-06-08 11:52:34,849 - modell_1_2_clustering - INFO - ==================================================
2025-06-08 11:52:34,849 - modell_1_2_clustering - INFO - Applying weight clustering with 16 clusters
2025-06-08 11:52:34,968 - modell_1_2_clustering - INFO - Weight clustering completed: 1896/1896 weights clustered (100.00%)
2025-06-08 11:52:34,969 - modell_1_2_clustering - INFO - Model saved to /home/emilio/Documents/ai/pizza/models/clustered/micropizzanetv2_clustered_16.pth
2025-06-08 11:52:34,969 - modell_1_2_clustering - INFO - Simulated accuracy: 65.52%
2025-06-08 11:52:34,987 - modell_1_2_clustering - INFO - Applying Int8 quantization (simulated)
2025-06-08 11:52:34,990 - modell_1_2_clustering - INFO - Int8 quantization completed
2025-06-08 11:52:34,991 - modell_1_2_clustering - INFO - Model saved to /home/emilio/Documents/ai/pizza/models/clustered/micropizzanetv2_clustered_16_int8.pth
2025-06-08 11:52:34,991 - modell_1_2_clustering - INFO - Simulated accuracy: 65.52%
2025-06-08 11:52:35,011 - modell_1_2_clustering - INFO - Applying Int4 quantization (simulated)
2025-06-08 11:52:35,012 - modell_1_2_clustering - INFO - Int4 quantization completed
2025-06-08 11:52:35,013 - modell_1_2_clustering - INFO - Model saved to /home/emilio/Documents/ai/pizza/models/clustered/micropizzanetv2_clustered_16_int4.pth
2025-06-08 11:52:35,013 - modell_1_2_clustering - INFO - Simulated accuracy: 65.52%
2025-06-08 11:52:35,031 - modell_1_2_clustering - INFO - Successfully processed 16 clusters
2025-06-08 11:52:35,031 - modell_1_2_clustering - INFO - 
==================================================
2025-06-08 11:52:35,031 - modell_1_2_clustering - INFO - Processing 32 clusters
2025-06-08 11:52:35,031 - modell_1_2_clustering - INFO - ==================================================
2025-06-08 11:52:35,031 - modell_1_2_clustering - INFO - Applying weight clustering with 32 clusters
2025-06-08 11:52:35,206 - modell_1_2_clustering - INFO - Weight clustering completed: 1896/1896 weights clustered (100.00%)
2025-06-08 11:52:35,207 - modell_1_2_clustering - INFO - Model saved to /home/emilio/Documents/ai/pizza/models/clustered/micropizzanetv2_clustered_32.pth
2025-06-08 11:52:35,207 - modell_1_2_clustering - INFO - Simulated accuracy: 65.52%
2025-06-08 11:52:35,224 - modell_1_2_clustering - INFO - Applying Int8 quantization (simulated)
2025-06-08 11:52:35,226 - modell_1_2_clustering - INFO - Int8 quantization completed
2025-06-08 11:52:35,227 - modell_1_2_clustering - INFO - Model saved to /home/emilio/Documents/ai/pizza/models/clustered/micropizzanetv2_clustered_32_int8.pth
2025-06-08 11:52:35,227 - modell_1_2_clustering - INFO - Simulated accuracy: 65.52%
2025-06-08 11:52:35,244 - modell_1_2_clustering - INFO - Applying Int4 quantization (simulated)
2025-06-08 11:52:35,246 - modell_1_2_clustering - INFO - Int4 quantization completed
2025-06-08 11:52:35,246 - modell_1_2_clustering - INFO - Model saved to /home/emilio/Documents/ai/pizza/models/clustered/micropizzanetv2_clustered_32_int4.pth
2025-06-08 11:52:35,247 - modell_1_2_clustering - INFO - Simulated accuracy: 65.52%
2025-06-08 11:52:35,264 - modell_1_2_clustering - INFO - Successfully processed 32 clusters
2025-06-08 11:52:35,264 - modell_1_2_clustering - INFO - 
==================================================
2025-06-08 11:52:35,264 - modell_1_2_clustering - INFO - Processing 64 clusters
2025-06-08 11:52:35,264 - modell_1_2_clustering - INFO - ==================================================
2025-06-08 11:52:35,264 - modell_1_2_clustering - INFO - Applying weight clustering with 64 clusters
2025-06-08 11:52:35,558 - modell_1_2_clustering - INFO - Weight clustering completed: 1896/1896 weights clustered (100.00%)
2025-06-08 11:52:35,558 - modell_1_2_clustering - INFO - Model saved to /home/emilio/Documents/ai/pizza/models/clustered/micropizzanetv2_clustered_64.pth
2025-06-08 11:52:35,559 - modell_1_2_clustering - INFO - Simulated accuracy: 65.52%
2025-06-08 11:52:35,576 - modell_1_2_clustering - INFO - Applying Int8 quantization (simulated)
2025-06-08 11:52:35,578 - modell_1_2_clustering - INFO - Int8 quantization completed
2025-06-08 11:52:35,579 - modell_1_2_clustering - INFO - Model saved to /home/emilio/Documents/ai/pizza/models/clustered/micropizzanetv2_clustered_64_int8.pth
2025-06-08 11:52:35,579 - modell_1_2_clustering - INFO - Simulated accuracy: 65.52%
2025-06-08 11:52:35,596 - modell_1_2_clustering - INFO - Applying Int4 quantization (simulated)
2025-06-08 11:52:35,598 - modell_1_2_clustering - INFO - Int4 quantization completed
2025-06-08 11:52:35,599 - modell_1_2_clustering - INFO - Model saved to /home/emilio/Documents/ai/pizza/models/clustered/micropizzanetv2_clustered_64_int4.pth
2025-06-08 11:52:35,599 - modell_1_2_clustering - INFO - Simulated accuracy: 65.52%
2025-06-08 11:52:35,616 - modell_1_2_clustering - INFO - Successfully processed 64 clusters
2025-06-08 11:52:35,621 - modell_1_2_clustering - INFO - Evaluation report saved to /home/emilio/Documents/ai/pizza/output/model_optimization/clustering_evaluation.json
2025-06-08 11:52:35,621 - modell_1_2_clustering - INFO - 
============================================================
2025-06-08 11:52:35,621 - modell_1_2_clustering - INFO - MODELL-1.2 WEIGHT CLUSTERING EVALUATION SUMMARY
2025-06-08 11:52:35,621 - modell_1_2_clustering - INFO - ============================================================
2025-06-08 11:52:35,621 - modell_1_2_clustering - INFO - 
Base Model:
2025-06-08 11:52:35,621 - modell_1_2_clustering - INFO -   Size: 9.34 KB
2025-06-08 11:52:35,621 - modell_1_2_clustering - INFO -   Accuracy: 65.52%
2025-06-08 11:52:35,621 - modell_1_2_clustering - INFO -   RAM Usage: 29.29 KB
2025-06-08 11:52:35,621 - modell_1_2_clustering - INFO -   Inference Time: 0.17 ms
2025-06-08 11:52:35,621 - modell_1_2_clustering - INFO - 
Clustered Model (16 clusters):
2025-06-08 11:52:35,621 - modell_1_2_clustering - INFO -   Original:
2025-06-08 11:52:35,621 - modell_1_2_clustering - INFO -     Size: 9.34 KB (0.0% reduction)
2025-06-08 11:52:35,621 - modell_1_2_clustering - INFO -     Accuracy: 65.52% (0.0% loss)
2025-06-08 11:52:35,621 - modell_1_2_clustering - INFO -   Int8 Quantized:
2025-06-08 11:52:35,621 - modell_1_2_clustering - INFO -     Size: 9.34 KB (0.0% reduction)
2025-06-08 11:52:35,621 - modell_1_2_clustering - INFO -     Accuracy: 65.52% (0.0% loss)
2025-06-08 11:52:35,621 - modell_1_2_clustering - INFO -   Int4 Quantized:
2025-06-08 11:52:35,621 - modell_1_2_clustering - INFO -     Size: 9.34 KB (0.0% reduction)
2025-06-08 11:52:35,621 - modell_1_2_clustering - INFO -     Accuracy: 65.52% (0.0% loss)
2025-06-08 11:52:35,621 - modell_1_2_clustering - INFO - 
Clustered Model (32 clusters):
2025-06-08 11:52:35,621 - modell_1_2_clustering - INFO -   Original:
2025-06-08 11:52:35,621 - modell_1_2_clustering - INFO -     Size: 9.34 KB (0.0% reduction)
2025-06-08 11:52:35,621 - modell_1_2_clustering - INFO -     Accuracy: 65.52% (0.0% loss)
2025-06-08 11:52:35,621 - modell_1_2_clustering - INFO -   Int8 Quantized:
2025-06-08 11:52:35,621 - modell_1_2_clustering - INFO -     Size: 9.34 KB (0.0% reduction)
2025-06-08 11:52:35,621 - modell_1_2_clustering - INFO -     Accuracy: 65.52% (0.0% loss)
2025-06-08 11:52:35,621 - modell_1_2_clustering - INFO -   Int4 Quantized:
2025-06-08 11:52:35,621 - modell_1_2_clustering - INFO -     Size: 9.34 KB (0.0% reduction)
2025-06-08 11:52:35,621 - modell_1_2_clustering - INFO -     Accuracy: 65.52% (0.0% loss)
2025-06-08 11:52:35,621 - modell_1_2_clustering - INFO - 
Clustered Model (64 clusters):
2025-06-08 11:52:35,621 - modell_1_2_clustering - INFO -   Original:
2025-06-08 11:52:35,621 - modell_1_2_clustering - INFO -     Size: 9.34 KB (0.0% reduction)
2025-06-08 11:52:35,621 - modell_1_2_clustering - INFO -     Accuracy: 65.52% (0.0% loss)
2025-06-08 11:52:35,622 - modell_1_2_clustering - INFO -   Int8 Quantized:
2025-06-08 11:52:35,622 - modell_1_2_clustering - INFO -     Size: 9.34 KB (0.0% reduction)
2025-06-08 11:52:35,622 - modell_1_2_clustering - INFO -     Accuracy: 65.52% (0.0% loss)
2025-06-08 11:52:35,622 - modell_1_2_clustering - INFO -   Int4 Quantized:
2025-06-08 11:52:35,622 - modell_1_2_clustering - INFO -     Size: 9.34 KB (0.0% reduction)
2025-06-08 11:52:35,622 - modell_1_2_clustering - INFO -     Accuracy: 65.52% (0.0% loss)
2025-06-08 11:52:35,622 - modell_1_2_clustering - INFO - 
✅ MODELL-1.2 completed successfully!
2025-06-08 11:52:35,622 - modell_1_2_clustering - INFO - 📊 Report saved to: /home/emilio/Documents/ai/pizza/output/model_optimization/clustering_evaluation.json
2025-06-08 11:52:35,622 - modell_1_2_clustering - INFO - 📁 Clustered models saved to: /home/emilio/Documents/ai/pizza/models/clustered
