2025-05-10 22:11:09,696 - __main__ - INFO - All required dependencies are installed
2025-05-10 22:11:09,764 - __main__ - INFO - Using CUDA device: NVIDIA GeForce RTX 3060 with 11.6GB memory
2025-05-10 22:11:32,359 - __main__ - INFO - All required dependencies are installed
2025-05-10 22:11:32,410 - __main__ - INFO - Using CUDA device: NVIDIA GeForce RTX 3060 with 11.6GB memory
2025-05-10 22:11:32,410 - __main__ - INFO - Generating dataset in data/synthetic/test_run/pizza_dataset_20250510_221132
2025-05-10 22:11:32,410 - __main__ - INFO - Using preset: small_diverse - A small but diverse dataset with all pizza types
2025-05-10 22:11:32,410 - __main__ - INFO - Using model preset: sdxl - Stable Diffusion XL 1.0 - High quality general purpose model
2025-05-10 22:11:32,410 - src.augmentation.diffusion_pizza_generator - INFO - Created output directories in data/synthetic/test_run/pizza_dataset_20250510_221132
2025-05-10 22:11:32,410 - src.augmentation.diffusion_pizza_generator - INFO - Loading sdxl model: stabilityai/stable-diffusion-xl-base-1.0
2025-05-10 22:11:33,449 - huggingface_hub.file_download - WARNING - Xet Storage is enabled for this repo, but the 'hf_xet' package is not installed. Falling back to regular HTTP download. For better performance, install the package with: `pip install huggingface_hub[hf_xet]` or `pip install hf_xet`
2025-05-10 22:11:33,584 - huggingface_hub.file_download - WARNING - Xet Storage is enabled for this repo, but the 'hf_xet' package is not installed. Falling back to regular HTTP download. For better performance, install the package with: `pip install huggingface_hub[hf_xet]` or `pip install hf_xet`
2025-05-10 22:11:33,807 - huggingface_hub.file_download - WARNING - Xet Storage is enabled for this repo, but the 'hf_xet' package is not installed. Falling back to regular HTTP download. For better performance, install the package with: `pip install huggingface_hub[hf_xet]` or `pip install hf_xet`
2025-05-10 22:11:33,975 - huggingface_hub.file_download - WARNING - Xet Storage is enabled for this repo, but the 'hf_xet' package is not installed. Falling back to regular HTTP download. For better performance, install the package with: `pip install huggingface_hub[hf_xet]` or `pip install hf_xet`
2025-05-10 22:11:34,197 - huggingface_hub.file_download - WARNING - Xet Storage is enabled for this repo, but the 'hf_xet' package is not installed. Falling back to regular HTTP download. For better performance, install the package with: `pip install huggingface_hub[hf_xet]` or `pip install hf_xet`
2025-05-10 22:15:41,082 - huggingface_hub.file_download - WARNING - Xet Storage is enabled for this repo, but the 'hf_xet' package is not installed. Falling back to regular HTTP download. For better performance, install the package with: `pip install huggingface_hub[hf_xet]` or `pip install hf_xet`
2025-05-10 22:15:41,322 - huggingface_hub.file_download - WARNING - Xet Storage is enabled for this repo, but the 'hf_xet' package is not installed. Falling back to regular HTTP download. For better performance, install the package with: `pip install huggingface_hub[hf_xet]` or `pip install hf_xet`
2025-05-10 22:15:41,399 - huggingface_hub.file_download - WARNING - Xet Storage is enabled for this repo, but the 'hf_xet' package is not installed. Falling back to regular HTTP download. For better performance, install the package with: `pip install huggingface_hub[hf_xet]` or `pip install hf_xet`
2025-05-10 22:15:41,569 - huggingface_hub.file_download - WARNING - Xet Storage is enabled for this repo, but the 'hf_xet' package is not installed. Falling back to regular HTTP download. For better performance, install the package with: `pip install huggingface_hub[hf_xet]` or `pip install hf_xet`
2025-05-10 22:19:16,120 - src.augmentation.diffusion_pizza_generator - ERROR - Error loading diffusion model: CUDA out of memory. Tried to allocate 20.00 MiB. GPU 0 has a total capacity of 11.63 GiB of which 33.25 MiB is free. Including non-PyTorch memory, this process has 11.37 GiB memory in use. Of the allocated memory 10.84 GiB is allocated by PyTorch, and 442.36 MiB is reserved by PyTorch but unallocated. If reserved but unallocated memory is large try setting PYTORCH_CUDA_ALLOC_CONF=expandable_segments:True to avoid fragmentation.  See documentation for Memory Management  (https://pytorch.org/docs/stable/notes/cuda.html#environment-variables)
2025-05-10 22:19:16,120 - __main__ - ERROR - Error: CUDA out of memory. Tried to allocate 20.00 MiB. GPU 0 has a total capacity of 11.63 GiB of which 33.25 MiB is free. Including non-PyTorch memory, this process has 11.37 GiB memory in use. Of the allocated memory 10.84 GiB is allocated by PyTorch, and 442.36 MiB is reserved by PyTorch but unallocated. If reserved but unallocated memory is large try setting PYTORCH_CUDA_ALLOC_CONF=expandable_segments:True to avoid fragmentation.  See documentation for Memory Management  (https://pytorch.org/docs/stable/notes/cuda.html#environment-variables)
2025-05-10 22:23:36,925 - __main__ - INFO - All required dependencies are installed
2025-05-10 22:23:37,006 - __main__ - INFO - Using CUDA device: NVIDIA GeForce RTX 3060 with 11.6GB memory
2025-05-10 22:23:37,006 - __main__ - INFO - Generating dataset in data/synthetic/test_run/pizza_dataset_20250510_222337
2025-05-10 22:23:37,006 - __main__ - INFO - Using preset: small_diverse - A small but diverse dataset with all pizza types
2025-05-10 22:23:37,006 - __main__ - INFO - Using model preset: sdxl - Stable Diffusion XL 1.0 - High quality general purpose model
2025-05-10 22:23:37,007 - src.augmentation.diffusion_pizza_generator - INFO - Created output directories in data/synthetic/test_run/pizza_dataset_20250510_222337
2025-05-10 22:23:37,007 - src.augmentation.diffusion_pizza_generator - INFO - Loading sdxl model: stabilityai/stable-diffusion-xl-base-1.0
2025-05-10 22:23:40,132 - src.augmentation.diffusion_pizza_generator - ERROR - Error loading diffusion model: CUDA out of memory. Tried to allocate 20.00 MiB. GPU 0 has a total capacity of 11.63 GiB of which 31.19 MiB is free. Including non-PyTorch memory, this process has 11.33 GiB memory in use. Of the allocated memory 11.23 GiB is allocated by PyTorch, and 1.93 MiB is reserved by PyTorch but unallocated. If reserved but unallocated memory is large try setting PYTORCH_CUDA_ALLOC_CONF=expandable_segments:True to avoid fragmentation.  See documentation for Memory Management  (https://pytorch.org/docs/stable/notes/cuda.html#environment-variables)
2025-05-10 22:23:40,132 - __main__ - ERROR - Error: CUDA out of memory. Tried to allocate 20.00 MiB. GPU 0 has a total capacity of 11.63 GiB of which 31.19 MiB is free. Including non-PyTorch memory, this process has 11.33 GiB memory in use. Of the allocated memory 11.23 GiB is allocated by PyTorch, and 1.93 MiB is reserved by PyTorch but unallocated. If reserved but unallocated memory is large try setting PYTORCH_CUDA_ALLOC_CONF=expandable_segments:True to avoid fragmentation.  See documentation for Memory Management  (https://pytorch.org/docs/stable/notes/cuda.html#environment-variables)
2025-05-10 22:41:46,491 - __main__ - INFO - All required dependencies are installed
2025-05-10 22:41:46,566 - __main__ - INFO - Using CUDA device: NVIDIA GeForce RTX 3060 with 11.6GB memory
2025-05-10 22:41:46,566 - __main__ - INFO - Generating dataset in data/synthetic/test_small_turbo/pizza_dataset_20250510_224146
2025-05-10 22:41:46,566 - __main__ - INFO - Using preset: small_diverse - A small but diverse dataset with all pizza types
2025-05-10 22:41:46,566 - __main__ - INFO - Using model preset: sdxl-turbo - Stable Diffusion XL Turbo - Faster generation with good quality
2025-05-10 22:41:46,566 - src.augmentation.diffusion_pizza_generator - INFO - Created output directories in data/synthetic/test_small_turbo/pizza_dataset_20250510_224146
2025-05-10 22:41:46,566 - src.augmentation.diffusion_pizza_generator - INFO - Loading sdxl model: stabilityai/sdxl-turbo
2025-05-10 22:45:47,193 - src.augmentation.diffusion_pizza_generator - ERROR - Error loading diffusion model: CUDA out of memory. Tried to allocate 42.00 MiB. GPU 0 has a total capacity of 11.63 GiB of which 60.62 MiB is free. Including non-PyTorch memory, this process has 11.33 GiB memory in use. Of the allocated memory 10.80 GiB is allocated by PyTorch, and 440.86 MiB is reserved by PyTorch but unallocated. If reserved but unallocated memory is large try setting PYTORCH_CUDA_ALLOC_CONF=expandable_segments:True to avoid fragmentation.  See documentation for Memory Management  (https://pytorch.org/docs/stable/notes/cuda.html#environment-variables)
2025-05-10 22:45:47,193 - __main__ - ERROR - Error: CUDA out of memory. Tried to allocate 42.00 MiB. GPU 0 has a total capacity of 11.63 GiB of which 60.62 MiB is free. Including non-PyTorch memory, this process has 11.33 GiB memory in use. Of the allocated memory 10.80 GiB is allocated by PyTorch, and 440.86 MiB is reserved by PyTorch but unallocated. If reserved but unallocated memory is large try setting PYTORCH_CUDA_ALLOC_CONF=expandable_segments:True to avoid fragmentation.  See documentation for Memory Management  (https://pytorch.org/docs/stable/notes/cuda.html#environment-variables)
2025-05-10 22:55:06,560 - __main__ - INFO - All required dependencies are installed
2025-05-10 22:55:06,631 - __main__ - INFO - Using CUDA device: NVIDIA GeForce RTX 3060 with 11.6GB memory
2025-05-10 22:55:06,631 - __main__ - INFO - Generating dataset in data/synthetic/pizza_dataset_20250510_225506
2025-05-10 22:55:06,631 - __main__ - INFO - Using preset: training_focused - Large dataset optimized for model training
2025-05-10 22:55:06,631 - __main__ - INFO - Using model preset: sdxl - Stable Diffusion XL 1.0 - High quality general purpose model
2025-05-10 22:55:06,632 - src.augmentation.diffusion_pizza_generator - INFO - Created output directories in data/synthetic/pizza_dataset_20250510_225506
2025-05-10 22:55:06,632 - src.augmentation.diffusion_pizza_generator - INFO - Loading sdxl model: stabilityai/stable-diffusion-xl-base-1.0
2025-05-10 22:55:09,730 - src.augmentation.diffusion_pizza_generator - ERROR - Error loading diffusion model: CUDA out of memory. Tried to allocate 42.00 MiB. GPU 0 has a total capacity of 11.63 GiB of which 53.69 MiB is free. Including non-PyTorch memory, this process has 11.33 GiB memory in use. Of the allocated memory 10.80 GiB is allocated by PyTorch, and 440.86 MiB is reserved by PyTorch but unallocated. If reserved but unallocated memory is large try setting PYTORCH_CUDA_ALLOC_CONF=expandable_segments:True to avoid fragmentation.  See documentation for Memory Management  (https://pytorch.org/docs/stable/notes/cuda.html#environment-variables)
2025-05-10 22:55:09,730 - __main__ - ERROR - Error: CUDA out of memory. Tried to allocate 42.00 MiB. GPU 0 has a total capacity of 11.63 GiB of which 53.69 MiB is free. Including non-PyTorch memory, this process has 11.33 GiB memory in use. Of the allocated memory 10.80 GiB is allocated by PyTorch, and 440.86 MiB is reserved by PyTorch but unallocated. If reserved but unallocated memory is large try setting PYTORCH_CUDA_ALLOC_CONF=expandable_segments:True to avoid fragmentation.  See documentation for Memory Management  (https://pytorch.org/docs/stable/notes/cuda.html#environment-variables)
2025-05-10 22:56:59,837 - __main__ - INFO - All required dependencies are installed
2025-05-10 22:56:59,906 - __main__ - INFO - Using CUDA device: NVIDIA GeForce RTX 3060 with 11.6GB memory
2025-05-10 22:56:59,906 - __main__ - INFO - Generating dataset in data/synthetic/pizza_dataset_20250510_225659
2025-05-10 22:56:59,906 - __main__ - INFO - Using preset: training_focused - Large dataset optimized for model training
2025-05-10 22:56:59,906 - __main__ - INFO - Using model preset: sdxl - Stable Diffusion XL 1.0 - High quality general purpose model
2025-05-10 22:56:59,907 - src.augmentation.diffusion_pizza_generator - INFO - Created output directories in data/synthetic/pizza_dataset_20250510_225659
2025-05-10 22:56:59,907 - src.augmentation.diffusion_pizza_generator - INFO - Loading sdxl model: stabilityai/stable-diffusion-xl-base-1.0
2025-05-10 22:57:02,945 - src.augmentation.diffusion_pizza_generator - ERROR - Error loading diffusion model: CUDA out of memory. Tried to allocate 42.00 MiB. GPU 0 has a total capacity of 11.63 GiB of which 46.69 MiB is free. Including non-PyTorch memory, this process has 11.33 GiB memory in use. Of the allocated memory 10.80 GiB is allocated by PyTorch, and 440.86 MiB is reserved by PyTorch but unallocated. If reserved but unallocated memory is large try setting PYTORCH_CUDA_ALLOC_CONF=expandable_segments:True to avoid fragmentation.  See documentation for Memory Management  (https://pytorch.org/docs/stable/notes/cuda.html#environment-variables)
2025-05-10 22:57:02,945 - __main__ - ERROR - Error: CUDA out of memory. Tried to allocate 42.00 MiB. GPU 0 has a total capacity of 11.63 GiB of which 46.69 MiB is free. Including non-PyTorch memory, this process has 11.33 GiB memory in use. Of the allocated memory 10.80 GiB is allocated by PyTorch, and 440.86 MiB is reserved by PyTorch but unallocated. If reserved but unallocated memory is large try setting PYTORCH_CUDA_ALLOC_CONF=expandable_segments:True to avoid fragmentation.  See documentation for Memory Management  (https://pytorch.org/docs/stable/notes/cuda.html#environment-variables)
