2025-05-19 22:09:17,325 - __main__ - INFO - Loaded 6 pizza classes from class definitions
2025-05-19 22:09:17,325 - __main__ - INFO - Loaded 6 pizza classes from class definitions
2025-05-19 22:09:17,325 - __main__ - INFO - Analyzing dataset distribution...
2025-05-19 22:10:28,161 - __main__ - INFO - Loaded 6 pizza classes from class definitions
2025-05-19 22:10:28,162 - __main__ - INFO - Loaded 6 pizza classes from class definitions
2025-05-19 22:10:28,162 - __main__ - INFO - Analyzing dataset distribution...
2025-05-19 22:10:45,255 - __main__ - INFO - Loaded 6 pizza classes from class definitions
2025-05-19 22:10:45,255 - __main__ - INFO - Running diffusion generator with preset: small_diverse, model: sd-food
2025-05-19 22:10:45,260 - __main__ - INFO - Running command: ./memory_optimized_generator.py --preset=small_diverse --model=sd-food --image_size=512 --batch_size=1 --offload_to_cpu --expand_segments --output_dir=data/synthetic/diffusion_run_20250519_221045
2025-05-19 22:10:45,458 - __main__ - ERROR - Generator failed with error: Command '['./memory_optimized_generator.py', '--preset=small_diverse', '--model=sd-food', '--image_size=512', '--batch_size=1', '--offload_to_cpu', '--expand_segments', '--output_dir=data/synthetic/diffusion_run_20250519_221045']' returned non-zero exit status 1.
2025-05-19 22:10:45,610 - __main__ - INFO - Loaded 6 pizza classes from class definitions
2025-05-19 22:10:45,611 - __main__ - INFO - Loaded 6 pizza classes from class definitions
2025-05-19 22:10:45,611 - __main__ - INFO - Organizing generated images into class directories...
2025-05-19 22:10:45,612 - __main__ - INFO - Processing latest generation directory: data/synthetic/pizza_dataset_20250510_225659
2025-05-19 22:10:45,613 - __main__ - INFO - Processed 0 images from data/synthetic/pizza_dataset_20250510_225659
2025-05-19 22:10:45,614 - __main__ - INFO - Updated generation stats in data/synthetic/generation_stats.json
2025-05-19 22:10:45,653 - __main__ - INFO - Loaded 6 pizza classes from class definitions
2025-05-19 22:10:45,653 - __main__ - INFO - Loaded 6 pizza classes from class definitions
2025-05-19 22:10:45,653 - __main__ - INFO - Creating quality control report...
2025-05-19 22:10:45,654 - __main__ - INFO - Created quality control report at output/data_analysis/quality_control/quality_control.html
2025-05-19 22:10:53,143 - __main__ - INFO - Loaded 6 pizza classes from class definitions
2025-05-19 22:10:53,144 - __main__ - INFO - Loaded 6 pizza classes from class definitions
2025-05-19 22:10:53,144 - __main__ - INFO - Integrating diffusion-generated images into main dataset...
2025-05-19 22:10:53,145 - __main__ - INFO - No images found in data/synthetic/basic
2025-05-19 22:10:53,145 - __main__ - INFO - No images found in data/synthetic/burnt
2025-05-19 22:10:53,145 - __main__ - INFO - No images found in data/synthetic/combined
2025-05-19 22:10:53,146 - __main__ - INFO - No images found in data/synthetic/mixed
2025-05-19 22:10:53,146 - __main__ - INFO - No images found in data/synthetic/progression
2025-05-19 22:10:53,146 - __main__ - INFO - No images found in data/synthetic/segment
2025-05-19 22:10:53,146 - __main__ - INFO - Integrated 0 images into the main dataset
