[2025-05-14 03:56:36] [INFO] ======= PHASE 1: SCRIPT VALIDATION =======
[2025-05-14 03:56:36] [INFO] Validating scripts...
[2025-05-14 03:58:03] [SUCCESS] Script validation completed successfully.
[2025-05-14 03:58:03] [INFO] ======= PHASE 2: PREPROCESSING =======
[2025-05-14 03:58:03] [INFO] Running CLAHE preprocessing...
[2025-05-14 03:58:03] [INFO] Running test_image_preprocessing.py...
[2025-05-14 03:58:06] [INFO] Finished test_image_preprocessing.py with status: success (duration: 3s)
[2025-05-14 03:58:06] [INFO] Running data augmentation...
[2025-05-14 03:58:06] [INFO] Running augment_dataset.py...
[2025-05-14 03:58:06] [WARNING] Error running augment_dataset.py. Retrying (1/2)...
[2025-05-14 03:58:08] [INFO] Retry 1 for augment_dataset.py...
[2025-05-14 03:58:08] [WARNING] Error running augment_dataset.py. Retrying (2/2)...
[2025-05-14 03:58:10] [INFO] Retry 2 for augment_dataset.py...
[2025-05-14 03:58:10] [ERROR] Error running augment_dataset.py after 2 retries. Check /home/emilio/Documents/ai/pizza/output/pipeline_runs/20250514_035636/logs/augment_dataset.log for details.
[2025-05-14 03:58:10] [INFO] Finished augment_dataset.py with status: failed (duration: 4s)
[2025-05-14 03:58:10] [WARNING] Data augmentation had issues, but continuing...
[2025-05-14 03:58:10] [INFO] ======= PHASE 3: MODEL OPTIMIZATION =======
[2025-05-14 03:58:10] [INFO] Running model optimization pipeline...
[2025-05-14 03:59:43] [INFO] ======= PHASE 4: TESTING =======
[2025-05-14 03:59:43] [INFO] Running automated test suite...
[2025-05-14 03:59:43] [INFO] Running run_pizza_tests.py...
[2025-05-14 03:59:43] [INFO] Finished run_pizza_tests.py with status: success (duration: 0s)
[2025-05-14 03:59:43] [INFO] Verifying model...
[2025-05-14 03:59:43] [INFO] Running verify_model.py...
[2025-05-14 03:59:43] [WARNING] Error running verify_model.py. Retrying (1/2)...
[2025-05-14 03:59:45] [INFO] Retry 1 for verify_model.py...
[2025-05-14 03:59:45] [WARNING] Error running verify_model.py. Retrying (2/2)...
[2025-05-14 03:59:47] [INFO] Retry 2 for verify_model.py...
[2025-05-14 03:59:47] [ERROR] Error running verify_model.py after 2 retries. Check /home/emilio/Documents/ai/pizza/output/pipeline_runs/20250514_035636/logs/verify_model.log for details.
[2025-05-14 03:59:47] [INFO] Finished verify_model.py with status: failed (duration: 4s)
[2025-05-14 03:59:47] [WARNING] Model verification had issues, but continuing...
[2025-05-14 03:59:47] [INFO] Testing temporal smoothing...
[2025-05-14 03:59:47] [INFO] Running test_temporal_smoothing.py...
[2025-05-14 03:59:50] [INFO] Finished test_temporal_smoothing.py with status: success (duration: 3s)
[2025-05-14 03:59:50] [INFO] ======= PHASE 5: INTEGRATION VALIDATION =======
[2025-05-14 03:59:50] [SUCCESS] Integration validation completed successfully.
[2025-05-14 03:59:50] [INFO] ======= PHASE 6: REPORTING =======
[2025-05-14 03:59:50] [INFO] Generating final reports...
[2025-05-14 03:59:51] [INFO] Analyzing performance...
[2025-05-14 03:59:51] [INFO] Running analyze_performance_logs.py...
[2025-05-14 03:59:51] [WARNING] Error running analyze_performance_logs.py. Retrying (1/2)...
[2025-05-14 03:59:53] [INFO] Retry 1 for analyze_performance_logs.py...
[2025-05-14 03:59:53] [WARNING] Error running analyze_performance_logs.py. Retrying (2/2)...
[2025-05-14 03:59:55] [INFO] Retry 2 for analyze_performance_logs.py...
[2025-05-14 03:59:55] [ERROR] Error running analyze_performance_logs.py after 2 retries. Check /home/emilio/Documents/ai/pizza/output/pipeline_runs/20250514_035636/logs/analyze_performance_logs.log for details.
[2025-05-14 03:59:55] [INFO] Finished analyze_performance_logs.py with status: failed (duration: 4s)
[2025-05-14 03:59:55] [WARNING] Performance analysis had issues, but continuing...
[2025-05-14 03:59:55] [INFO] Cleaning up...
[2025-05-14 03:59:55] [INFO] Running cleanup.py...
[2025-05-14 03:59:55] [INFO] Finished cleanup.py with status: success (duration: 0s)
[2025-05-14 03:59:55] [WARNING] Pipeline completed with some failed scripts. Check /home/emilio/Documents/ai/pizza/output/pipeline_runs/20250514_035636/logs/failed_scripts.log for details.
[2025-05-14 03:59:55] [INFO] Pipeline results available at: /home/emilio/Documents/ai/pizza/output/pipeline_runs/20250514_035636
