[2025-05-14 01:16:42] [INFO] ======= PHASE 1: SCRIPT VALIDATION =======
[2025-05-14 01:16:42] [INFO] Validating scripts...
[2025-05-14 01:17:48] [SUCCESS] Script validation completed successfully.
[2025-05-14 01:17:48] [INFO] ======= PHASE 2: PREPROCESSING =======
[2025-05-14 01:17:48] [INFO] Running CLAHE preprocessing...
[2025-05-14 01:17:48] [INFO] Running test_image_preprocessing.py...
[2025-05-14 01:17:48] [WARNING] Error running test_image_preprocessing.py. Retrying (1/2)...
[2025-05-14 01:17:50] [INFO] Retry 1 for test_image_preprocessing.py...
[2025-05-14 01:17:51] [WARNING] Error running test_image_preprocessing.py. Retrying (2/2)...
[2025-05-14 01:17:53] [INFO] Retry 2 for test_image_preprocessing.py...
[2025-05-14 01:17:53] [ERROR] Error running test_image_preprocessing.py after 2 retries. Check /home/emilio/Documents/ai/pizza/output/pipeline_runs/20250514_011642/logs/test_image_preprocessing.log for details.
[2025-05-14 01:17:53] [INFO] Finished test_image_preprocessing.py with status: failed (duration: 5s)
[2025-05-14 01:17:53] [WARNING] CLAHE preprocessing had issues, but continuing...
[2025-05-14 01:17:53] [INFO] Running data augmentation...
[2025-05-14 01:17:53] [INFO] Running augment_dataset.py...
[2025-05-14 01:17:53] [WARNING] Error running augment_dataset.py. Retrying (1/2)...
[2025-05-14 01:17:55] [INFO] Retry 1 for augment_dataset.py...
[2025-05-14 01:17:55] [WARNING] Error running augment_dataset.py. Retrying (2/2)...
[2025-05-14 01:17:57] [INFO] Retry 2 for augment_dataset.py...
[2025-05-14 01:17:57] [ERROR] Error running augment_dataset.py after 2 retries. Check /home/emilio/Documents/ai/pizza/output/pipeline_runs/20250514_011642/logs/augment_dataset.log for details.
[2025-05-14 01:17:57] [INFO] Finished augment_dataset.py with status: failed (duration: 4s)
[2025-05-14 01:17:57] [WARNING] Data augmentation had issues, but continuing...
[2025-05-14 01:17:57] [INFO] ======= PHASE 3: MODEL OPTIMIZATION =======
[2025-05-14 01:17:57] [INFO] Running model optimization pipeline...
[2025-05-14 01:17:57] [WARNING] Model optimization had issues, but continuing...
[2025-05-14 01:17:57] [INFO] ======= PHASE 4: TESTING =======
[2025-05-14 01:17:57] [INFO] Running automated test suite...
[2025-05-14 01:17:57] [INFO] Running run_pizza_tests.py...
[2025-05-14 01:17:57] [INFO] Finished run_pizza_tests.py with status: success (duration: 0s)
[2025-05-14 01:17:57] [INFO] Verifying model...
[2025-05-14 01:17:57] [INFO] Running verify_model.py...
[2025-05-14 01:17:57] [WARNING] Error running verify_model.py. Retrying (1/2)...
[2025-05-14 01:17:59] [INFO] Retry 1 for verify_model.py...
[2025-05-14 01:17:59] [WARNING] Error running verify_model.py. Retrying (2/2)...
[2025-05-14 01:18:01] [INFO] Retry 2 for verify_model.py...
[2025-05-14 01:18:01] [ERROR] Error running verify_model.py after 2 retries. Check /home/emilio/Documents/ai/pizza/output/pipeline_runs/20250514_011642/logs/verify_model.log for details.
[2025-05-14 01:18:01] [INFO] Finished verify_model.py with status: failed (duration: 4s)
[2025-05-14 01:18:01] [WARNING] Model verification had issues, but continuing...
[2025-05-14 01:18:01] [INFO] Testing temporal smoothing...
[2025-05-14 01:18:01] [INFO] Running test_temporal_smoothing.py...
[2025-05-14 01:18:05] [INFO] Finished test_temporal_smoothing.py with status: success (duration: 4s)
[2025-05-14 01:18:05] [INFO] ======= PHASE 5: INTEGRATION VALIDATION =======
[2025-05-14 01:18:05] [SUCCESS] Integration validation completed successfully.
[2025-05-14 01:18:05] [INFO] ======= PHASE 6: REPORTING =======
[2025-05-14 01:18:05] [INFO] Generating final reports...
