[2025-05-14 01:23:46] Starting optimization pipeline...
[2025-05-14 01:23:46] === Stage 1: CNN Model Comparison ===
[2025-05-14 01:23:46] Running compare_tiny_cnns.py...
[2025-05-14 01:23:49] Error running compare_tiny_cnns.py. Retrying (1/2)...
[2025-05-14 01:23:51] Retry 1 for compare_tiny_cnns.py...
[2025-05-14 01:23:53] Error running compare_tiny_cnns.py. Retrying (2/2)...
[2025-05-14 01:23:55] Retry 2 for compare_tiny_cnns.py...
[2025-05-14 01:23:58] Error running compare_tiny_cnns.py after 2 retries. Check output/optimization/logs/compare_tiny_cnns.py.log for details.
[2025-05-14 01:23:58] Finished compare_tiny_cnns.py with status: failed (duration: 12s)
[2025-05-14 01:23:58] Warning: compare_tiny_cnns.py failed, but continuing...
[2025-05-14 01:23:58] Running compare_se_models.py...
[2025-05-14 01:24:23] Finished compare_se_models.py with status: success (duration: 24s)
[2025-05-14 01:24:23] Running compare_inverted_residual.py...
[2025-05-14 01:24:25] Error running compare_inverted_residual.py. Retrying (1/2)...
[2025-05-14 01:24:27] Retry 1 for compare_inverted_residual.py...
[2025-05-14 01:24:29] Error running compare_inverted_residual.py. Retrying (2/2)...
[2025-05-14 01:24:31] Retry 2 for compare_inverted_residual.py...
[2025-05-14 01:24:34] Error running compare_inverted_residual.py after 2 retries. Check output/optimization/logs/compare_inverted_residual.py.log for details.
[2025-05-14 01:24:34] Finished compare_inverted_residual.py with status: failed (duration: 11s)
[2025-05-14 01:24:34] Warning: compare_inverted_residual.py failed, but continuing...
[2025-05-14 01:24:34] Running compare_hard_swish.py...
[2025-05-14 01:24:51] Finished compare_hard_swish.py with status: success (duration: 17s)
[2025-05-14 01:24:51] === Stage 2: Model Pruning and Clustering ===
[2025-05-14 01:24:51] Running run_pruning_clustering.py...
[2025-05-14 01:24:53] Error running run_pruning_clustering.py. Retrying (1/2)...
[2025-05-14 01:24:55] Retry 1 for run_pruning_clustering.py...
[2025-05-14 01:24:57] Error running run_pruning_clustering.py. Retrying (2/2)...
[2025-05-14 01:24:59] Retry 2 for run_pruning_clustering.py...
[2025-05-14 01:25:01] Error running run_pruning_clustering.py after 2 retries. Check output/optimization/logs/run_pruning_clustering.py.log for details.
[2025-05-14 01:25:01] Finished run_pruning_clustering.py with status: failed (duration: 10s)
[2025-05-14 01:25:01] Warning: run_pruning_clustering.py failed, but continuing...
[2025-05-14 01:25:01] === Stage 3: Knowledge Distillation ===
[2025-05-14 01:25:01] Running knowledge_distillation.py...
[2025-05-14 01:25:03] Error running knowledge_distillation.py. Retrying (1/2)...
[2025-05-14 01:25:05] Retry 1 for knowledge_distillation.py...
[2025-05-14 01:25:07] Error running knowledge_distillation.py. Retrying (2/2)...
[2025-05-14 01:25:09] Retry 2 for knowledge_distillation.py...
[2025-05-14 01:25:11] Error running knowledge_distillation.py after 2 retries. Check output/optimization/logs/knowledge_distillation.py.log for details.
[2025-05-14 01:25:11] Finished knowledge_distillation.py with status: failed (duration: 10s)
[2025-05-14 01:25:11] Warning: knowledge_distillation.py failed, but continuing...
[2025-05-14 01:25:11] === Stage 4: Quantization ===
[2025-05-14 01:25:11] Running quantization_aware_training.py...
[2025-05-14 01:25:13] Error running quantization_aware_training.py. Retrying (1/2)...
[2025-05-14 01:25:15] Retry 1 for quantization_aware_training.py...
[2025-05-14 01:25:17] Error running quantization_aware_training.py. Retrying (2/2)...
[2025-05-14 01:25:19] Retry 2 for quantization_aware_training.py...
[2025-05-14 01:25:21] Error running quantization_aware_training.py after 2 retries. Check output/optimization/logs/quantization_aware_training.py.log for details.
[2025-05-14 01:25:21] Finished quantization_aware_training.py with status: failed (duration: 10s)
[2025-05-14 01:25:21] Warning: quantization_aware_training.py failed, but continuing...
[2025-05-14 01:25:21] Generating optimization summary...
[2025-05-14 01:28:59] Starting optimization pipeline...
[2025-05-14 01:28:59] === Stage 1: CNN Model Comparison ===
[2025-05-14 01:28:59] Running compare_tiny_cnns.py...
[2025-05-14 01:29:02] Error running compare_tiny_cnns.py. Retrying (1/2)...
[2025-05-14 01:29:04] Retry 1 for compare_tiny_cnns.py...
[2025-05-14 01:29:06] Error running compare_tiny_cnns.py. Retrying (2/2)...
[2025-05-14 01:29:08] Retry 2 for compare_tiny_cnns.py...
[2025-05-14 01:29:11] Error running compare_tiny_cnns.py after 2 retries. Check output/optimization/logs/compare_tiny_cnns.py.log for details.
[2025-05-14 01:29:11] Finished compare_tiny_cnns.py with status: failed (duration: 12s)
[2025-05-14 01:29:11] Warning: compare_tiny_cnns.py failed, but continuing...
[2025-05-14 01:29:11] Running compare_se_models.py...
[2025-05-14 01:29:35] Finished compare_se_models.py with status: success (duration: 24s)
[2025-05-14 01:29:35] Running compare_inverted_residual.py...
[2025-05-14 01:29:37] Error running compare_inverted_residual.py. Retrying (1/2)...
[2025-05-14 01:29:39] Retry 1 for compare_inverted_residual.py...
[2025-05-14 01:29:42] Error running compare_inverted_residual.py. Retrying (2/2)...
[2025-05-14 01:29:44] Retry 2 for compare_inverted_residual.py...
[2025-05-14 01:29:46] Error running compare_inverted_residual.py after 2 retries. Check output/optimization/logs/compare_inverted_residual.py.log for details.
[2025-05-14 01:29:46] Finished compare_inverted_residual.py with status: failed (duration: 11s)
[2025-05-14 01:29:46] Warning: compare_inverted_residual.py failed, but continuing...
[2025-05-14 01:29:46] Running compare_hard_swish.py...
[2025-05-14 01:30:04] Finished compare_hard_swish.py with status: success (duration: 18s)
[2025-05-14 01:30:04] === Stage 2: Model Pruning and Clustering ===
[2025-05-14 01:30:04] Running run_pruning_clustering.py...
[2025-05-14 01:30:05] Error running run_pruning_clustering.py. Retrying (1/2)...
[2025-05-14 01:30:07] Retry 1 for run_pruning_clustering.py...
[2025-05-14 01:30:09] Error running run_pruning_clustering.py. Retrying (2/2)...
[2025-05-14 01:30:11] Retry 2 for run_pruning_clustering.py...
[2025-05-14 01:30:13] Error running run_pruning_clustering.py after 2 retries. Check output/optimization/logs/run_pruning_clustering.py.log for details.
[2025-05-14 01:30:13] Finished run_pruning_clustering.py with status: failed (duration: 9s)
[2025-05-14 01:30:13] Warning: run_pruning_clustering.py failed, but continuing...
[2025-05-14 01:30:13] === Stage 3: Knowledge Distillation ===
[2025-05-14 01:30:13] Running knowledge_distillation.py...
[2025-05-14 01:30:15] Error running knowledge_distillation.py. Retrying (1/2)...
[2025-05-14 01:30:17] Retry 1 for knowledge_distillation.py...
[2025-05-14 01:30:19] Error running knowledge_distillation.py. Retrying (2/2)...
[2025-05-14 01:30:21] Retry 2 for knowledge_distillation.py...
[2025-05-14 01:30:23] Error running knowledge_distillation.py after 2 retries. Check output/optimization/logs/knowledge_distillation.py.log for details.
[2025-05-14 01:30:23] Finished knowledge_distillation.py with status: failed (duration: 10s)
[2025-05-14 01:30:23] Warning: knowledge_distillation.py failed, but continuing...
[2025-05-14 01:30:23] === Stage 4: Quantization ===
[2025-05-14 01:30:23] Running quantization_aware_training.py...
[2025-05-14 01:30:25] Error running quantization_aware_training.py. Retrying (1/2)...
[2025-05-14 01:30:27] Retry 1 for quantization_aware_training.py...
[2025-05-14 01:30:30] Error running quantization_aware_training.py. Retrying (2/2)...
[2025-05-14 01:30:32] Retry 2 for quantization_aware_training.py...
[2025-05-14 01:30:34] Error running quantization_aware_training.py after 2 retries. Check output/optimization/logs/quantization_aware_training.py.log for details.
[2025-05-14 01:30:34] Finished quantization_aware_training.py with status: failed (duration: 11s)
[2025-05-14 01:30:34] Warning: quantization_aware_training.py failed, but continuing...
[2025-05-14 01:30:34] Generating optimization summary...
[2025-05-14 01:34:40] Starting optimization pipeline...
[2025-05-14 01:34:40] === Stage 1: CNN Model Comparison ===
[2025-05-14 01:34:40] Running compare_tiny_cnns.py...
[2025-05-14 01:35:05] Finished compare_tiny_cnns.py with status: success (duration: 25s)
[2025-05-14 01:35:05] Running compare_se_models.py...
[2025-05-14 01:35:39] Finished compare_se_models.py with status: success (duration: 34s)
[2025-05-14 01:35:39] Running compare_inverted_residual.py...
[2025-05-14 01:35:42] Error running compare_inverted_residual.py. Retrying (1/2)...
[2025-05-14 01:35:44] Retry 1 for compare_inverted_residual.py...
[2025-05-14 01:35:47] Error running compare_inverted_residual.py. Retrying (2/2)...
[2025-05-14 01:35:49] Retry 2 for compare_inverted_residual.py...
[2025-05-14 01:35:53] Error running compare_inverted_residual.py after 2 retries. Check output/optimization/logs/compare_inverted_residual.py.log for details.
[2025-05-14 01:35:53] Finished compare_inverted_residual.py with status: failed (duration: 14s)
[2025-05-14 01:35:53] Warning: compare_inverted_residual.py failed, but continuing...
[2025-05-14 01:35:53] Running compare_hard_swish.py...
[2025-05-14 01:36:16] Finished compare_hard_swish.py with status: success (duration: 23s)
[2025-05-14 01:36:16] === Stage 2: Model Pruning and Clustering ===
[2025-05-14 01:36:16] Running run_pruning_clustering.py...
[2025-05-14 01:36:19] Error running run_pruning_clustering.py. Retrying (1/2)...
[2025-05-14 01:36:21] Retry 1 for run_pruning_clustering.py...
[2025-05-14 01:36:23] Error running run_pruning_clustering.py. Retrying (2/2)...
[2025-05-14 01:36:25] Retry 2 for run_pruning_clustering.py...
[2025-05-14 01:36:27] Error running run_pruning_clustering.py after 2 retries. Check output/optimization/logs/run_pruning_clustering.py.log for details.
[2025-05-14 01:36:27] Finished run_pruning_clustering.py with status: failed (duration: 11s)
[2025-05-14 01:36:27] Warning: run_pruning_clustering.py failed, but continuing...
[2025-05-14 01:36:27] === Stage 3: Knowledge Distillation ===
[2025-05-14 01:36:27] Running knowledge_distillation.py...
[2025-05-14 01:36:30] Error running knowledge_distillation.py. Retrying (1/2)...
[2025-05-14 01:36:32] Retry 1 for knowledge_distillation.py...
[2025-05-14 01:36:34] Error running knowledge_distillation.py. Retrying (2/2)...
[2025-05-14 01:36:36] Retry 2 for knowledge_distillation.py...
[2025-05-14 01:36:38] Error running knowledge_distillation.py after 2 retries. Check output/optimization/logs/knowledge_distillation.py.log for details.
[2025-05-14 01:36:38] Finished knowledge_distillation.py with status: failed (duration: 11s)
[2025-05-14 01:36:38] Warning: knowledge_distillation.py failed, but continuing...
[2025-05-14 01:36:38] === Stage 4: Quantization ===
[2025-05-14 01:36:38] Running quantization_aware_training.py...
[2025-05-14 01:36:40] Error running quantization_aware_training.py. Retrying (1/2)...
[2025-05-14 01:36:42] Retry 1 for quantization_aware_training.py...
[2025-05-14 01:36:45] Error running quantization_aware_training.py. Retrying (2/2)...
[2025-05-14 01:36:47] Retry 2 for quantization_aware_training.py...
[2025-05-14 01:36:49] Error running quantization_aware_training.py after 2 retries. Check output/optimization/logs/quantization_aware_training.py.log for details.
[2025-05-14 01:36:49] Finished quantization_aware_training.py with status: failed (duration: 11s)
[2025-05-14 01:36:49] Warning: quantization_aware_training.py failed, but continuing...
[2025-05-14 01:36:49] Generating optimization summary...
[2025-05-14 01:46:24] Starting optimization pipeline...
[2025-05-14 01:46:24] === Stage 1: CNN Model Comparison ===
[2025-05-14 01:46:24] Running compare_tiny_cnns.py...
[2025-05-14 01:46:48] Finished compare_tiny_cnns.py with status: success (duration: 24s)
[2025-05-14 01:46:48] Running compare_se_models.py...
[2025-05-14 01:47:23] Finished compare_se_models.py with status: success (duration: 35s)
[2025-05-14 01:47:23] Running compare_inverted_residual.py...
[2025-05-14 01:47:27] Error running compare_inverted_residual.py. Retrying (1/2)...
[2025-05-14 01:47:29] Retry 1 for compare_inverted_residual.py...
[2025-05-14 01:47:32] Error running compare_inverted_residual.py. Retrying (2/2)...
[2025-05-14 01:47:34] Retry 2 for compare_inverted_residual.py...
[2025-05-14 01:47:38] Error running compare_inverted_residual.py after 2 retries. Check output/optimization/logs/compare_inverted_residual.py.log for details.
[2025-05-14 01:47:38] Finished compare_inverted_residual.py with status: failed (duration: 15s)
[2025-05-14 01:47:38] Warning: compare_inverted_residual.py failed, but continuing...
[2025-05-14 01:47:38] Running compare_hard_swish.py...
[2025-05-14 01:48:03] Finished compare_hard_swish.py with status: success (duration: 25s)
[2025-05-14 01:48:03] === Stage 2: Model Pruning and Clustering ===
[2025-05-14 01:48:03] Running run_pruning_clustering.py...
[2025-05-14 01:48:06] Error running run_pruning_clustering.py. Retrying (1/2)...
[2025-05-14 01:48:08] Retry 1 for run_pruning_clustering.py...
[2025-05-14 01:48:11] Error running run_pruning_clustering.py. Retrying (2/2)...
[2025-05-14 01:48:13] Retry 2 for run_pruning_clustering.py...
[2025-05-14 01:48:16] Error running run_pruning_clustering.py after 2 retries. Check output/optimization/logs/run_pruning_clustering.py.log for details.
[2025-05-14 01:48:16] Finished run_pruning_clustering.py with status: failed (duration: 13s)
[2025-05-14 01:48:16] Warning: run_pruning_clustering.py failed, but continuing...
[2025-05-14 01:48:16] === Stage 3: Knowledge Distillation ===
[2025-05-14 01:48:16] Running knowledge_distillation.py...
[2025-05-14 01:48:19] Error running knowledge_distillation.py. Retrying (1/2)...
[2025-05-14 01:48:21] Retry 1 for knowledge_distillation.py...
[2025-05-14 01:48:24] Error running knowledge_distillation.py. Retrying (2/2)...
[2025-05-14 01:48:26] Retry 2 for knowledge_distillation.py...
[2025-05-14 01:48:29] Error running knowledge_distillation.py after 2 retries. Check output/optimization/logs/knowledge_distillation.py.log for details.
[2025-05-14 01:48:29] Finished knowledge_distillation.py with status: failed (duration: 13s)
[2025-05-14 01:48:29] Warning: knowledge_distillation.py failed, but continuing...
[2025-05-14 01:48:29] === Stage 4: Quantization ===
[2025-05-14 01:48:29] Running quantization_aware_training.py...
[2025-05-14 01:48:31] Error running quantization_aware_training.py. Retrying (1/2)...
[2025-05-14 01:48:33] Retry 1 for quantization_aware_training.py...
[2025-05-14 01:48:36] Error running quantization_aware_training.py. Retrying (2/2)...
[2025-05-14 01:48:38] Retry 2 for quantization_aware_training.py...
[2025-05-14 01:48:41] Error running quantization_aware_training.py after 2 retries. Check output/optimization/logs/quantization_aware_training.py.log for details.
[2025-05-14 01:48:41] Finished quantization_aware_training.py with status: failed (duration: 12s)
[2025-05-14 01:48:41] Warning: quantization_aware_training.py failed, but continuing...
[2025-05-14 01:48:41] Generating optimization summary...
[2025-05-14 01:48:42] Optimization pipeline completed.
[2025-05-14 01:52:01] Starting optimization pipeline...
[2025-05-14 01:52:01] === Stage 1: CNN Model Comparison ===
[2025-05-14 01:52:01] Running compare_tiny_cnns.py...
[2025-05-14 01:52:19] Finished compare_tiny_cnns.py with status: success (duration: 18s)
[2025-05-14 01:52:19] Running compare_se_models.py...
[2025-05-14 01:52:44] Finished compare_se_models.py with status: success (duration: 25s)
[2025-05-14 01:52:44] Running compare_inverted_residual.py...
[2025-05-14 01:52:46] Error running compare_inverted_residual.py. Retrying (1/2)...
[2025-05-14 01:52:48] Retry 1 for compare_inverted_residual.py...
[2025-05-14 01:52:51] Error running compare_inverted_residual.py. Retrying (2/2)...
[2025-05-14 01:52:53] Retry 2 for compare_inverted_residual.py...
[2025-05-14 01:52:55] Error running compare_inverted_residual.py after 2 retries. Check output/optimization/logs/compare_inverted_residual.py.log for details.
[2025-05-14 01:52:55] Finished compare_inverted_residual.py with status: failed (duration: 11s)
[2025-05-14 01:52:55] Warning: compare_inverted_residual.py failed, but continuing...
[2025-05-14 01:52:55] Running compare_hard_swish.py...
[2025-05-14 01:53:12] Finished compare_hard_swish.py with status: success (duration: 17s)
[2025-05-14 01:53:12] === Stage 2: Model Pruning and Clustering ===
[2025-05-14 01:53:12] Running run_pruning_clustering.py...
[2025-05-14 01:53:14] Error running run_pruning_clustering.py. Retrying (1/2)...
[2025-05-14 01:53:16] Retry 1 for run_pruning_clustering.py...
[2025-05-14 01:53:18] Error running run_pruning_clustering.py. Retrying (2/2)...
[2025-05-14 01:53:20] Retry 2 for run_pruning_clustering.py...
[2025-05-14 01:53:22] Error running run_pruning_clustering.py after 2 retries. Check output/optimization/logs/run_pruning_clustering.py.log for details.
[2025-05-14 01:53:22] Finished run_pruning_clustering.py with status: failed (duration: 10s)
[2025-05-14 01:53:22] Warning: run_pruning_clustering.py failed, but continuing...
[2025-05-14 01:53:22] === Stage 3: Knowledge Distillation ===
[2025-05-14 01:53:22] Running knowledge_distillation.py...
[2025-05-14 01:53:24] Error running knowledge_distillation.py. Retrying (1/2)...
[2025-05-14 01:53:26] Retry 1 for knowledge_distillation.py...
[2025-05-14 01:53:28] Error running knowledge_distillation.py. Retrying (2/2)...
[2025-05-14 01:53:30] Retry 2 for knowledge_distillation.py...
[2025-05-14 01:53:32] Error running knowledge_distillation.py after 2 retries. Check output/optimization/logs/knowledge_distillation.py.log for details.
[2025-05-14 01:53:32] Finished knowledge_distillation.py with status: failed (duration: 10s)
[2025-05-14 01:53:32] Warning: knowledge_distillation.py failed, but continuing...
[2025-05-14 01:53:32] === Stage 4: Quantization ===
[2025-05-14 01:53:32] Running quantization_aware_training.py...
[2025-05-14 01:53:34] Error running quantization_aware_training.py. Retrying (1/2)...
[2025-05-14 01:53:36] Retry 1 for quantization_aware_training.py...
[2025-05-14 01:53:38] Error running quantization_aware_training.py. Retrying (2/2)...
[2025-05-14 01:53:40] Retry 2 for quantization_aware_training.py...
[2025-05-14 01:53:42] Error running quantization_aware_training.py after 2 retries. Check output/optimization/logs/quantization_aware_training.py.log for details.
[2025-05-14 01:53:42] Finished quantization_aware_training.py with status: failed (duration: 10s)
[2025-05-14 01:53:42] Warning: quantization_aware_training.py failed, but continuing...
[2025-05-14 01:53:42] Generating optimization summary...
[2025-05-14 01:53:42] Optimization pipeline completed.
[2025-05-14 03:15:35] Starting optimization pipeline...
[2025-05-14 03:15:35] === Stage 1: CNN Model Comparison ===
[2025-05-14 03:15:35] Running compare_tiny_cnns.py...
[2025-05-14 03:15:47] Finished compare_tiny_cnns.py with status: success (duration: 12s)
[2025-05-14 03:15:47] Running compare_se_models.py...
[2025-05-14 03:16:08] Finished compare_se_models.py with status: success (duration: 21s)
[2025-05-14 03:16:08] Running compare_inverted_residual.py...
[2025-05-14 03:16:11] Error running compare_inverted_residual.py. Retrying (1/2)...
[2025-05-14 03:16:13] Retry 1 for compare_inverted_residual.py...
[2025-05-14 03:16:15] Error running compare_inverted_residual.py. Retrying (2/2)...
[2025-05-14 03:16:17] Retry 2 for compare_inverted_residual.py...
[2025-05-14 03:16:20] Error running compare_inverted_residual.py after 2 retries. Check output/optimization/logs/compare_inverted_residual.py.log for details.
[2025-05-14 03:16:20] Finished compare_inverted_residual.py with status: failed (duration: 12s)
[2025-05-14 03:16:20] Warning: compare_inverted_residual.py failed, but continuing...
[2025-05-14 03:16:20] Running compare_hard_swish.py...
[2025-05-14 03:16:36] Finished compare_hard_swish.py with status: success (duration: 16s)
[2025-05-14 03:16:36] === Stage 2: Model Pruning and Clustering ===
[2025-05-14 03:16:36] Running run_pruning_clustering.py...
[2025-05-14 03:16:38] Error running run_pruning_clustering.py. Retrying (1/2)...
[2025-05-14 03:16:40] Retry 1 for run_pruning_clustering.py...
[2025-05-14 03:16:42] Error running run_pruning_clustering.py. Retrying (2/2)...
[2025-05-14 03:16:44] Retry 2 for run_pruning_clustering.py...
[2025-05-14 03:16:46] Error running run_pruning_clustering.py after 2 retries. Check output/optimization/logs/run_pruning_clustering.py.log for details.
[2025-05-14 03:16:46] Finished run_pruning_clustering.py with status: failed (duration: 10s)
[2025-05-14 03:16:46] Warning: run_pruning_clustering.py failed, but continuing...
[2025-05-14 03:16:46] === Stage 3: Knowledge Distillation ===
[2025-05-14 03:16:46] Running knowledge_distillation.py...
[2025-05-14 03:16:48] Error running knowledge_distillation.py. Retrying (1/2)...
[2025-05-14 03:16:50] Retry 1 for knowledge_distillation.py...
[2025-05-14 03:16:52] Error running knowledge_distillation.py. Retrying (2/2)...
[2025-05-14 03:16:54] Retry 2 for knowledge_distillation.py...
[2025-05-14 03:16:56] Error running knowledge_distillation.py after 2 retries. Check output/optimization/logs/knowledge_distillation.py.log for details.
[2025-05-14 03:16:56] Finished knowledge_distillation.py with status: failed (duration: 10s)
[2025-05-14 03:16:56] Warning: knowledge_distillation.py failed, but continuing...
[2025-05-14 03:16:56] === Stage 4: Quantization ===
[2025-05-14 03:16:56] Running quantization_aware_training.py...
[2025-05-14 03:16:58] Error running quantization_aware_training.py. Retrying (1/2)...
[2025-05-14 03:17:00] Retry 1 for quantization_aware_training.py...
[2025-05-14 03:17:02] Error running quantization_aware_training.py. Retrying (2/2)...
[2025-05-14 03:17:04] Retry 2 for quantization_aware_training.py...
[2025-05-14 03:17:06] Error running quantization_aware_training.py after 2 retries. Check output/optimization/logs/quantization_aware_training.py.log for details.
[2025-05-14 03:17:06] Finished quantization_aware_training.py with status: failed (duration: 10s)
[2025-05-14 03:17:06] Warning: quantization_aware_training.py failed, but continuing...
[2025-05-14 03:17:06] Generating optimization summary...
[2025-05-14 03:17:06] Optimization pipeline completed.
[2025-05-14 03:23:03] Starting optimization pipeline...
[2025-05-14 03:23:03] === Stage 1: CNN Model Comparison ===
[2025-05-14 03:23:03] Running compare_tiny_cnns.py...
[2025-05-14 03:23:20] Finished compare_tiny_cnns.py with status: success (duration: 17s)
[2025-05-14 03:23:20] Running compare_se_models.py...
[2025-05-14 03:23:45] Finished compare_se_models.py with status: success (duration: 25s)
[2025-05-14 03:23:45] Running compare_inverted_residual.py...
[2025-05-14 03:23:48] Error running compare_inverted_residual.py. Retrying (1/2)...
[2025-05-14 03:23:50] Retry 1 for compare_inverted_residual.py...
[2025-05-14 03:23:52] Error running compare_inverted_residual.py. Retrying (2/2)...
[2025-05-14 03:23:54] Retry 2 for compare_inverted_residual.py...
[2025-05-14 03:23:57] Error running compare_inverted_residual.py after 2 retries. Check output/optimization/logs/compare_inverted_residual.py.log for details.
[2025-05-14 03:23:57] Finished compare_inverted_residual.py with status: failed (duration: 12s)
[2025-05-14 03:23:57] Warning: compare_inverted_residual.py failed, but continuing...
[2025-05-14 03:23:57] Running compare_hard_swish.py...
[2025-05-14 03:24:15] Finished compare_hard_swish.py with status: success (duration: 18s)
[2025-05-14 03:24:15] === Stage 2: Model Pruning and Clustering ===
[2025-05-14 03:24:15] Running run_pruning_clustering.py...
[2025-05-14 03:24:17] Error running run_pruning_clustering.py. Retrying (1/2)...
[2025-05-14 03:24:19] Retry 1 for run_pruning_clustering.py...
[2025-05-14 03:24:21] Error running run_pruning_clustering.py. Retrying (2/2)...
[2025-05-14 03:24:23] Retry 2 for run_pruning_clustering.py...
[2025-05-14 03:24:25] Error running run_pruning_clustering.py after 2 retries. Check output/optimization/logs/run_pruning_clustering.py.log for details.
[2025-05-14 03:24:25] Finished run_pruning_clustering.py with status: failed (duration: 10s)
[2025-05-14 03:24:25] Warning: run_pruning_clustering.py failed, but continuing...
[2025-05-14 03:24:25] === Stage 3: Knowledge Distillation ===
[2025-05-14 03:24:25] Running knowledge_distillation.py...
[2025-05-14 03:24:27] Error running knowledge_distillation.py. Retrying (1/2)...
[2025-05-14 03:24:29] Retry 1 for knowledge_distillation.py...
[2025-05-14 03:24:31] Error running knowledge_distillation.py. Retrying (2/2)...
[2025-05-14 03:24:33] Retry 2 for knowledge_distillation.py...
[2025-05-14 03:24:35] Error running knowledge_distillation.py after 2 retries. Check output/optimization/logs/knowledge_distillation.py.log for details.
[2025-05-14 03:24:35] Finished knowledge_distillation.py with status: failed (duration: 10s)
[2025-05-14 03:24:35] Warning: knowledge_distillation.py failed, but continuing...
[2025-05-14 03:24:35] === Stage 4: Quantization ===
[2025-05-14 03:24:35] Running quantization_aware_training.py...
[2025-05-14 03:24:37] Error running quantization_aware_training.py. Retrying (1/2)...
[2025-05-14 03:24:39] Retry 1 for quantization_aware_training.py...
[2025-05-14 03:24:41] Error running quantization_aware_training.py. Retrying (2/2)...
[2025-05-14 03:24:43] Retry 2 for quantization_aware_training.py...
[2025-05-14 03:24:45] Error running quantization_aware_training.py after 2 retries. Check output/optimization/logs/quantization_aware_training.py.log for details.
[2025-05-14 03:24:45] Finished quantization_aware_training.py with status: failed (duration: 10s)
[2025-05-14 03:24:45] Warning: quantization_aware_training.py failed, but continuing...
[2025-05-14 03:24:45] Generating optimization summary...
[2025-05-14 03:24:46] Optimization pipeline completed.
[2025-05-14 03:37:30] Starting optimization pipeline...
[2025-05-14 03:37:30] === Stage 1: CNN Model Comparison ===
[2025-05-14 03:37:30] Running compare_tiny_cnns.py...
[2025-05-14 03:37:47] Finished compare_tiny_cnns.py with status: success (duration: 17s)
[2025-05-14 03:37:47] Running compare_se_models.py...
[2025-05-14 03:38:10] Finished compare_se_models.py with status: success (duration: 23s)
[2025-05-14 03:38:10] Running compare_inverted_residual.py...
[2025-05-14 03:38:13] Error running compare_inverted_residual.py. Retrying (1/2)...
[2025-05-14 03:38:15] Retry 1 for compare_inverted_residual.py...
[2025-05-14 03:38:17] Error running compare_inverted_residual.py. Retrying (2/2)...
[2025-05-14 03:38:19] Retry 2 for compare_inverted_residual.py...
[2025-05-14 03:38:21] Error running compare_inverted_residual.py after 2 retries. Check output/optimization/logs/compare_inverted_residual.py.log for details.
[2025-05-14 03:38:21] Finished compare_inverted_residual.py with status: failed (duration: 11s)
[2025-05-14 03:38:21] Warning: compare_inverted_residual.py failed, but continuing...
[2025-05-14 03:38:21] Running compare_hard_swish.py...
[2025-05-14 03:38:38] Finished compare_hard_swish.py with status: success (duration: 17s)
[2025-05-14 03:38:38] === Stage 2: Model Pruning and Clustering ===
[2025-05-14 03:38:38] Running run_pruning_clustering.py...
[2025-05-14 03:38:40] Error running run_pruning_clustering.py. Retrying (1/2)...
[2025-05-14 03:38:42] Retry 1 for run_pruning_clustering.py...
[2025-05-14 03:38:44] Error running run_pruning_clustering.py. Retrying (2/2)...
[2025-05-14 03:38:46] Retry 2 for run_pruning_clustering.py...
[2025-05-14 03:38:48] Error running run_pruning_clustering.py after 2 retries. Check output/optimization/logs/run_pruning_clustering.py.log for details.
[2025-05-14 03:38:48] Finished run_pruning_clustering.py with status: failed (duration: 10s)
[2025-05-14 03:38:48] Warning: run_pruning_clustering.py failed, but continuing...
[2025-05-14 03:38:48] === Stage 3: Knowledge Distillation ===
[2025-05-14 03:38:48] Running knowledge_distillation.py...
[2025-05-14 03:38:49] Error running knowledge_distillation.py. Retrying (1/2)...
[2025-05-14 03:38:51] Retry 1 for knowledge_distillation.py...
[2025-05-14 03:38:53] Error running knowledge_distillation.py. Retrying (2/2)...
[2025-05-14 03:38:55] Retry 2 for knowledge_distillation.py...
[2025-05-14 03:38:57] Error running knowledge_distillation.py after 2 retries. Check output/optimization/logs/knowledge_distillation.py.log for details.
[2025-05-14 03:38:57] Finished knowledge_distillation.py with status: failed (duration: 9s)
[2025-05-14 03:38:57] Warning: knowledge_distillation.py failed, but continuing...
[2025-05-14 03:38:57] === Stage 4: Quantization ===
[2025-05-14 03:38:57] Running quantization_aware_training.py...
[2025-05-14 03:38:59] Error running quantization_aware_training.py. Retrying (1/2)...
[2025-05-14 03:39:01] Retry 1 for quantization_aware_training.py...
[2025-05-14 03:39:03] Error running quantization_aware_training.py. Retrying (2/2)...
[2025-05-14 03:39:05] Retry 2 for quantization_aware_training.py...
[2025-05-14 03:39:07] Error running quantization_aware_training.py after 2 retries. Check output/optimization/logs/quantization_aware_training.py.log for details.
[2025-05-14 03:39:07] Finished quantization_aware_training.py with status: failed (duration: 10s)
[2025-05-14 03:39:07] Warning: quantization_aware_training.py failed, but continuing...
[2025-05-14 03:39:07] Generating optimization summary...
[2025-05-14 03:39:08] Optimization pipeline completed.
[2025-05-14 03:58:10] Starting optimization pipeline...
[2025-05-14 03:58:10] === Stage 1: CNN Model Comparison ===
[2025-05-14 03:58:10] Running compare_tiny_cnns.py...
[2025-05-14 03:58:22] Finished compare_tiny_cnns.py with status: success (duration: 12s)
[2025-05-14 03:58:22] Running compare_se_models.py...
[2025-05-14 03:58:45] Finished compare_se_models.py with status: success (duration: 23s)
[2025-05-14 03:58:45] Running compare_inverted_residual.py...
[2025-05-14 03:58:48] Error running compare_inverted_residual.py. Retrying (1/2)...
[2025-05-14 03:58:50] Retry 1 for compare_inverted_residual.py...
[2025-05-14 03:58:52] Error running compare_inverted_residual.py. Retrying (2/2)...
[2025-05-14 03:58:54] Retry 2 for compare_inverted_residual.py...
[2025-05-14 03:58:56] Error running compare_inverted_residual.py after 2 retries. Check output/optimization/logs/compare_inverted_residual.py.log for details.
[2025-05-14 03:58:56] Finished compare_inverted_residual.py with status: failed (duration: 11s)
[2025-05-14 03:58:56] Warning: compare_inverted_residual.py failed, but continuing...
[2025-05-14 03:58:56] Running compare_hard_swish.py...
[2025-05-14 03:59:13] Finished compare_hard_swish.py with status: success (duration: 17s)
[2025-05-14 03:59:13] === Stage 2: Model Pruning and Clustering ===
[2025-05-14 03:59:13] Running run_pruning_clustering.py...
[2025-05-14 03:59:15] Error running run_pruning_clustering.py. Retrying (1/2)...
[2025-05-14 03:59:17] Retry 1 for run_pruning_clustering.py...
[2025-05-14 03:59:19] Error running run_pruning_clustering.py. Retrying (2/2)...
[2025-05-14 03:59:21] Retry 2 for run_pruning_clustering.py...
[2025-05-14 03:59:23] Error running run_pruning_clustering.py after 2 retries. Check output/optimization/logs/run_pruning_clustering.py.log for details.
[2025-05-14 03:59:23] Finished run_pruning_clustering.py with status: failed (duration: 10s)
[2025-05-14 03:59:23] Warning: run_pruning_clustering.py failed, but continuing...
[2025-05-14 03:59:23] === Stage 3: Knowledge Distillation ===
[2025-05-14 03:59:23] Running knowledge_distillation.py...
[2025-05-14 03:59:25] Error running knowledge_distillation.py. Retrying (1/2)...
[2025-05-14 03:59:27] Retry 1 for knowledge_distillation.py...
[2025-05-14 03:59:29] Error running knowledge_distillation.py. Retrying (2/2)...
[2025-05-14 03:59:31] Retry 2 for knowledge_distillation.py...
[2025-05-14 03:59:33] Error running knowledge_distillation.py after 2 retries. Check output/optimization/logs/knowledge_distillation.py.log for details.
[2025-05-14 03:59:33] Finished knowledge_distillation.py with status: failed (duration: 10s)
[2025-05-14 03:59:33] Warning: knowledge_distillation.py failed, but continuing...
[2025-05-14 03:59:33] === Stage 4: Quantization ===
[2025-05-14 03:59:33] Running quantization_aware_training.py...
[2025-05-14 03:59:34] Error running quantization_aware_training.py. Retrying (1/2)...
[2025-05-14 03:59:36] Retry 1 for quantization_aware_training.py...
[2025-05-14 03:59:38] Error running quantization_aware_training.py. Retrying (2/2)...
[2025-05-14 03:59:40] Retry 2 for quantization_aware_training.py...
[2025-05-14 03:59:42] Error running quantization_aware_training.py after 2 retries. Check output/optimization/logs/quantization_aware_training.py.log for details.
[2025-05-14 03:59:42] Finished quantization_aware_training.py with status: failed (duration: 9s)
[2025-05-14 03:59:42] Warning: quantization_aware_training.py failed, but continuing...
[2025-05-14 03:59:42] Generating optimization summary...
[2025-05-14 03:59:43] Optimization pipeline completed.
[2025-05-14 04:07:44] Starting optimization pipeline...
[2025-05-14 04:07:44] === Stage 1: CNN Model Comparison ===
[2025-05-14 04:07:44] Running compare_tiny_cnns.py...
[2025-05-14 04:08:01] Finished compare_tiny_cnns.py with status: success (duration: 17s)
[2025-05-14 04:08:01] Running compare_se_models.py...
[2025-05-14 04:08:24] Finished compare_se_models.py with status: success (duration: 23s)
[2025-05-14 04:08:24] Running compare_inverted_residual.py...
[2025-05-14 04:08:27] Error running compare_inverted_residual.py. Retrying (1/2)...
[2025-05-14 04:08:29] Retry 1 for compare_inverted_residual.py...
[2025-05-14 04:08:31] Error running compare_inverted_residual.py. Retrying (2/2)...
[2025-05-14 04:08:33] Retry 2 for compare_inverted_residual.py...
[2025-05-14 04:08:35] Error running compare_inverted_residual.py after 2 retries. Check output/optimization/logs/compare_inverted_residual.py.log for details.
[2025-05-14 04:08:35] Finished compare_inverted_residual.py with status: failed (duration: 11s)
[2025-05-14 04:08:35] Warning: compare_inverted_residual.py failed, but continuing...
[2025-05-14 04:08:35] Running compare_hard_swish.py...
[2025-05-14 04:08:52] Finished compare_hard_swish.py with status: success (duration: 17s)
[2025-05-14 04:08:52] === Stage 2: Model Pruning and Clustering ===
[2025-05-14 04:08:52] Running run_pruning_clustering.py...
[2025-05-14 04:08:54] Error running run_pruning_clustering.py. Retrying (1/2)...
[2025-05-14 04:08:56] Retry 1 for run_pruning_clustering.py...
[2025-05-14 04:08:58] Error running run_pruning_clustering.py. Retrying (2/2)...
[2025-05-14 04:09:00] Retry 2 for run_pruning_clustering.py...
[2025-05-14 04:09:02] Error running run_pruning_clustering.py after 2 retries. Check output/optimization/logs/run_pruning_clustering.py.log for details.
[2025-05-14 04:09:02] Finished run_pruning_clustering.py with status: failed (duration: 10s)
[2025-05-14 04:09:02] Warning: run_pruning_clustering.py failed, but continuing...
[2025-05-14 04:09:02] === Stage 3: Knowledge Distillation ===
[2025-05-14 04:09:02] Running knowledge_distillation.py...
[2025-05-14 04:09:04] Error running knowledge_distillation.py. Retrying (1/2)...
[2025-05-14 04:09:06] Retry 1 for knowledge_distillation.py...
[2025-05-14 04:09:08] Error running knowledge_distillation.py. Retrying (2/2)...
[2025-05-14 04:09:10] Retry 2 for knowledge_distillation.py...
[2025-05-14 04:09:12] Error running knowledge_distillation.py after 2 retries. Check output/optimization/logs/knowledge_distillation.py.log for details.
[2025-05-14 04:09:12] Finished knowledge_distillation.py with status: failed (duration: 10s)
[2025-05-14 04:09:12] Warning: knowledge_distillation.py failed, but continuing...
[2025-05-14 04:09:12] === Stage 4: Quantization ===
[2025-05-14 04:09:12] Running quantization_aware_training.py...
[2025-05-14 04:09:14] Error running quantization_aware_training.py. Retrying (1/2)...
[2025-05-14 04:09:16] Retry 1 for quantization_aware_training.py...
[2025-05-14 04:09:18] Error running quantization_aware_training.py. Retrying (2/2)...
[2025-05-14 04:09:20] Retry 2 for quantization_aware_training.py...
[2025-05-14 04:09:22] Error running quantization_aware_training.py after 2 retries. Check output/optimization/logs/quantization_aware_training.py.log for details.
[2025-05-14 04:09:22] Finished quantization_aware_training.py with status: failed (duration: 10s)
[2025-05-14 04:09:22] Warning: quantization_aware_training.py failed, but continuing...
[2025-05-14 04:09:22] Generating optimization summary...
[2025-05-14 04:09:22] Optimization pipeline completed.
[2025-05-14 04:14:25] Starting optimization pipeline...
[2025-05-14 04:14:25] === Stage 1: CNN Model Comparison ===
[2025-05-14 04:14:25] Running compare_tiny_cnns.py...
[2025-05-14 04:14:48] Finished compare_tiny_cnns.py with status: success (duration: 23s)
[2025-05-14 04:14:48] Running compare_se_models.py...
[2025-05-14 04:15:16] Finished compare_se_models.py with status: success (duration: 28s)
[2025-05-14 04:15:16] Running compare_inverted_residual.py...
[2025-05-14 04:15:19] Error running compare_inverted_residual.py. Retrying (1/2)...
[2025-05-14 04:15:21] Retry 1 for compare_inverted_residual.py...
[2025-05-14 04:15:23] Error running compare_inverted_residual.py. Retrying (2/2)...
[2025-05-14 04:15:25] Retry 2 for compare_inverted_residual.py...
[2025-05-14 04:15:28] Error running compare_inverted_residual.py after 2 retries. Check output/optimization/logs/compare_inverted_residual.py.log for details.
[2025-05-14 04:15:28] Finished compare_inverted_residual.py with status: failed (duration: 12s)
[2025-05-14 04:15:28] Warning: compare_inverted_residual.py failed, but continuing...
[2025-05-14 04:15:28] Running compare_hard_swish.py...
[2025-05-14 04:15:45] Finished compare_hard_swish.py with status: success (duration: 17s)
[2025-05-14 04:15:45] === Stage 2: Model Pruning and Clustering ===
[2025-05-14 04:15:45] Running run_pruning_clustering.py...
[2025-05-14 04:15:47] Error running run_pruning_clustering.py. Retrying (1/2)...
[2025-05-14 04:15:49] Retry 1 for run_pruning_clustering.py...
[2025-05-14 04:15:51] Error running run_pruning_clustering.py. Retrying (2/2)...
[2025-05-14 04:15:53] Retry 2 for run_pruning_clustering.py...
[2025-05-14 04:15:55] Error running run_pruning_clustering.py after 2 retries. Check output/optimization/logs/run_pruning_clustering.py.log for details.
[2025-05-14 04:15:55] Finished run_pruning_clustering.py with status: failed (duration: 10s)
[2025-05-14 04:15:55] Warning: run_pruning_clustering.py failed, but continuing...
[2025-05-14 04:15:55] === Stage 3: Knowledge Distillation ===
[2025-05-14 04:15:55] Running knowledge_distillation.py...
[2025-05-14 04:15:57] Error running knowledge_distillation.py. Retrying (1/2)...
[2025-05-14 04:15:59] Retry 1 for knowledge_distillation.py...
[2025-05-14 04:16:01] Error running knowledge_distillation.py. Retrying (2/2)...
[2025-05-14 04:16:03] Retry 2 for knowledge_distillation.py...
[2025-05-14 04:16:05] Error running knowledge_distillation.py after 2 retries. Check output/optimization/logs/knowledge_distillation.py.log for details.
[2025-05-14 04:16:05] Finished knowledge_distillation.py with status: failed (duration: 10s)
[2025-05-14 04:16:05] Warning: knowledge_distillation.py failed, but continuing...
[2025-05-14 04:16:05] === Stage 4: Quantization ===
[2025-05-14 04:16:05] Running quantization_aware_training.py...
[2025-05-14 04:16:07] Error running quantization_aware_training.py. Retrying (1/2)...
[2025-05-14 04:16:09] Retry 1 for quantization_aware_training.py...
[2025-05-14 04:16:10] Error running quantization_aware_training.py. Retrying (2/2)...
[2025-05-14 04:16:12] Retry 2 for quantization_aware_training.py...
[2025-05-14 04:16:14] Error running quantization_aware_training.py after 2 retries. Check output/optimization/logs/quantization_aware_training.py.log for details.
[2025-05-14 04:16:15] Finished quantization_aware_training.py with status: failed (duration: 9s)
[2025-05-14 04:16:15] Warning: quantization_aware_training.py failed, but continuing...
[2025-05-14 04:16:15] Generating optimization summary...
[2025-05-14 04:16:15] Optimization pipeline completed.
[2025-05-14 04:23:14] Starting optimization pipeline...
[2025-05-14 04:23:14] === Stage 1: CNN Model Comparison ===
[2025-05-14 04:23:14] Running compare_tiny_cnns.py...
[2025-05-14 04:23:35] Finished compare_tiny_cnns.py with status: success (duration: 21s)
[2025-05-14 04:23:35] Running compare_se_models.py...
[2025-05-14 04:23:59] Finished compare_se_models.py with status: success (duration: 24s)
[2025-05-14 04:23:59] Running compare_inverted_residual.py...
[2025-05-14 04:24:02] Error running compare_inverted_residual.py. Retrying (1/2)...
[2025-05-14 04:24:04] Retry 1 for compare_inverted_residual.py...
[2025-05-14 04:24:06] Error running compare_inverted_residual.py. Retrying (2/2)...
[2025-05-14 04:24:08] Retry 2 for compare_inverted_residual.py...
[2025-05-14 04:24:10] Error running compare_inverted_residual.py after 2 retries. Check output/optimization/logs/compare_inverted_residual.py.log for details.
[2025-05-14 04:24:10] Finished compare_inverted_residual.py with status: failed (duration: 11s)
[2025-05-14 04:24:10] Warning: compare_inverted_residual.py failed, but continuing...
[2025-05-14 04:24:10] Running compare_hard_swish.py...
[2025-05-14 04:24:27] Finished compare_hard_swish.py with status: success (duration: 17s)
[2025-05-14 04:24:27] === Stage 2: Model Pruning and Clustering ===
[2025-05-14 04:24:27] Running run_pruning_clustering.py...
[2025-05-14 04:24:29] Error running run_pruning_clustering.py. Retrying (1/2)...
[2025-05-14 04:24:31] Retry 1 for run_pruning_clustering.py...
[2025-05-14 04:24:33] Error running run_pruning_clustering.py. Retrying (2/2)...
[2025-05-14 04:24:35] Retry 2 for run_pruning_clustering.py...
[2025-05-14 04:24:37] Error running run_pruning_clustering.py after 2 retries. Check output/optimization/logs/run_pruning_clustering.py.log for details.
[2025-05-14 04:24:37] Finished run_pruning_clustering.py with status: failed (duration: 10s)
[2025-05-14 04:24:37] Warning: run_pruning_clustering.py failed, but continuing...
[2025-05-14 04:24:37] === Stage 3: Knowledge Distillation ===
[2025-05-14 04:24:37] Running knowledge_distillation.py...
[2025-05-14 04:24:39] Error running knowledge_distillation.py. Retrying (1/2)...
[2025-05-14 04:24:41] Retry 1 for knowledge_distillation.py...
[2025-05-14 04:24:42] Error running knowledge_distillation.py. Retrying (2/2)...
[2025-05-14 04:24:44] Retry 2 for knowledge_distillation.py...
[2025-05-14 04:24:46] Error running knowledge_distillation.py after 2 retries. Check output/optimization/logs/knowledge_distillation.py.log for details.
[2025-05-14 04:24:46] Finished knowledge_distillation.py with status: failed (duration: 9s)
[2025-05-14 04:24:46] Warning: knowledge_distillation.py failed, but continuing...
[2025-05-14 04:24:46] === Stage 4: Quantization ===
[2025-05-14 04:24:46] Running quantization_aware_training.py...
[2025-05-14 04:24:48] Error running quantization_aware_training.py. Retrying (1/2)...
[2025-05-14 04:24:50] Retry 1 for quantization_aware_training.py...
[2025-05-14 04:24:52] Error running quantization_aware_training.py. Retrying (2/2)...
[2025-05-14 04:24:54] Retry 2 for quantization_aware_training.py...
[2025-05-14 04:24:56] Error running quantization_aware_training.py after 2 retries. Check output/optimization/logs/quantization_aware_training.py.log for details.
[2025-05-14 04:24:56] Finished quantization_aware_training.py with status: failed (duration: 10s)
[2025-05-14 04:24:56] Warning: quantization_aware_training.py failed, but continuing...
[2025-05-14 04:24:56] Generating optimization summary...
[2025-05-14 04:24:57] Optimization pipeline completed.
[2025-05-14 04:28:30] Starting optimization pipeline...
[2025-05-14 04:28:30] === Stage 1: CNN Model Comparison ===
[2025-05-14 04:28:30] Running compare_tiny_cnns.py...
[2025-05-14 04:28:53] Finished compare_tiny_cnns.py with status: success (duration: 23s)
[2025-05-14 04:28:53] Running compare_se_models.py...
[2025-05-14 04:29:17] Finished compare_se_models.py with status: success (duration: 24s)
[2025-05-14 04:29:17] Running compare_inverted_residual.py...
[2025-05-14 04:29:19] Error running compare_inverted_residual.py. Retrying (1/2)...
[2025-05-14 04:29:21] Retry 1 for compare_inverted_residual.py...
[2025-05-14 04:29:24] Error running compare_inverted_residual.py. Retrying (2/2)...
[2025-05-14 04:29:26] Retry 2 for compare_inverted_residual.py...
[2025-05-14 04:29:28] Error running compare_inverted_residual.py after 2 retries. Check output/optimization/logs/compare_inverted_residual.py.log for details.
[2025-05-14 04:29:28] Finished compare_inverted_residual.py with status: failed (duration: 11s)
[2025-05-14 04:29:28] Warning: compare_inverted_residual.py failed, but continuing...
[2025-05-14 04:29:28] Running compare_hard_swish.py...
[2025-05-14 04:29:45] Finished compare_hard_swish.py with status: success (duration: 17s)
[2025-05-14 04:29:45] === Stage 2: Model Pruning and Clustering ===
[2025-05-14 04:29:45] Running run_pruning_clustering.py...
[2025-05-14 04:29:47] Error running run_pruning_clustering.py. Retrying (1/2)...
[2025-05-14 04:29:49] Retry 1 for run_pruning_clustering.py...
[2025-05-14 04:29:51] Error running run_pruning_clustering.py. Retrying (2/2)...
[2025-05-14 04:29:53] Retry 2 for run_pruning_clustering.py...
[2025-05-14 04:29:55] Error running run_pruning_clustering.py after 2 retries. Check output/optimization/logs/run_pruning_clustering.py.log for details.
[2025-05-14 04:29:55] Finished run_pruning_clustering.py with status: failed (duration: 10s)
[2025-05-14 04:29:55] Warning: run_pruning_clustering.py failed, but continuing...
[2025-05-14 04:29:55] === Stage 3: Knowledge Distillation ===
[2025-05-14 04:29:55] Running knowledge_distillation.py...
[2025-05-14 04:29:57] Error running knowledge_distillation.py. Retrying (1/2)...
[2025-05-14 04:29:59] Retry 1 for knowledge_distillation.py...
[2025-05-14 04:30:01] Error running knowledge_distillation.py. Retrying (2/2)...
[2025-05-14 04:30:03] Retry 2 for knowledge_distillation.py...
[2025-05-14 04:30:05] Error running knowledge_distillation.py after 2 retries. Check output/optimization/logs/knowledge_distillation.py.log for details.
[2025-05-14 04:30:05] Finished knowledge_distillation.py with status: failed (duration: 10s)
[2025-05-14 04:30:05] Warning: knowledge_distillation.py failed, but continuing...
[2025-05-14 04:30:05] === Stage 4: Quantization ===
[2025-05-14 04:30:05] Running quantization_aware_training.py...
[2025-05-14 04:30:07] Error running quantization_aware_training.py. Retrying (1/2)...
[2025-05-14 04:30:09] Retry 1 for quantization_aware_training.py...
[2025-05-14 04:30:11] Error running quantization_aware_training.py. Retrying (2/2)...
[2025-05-14 04:30:13] Retry 2 for quantization_aware_training.py...
[2025-05-14 04:30:15] Error running quantization_aware_training.py after 2 retries. Check output/optimization/logs/quantization_aware_training.py.log for details.
[2025-05-14 04:30:15] Finished quantization_aware_training.py with status: failed (duration: 10s)
[2025-05-14 04:30:15] Warning: quantization_aware_training.py failed, but continuing...
[2025-05-14 04:30:15] Generating optimization summary...
[2025-05-14 04:30:16] Optimization pipeline completed.
[2025-05-14 04:33:59] Starting optimization pipeline...
[2025-05-14 04:33:59] === Stage 1: CNN Model Comparison ===
[2025-05-14 04:33:59] Running compare_tiny_cnns.py...
[2025-05-14 04:34:17] Finished compare_tiny_cnns.py with status: success (duration: 18s)
[2025-05-14 04:34:17] Running compare_se_models.py...
[2025-05-14 04:34:41] Finished compare_se_models.py with status: success (duration: 24s)
[2025-05-14 04:34:41] Running compare_inverted_residual.py...
[2025-05-14 04:34:44] Error running compare_inverted_residual.py. Retrying (1/2)...
[2025-05-14 04:34:46] Retry 1 for compare_inverted_residual.py...
[2025-05-14 04:34:48] Error running compare_inverted_residual.py. Retrying (2/2)...
[2025-05-14 04:34:50] Retry 2 for compare_inverted_residual.py...
[2025-05-14 04:34:53] Error running compare_inverted_residual.py after 2 retries. Check output/optimization/logs/compare_inverted_residual.py.log for details.
[2025-05-14 04:34:53] Finished compare_inverted_residual.py with status: failed (duration: 12s)
[2025-05-14 04:34:53] Warning: compare_inverted_residual.py failed, but continuing...
[2025-05-14 04:34:53] Running compare_hard_swish.py...
[2025-05-14 04:35:10] Finished compare_hard_swish.py with status: success (duration: 17s)
[2025-05-14 04:35:10] === Stage 2: Model Pruning and Clustering ===
[2025-05-14 04:35:10] Running run_pruning_clustering.py...
[2025-05-14 04:35:11] Error running run_pruning_clustering.py. Retrying (1/2)...
[2025-05-14 04:35:14] Retry 1 for run_pruning_clustering.py...
[2025-05-14 04:35:15] Error running run_pruning_clustering.py. Retrying (2/2)...
[2025-05-14 04:35:17] Retry 2 for run_pruning_clustering.py...
[2025-05-14 04:35:19] Error running run_pruning_clustering.py after 2 retries. Check output/optimization/logs/run_pruning_clustering.py.log for details.
[2025-05-14 04:35:19] Finished run_pruning_clustering.py with status: failed (duration: 9s)
[2025-05-14 04:35:19] Warning: run_pruning_clustering.py failed, but continuing...
[2025-05-14 04:35:19] === Stage 3: Knowledge Distillation ===
[2025-05-14 04:35:19] Running knowledge_distillation.py...
[2025-05-14 04:35:21] Error running knowledge_distillation.py. Retrying (1/2)...
[2025-05-14 04:35:23] Retry 1 for knowledge_distillation.py...
[2025-05-14 04:35:25] Error running knowledge_distillation.py. Retrying (2/2)...
[2025-05-14 04:35:27] Retry 2 for knowledge_distillation.py...
[2025-05-14 04:35:29] Error running knowledge_distillation.py after 2 retries. Check output/optimization/logs/knowledge_distillation.py.log for details.
[2025-05-14 04:35:29] Finished knowledge_distillation.py with status: failed (duration: 10s)
[2025-05-14 04:35:29] Warning: knowledge_distillation.py failed, but continuing...
[2025-05-14 04:35:29] === Stage 4: Quantization ===
[2025-05-14 04:35:29] Running quantization_aware_training.py...
[2025-05-14 04:35:31] Error running quantization_aware_training.py. Retrying (1/2)...
[2025-05-14 04:35:33] Retry 1 for quantization_aware_training.py...
[2025-05-14 04:35:35] Error running quantization_aware_training.py. Retrying (2/2)...
[2025-05-14 04:35:37] Retry 2 for quantization_aware_training.py...
[2025-05-14 04:35:39] Error running quantization_aware_training.py after 2 retries. Check output/optimization/logs/quantization_aware_training.py.log for details.
[2025-05-14 04:35:39] Finished quantization_aware_training.py with status: failed (duration: 10s)
[2025-05-14 04:35:39] Warning: quantization_aware_training.py failed, but continuing...
[2025-05-14 04:35:39] Generating optimization summary...
[2025-05-14 04:35:40] Optimization pipeline completed.
[2025-05-14 04:39:37] Starting optimization pipeline...
[2025-05-14 04:39:37] === Stage 1: CNN Model Comparison ===
[2025-05-14 04:39:37] Running compare_tiny_cnns.py...
[2025-05-14 04:39:54] Finished compare_tiny_cnns.py with status: success (duration: 17s)
[2025-05-14 04:39:54] Running compare_se_models.py...
[2025-05-14 04:40:18] Finished compare_se_models.py with status: success (duration: 24s)
[2025-05-14 04:40:18] Running compare_inverted_residual.py...
[2025-05-14 04:40:21] Error running compare_inverted_residual.py. Retrying (1/2)...
[2025-05-14 04:40:23] Retry 1 for compare_inverted_residual.py...
[2025-05-14 04:40:25] Error running compare_inverted_residual.py. Retrying (2/2)...
[2025-05-14 04:40:27] Retry 2 for compare_inverted_residual.py...
[2025-05-14 04:40:30] Error running compare_inverted_residual.py after 2 retries. Check output/optimization/logs/compare_inverted_residual.py.log for details.
[2025-05-14 04:40:30] Finished compare_inverted_residual.py with status: failed (duration: 12s)
[2025-05-14 04:40:30] Warning: compare_inverted_residual.py failed, but continuing...
[2025-05-14 04:40:30] Running compare_hard_swish.py...
[2025-05-14 04:40:47] Finished compare_hard_swish.py with status: success (duration: 17s)
[2025-05-14 04:40:47] === Stage 2: Model Pruning and Clustering ===
[2025-05-14 04:40:47] Running run_pruning_clustering.py...
[2025-05-14 04:40:49] Error running run_pruning_clustering.py. Retrying (1/2)...
[2025-05-14 04:40:51] Retry 1 for run_pruning_clustering.py...
[2025-05-14 04:40:53] Error running run_pruning_clustering.py. Retrying (2/2)...
[2025-05-14 04:40:55] Retry 2 for run_pruning_clustering.py...
[2025-05-14 04:40:57] Error running run_pruning_clustering.py after 2 retries. Check output/optimization/logs/run_pruning_clustering.py.log for details.
[2025-05-14 04:40:57] Finished run_pruning_clustering.py with status: failed (duration: 10s)
[2025-05-14 04:40:57] Warning: run_pruning_clustering.py failed, but continuing...
[2025-05-14 04:40:57] === Stage 3: Knowledge Distillation ===
[2025-05-14 04:40:57] Running knowledge_distillation.py...
[2025-05-14 04:40:59] Error running knowledge_distillation.py. Retrying (1/2)...
[2025-05-14 04:41:01] Retry 1 for knowledge_distillation.py...
[2025-05-14 04:41:03] Error running knowledge_distillation.py. Retrying (2/2)...
[2025-05-14 04:41:05] Retry 2 for knowledge_distillation.py...
[2025-05-14 04:41:07] Error running knowledge_distillation.py after 2 retries. Check output/optimization/logs/knowledge_distillation.py.log for details.
[2025-05-14 04:41:07] Finished knowledge_distillation.py with status: failed (duration: 10s)
[2025-05-14 04:41:07] Warning: knowledge_distillation.py failed, but continuing...
[2025-05-14 04:41:07] === Stage 4: Quantization ===
[2025-05-14 04:41:07] Running quantization_aware_training.py...
[2025-05-14 04:41:09] Error running quantization_aware_training.py. Retrying (1/2)...
[2025-05-14 04:41:11] Retry 1 for quantization_aware_training.py...
[2025-05-14 04:41:13] Error running quantization_aware_training.py. Retrying (2/2)...
[2025-05-14 04:41:15] Retry 2 for quantization_aware_training.py...
[2025-05-14 04:41:17] Error running quantization_aware_training.py after 2 retries. Check output/optimization/logs/quantization_aware_training.py.log for details.
[2025-05-14 04:41:17] Finished quantization_aware_training.py with status: failed (duration: 10s)
[2025-05-14 04:41:17] Warning: quantization_aware_training.py failed, but continuing...
[2025-05-14 04:41:17] Generating optimization summary...
[2025-05-14 04:41:17] Optimization pipeline completed.
[2025-05-14 04:44:28] Starting optimization pipeline...
[2025-05-14 04:44:28] === Stage 1: CNN Model Comparison ===
[2025-05-14 04:44:28] Running compare_tiny_cnns.py...
[2025-05-14 04:44:46] Finished compare_tiny_cnns.py with status: success (duration: 18s)
[2025-05-14 04:44:46] Running compare_se_models.py...
[2025-05-14 04:45:11] Finished compare_se_models.py with status: success (duration: 24s)
[2025-05-14 04:45:11] Running compare_inverted_residual.py...
[2025-05-14 04:45:13] Error running compare_inverted_residual.py. Retrying (1/2)...
[2025-05-14 04:45:15] Retry 1 for compare_inverted_residual.py...
[2025-05-14 04:45:17] Error running compare_inverted_residual.py. Retrying (2/2)...
[2025-05-14 04:45:19] Retry 2 for compare_inverted_residual.py...
[2025-05-14 04:45:22] Error running compare_inverted_residual.py after 2 retries. Check output/optimization/logs/compare_inverted_residual.py.log for details.
[2025-05-14 04:45:22] Finished compare_inverted_residual.py with status: failed (duration: 11s)
[2025-05-14 04:45:22] Warning: compare_inverted_residual.py failed, but continuing...
[2025-05-14 04:45:22] Running compare_hard_swish.py...
[2025-05-14 04:45:39] Finished compare_hard_swish.py with status: success (duration: 17s)
[2025-05-14 04:45:39] === Stage 2: Model Pruning and Clustering ===
[2025-05-14 04:45:39] Running run_pruning_clustering.py...
[2025-05-14 04:45:41] Error running run_pruning_clustering.py. Retrying (1/2)...
[2025-05-14 04:45:43] Retry 1 for run_pruning_clustering.py...
[2025-05-14 04:45:45] Error running run_pruning_clustering.py. Retrying (2/2)...
[2025-05-14 04:45:47] Retry 2 for run_pruning_clustering.py...
[2025-05-14 04:45:49] Error running run_pruning_clustering.py after 2 retries. Check output/optimization/logs/run_pruning_clustering.py.log for details.
[2025-05-14 04:45:49] Finished run_pruning_clustering.py with status: failed (duration: 10s)
[2025-05-14 04:45:49] Warning: run_pruning_clustering.py failed, but continuing...
[2025-05-14 04:45:49] === Stage 3: Knowledge Distillation ===
[2025-05-14 04:45:49] Running knowledge_distillation.py...
[2025-05-14 04:45:51] Error running knowledge_distillation.py. Retrying (1/2)...
[2025-05-14 04:45:53] Retry 1 for knowledge_distillation.py...
[2025-05-14 04:45:55] Error running knowledge_distillation.py. Retrying (2/2)...
[2025-05-14 04:45:57] Retry 2 for knowledge_distillation.py...
[2025-05-14 04:45:59] Error running knowledge_distillation.py after 2 retries. Check output/optimization/logs/knowledge_distillation.py.log for details.
[2025-05-14 04:45:59] Finished knowledge_distillation.py with status: failed (duration: 10s)
[2025-05-14 04:45:59] Warning: knowledge_distillation.py failed, but continuing...
[2025-05-14 04:45:59] === Stage 4: Quantization ===
[2025-05-14 04:45:59] Running quantization_aware_training.py...
[2025-05-14 04:46:01] Error running quantization_aware_training.py. Retrying (1/2)...
[2025-05-14 04:46:03] Retry 1 for quantization_aware_training.py...
[2025-05-14 04:46:05] Error running quantization_aware_training.py. Retrying (2/2)...
[2025-05-14 04:46:07] Retry 2 for quantization_aware_training.py...
[2025-05-14 04:46:09] Error running quantization_aware_training.py after 2 retries. Check output/optimization/logs/quantization_aware_training.py.log for details.
[2025-05-14 04:46:09] Finished quantization_aware_training.py with status: failed (duration: 10s)
[2025-05-14 04:46:09] Warning: quantization_aware_training.py failed, but continuing...
[2025-05-14 04:46:09] Generating optimization summary...
[2025-05-14 04:46:09] Optimization pipeline completed.
[2025-05-14 04:51:55] Starting optimization pipeline...
[2025-05-14 04:51:55] === Stage 1: CNN Model Comparison ===
[2025-05-14 04:51:55] Running compare_tiny_cnns.py...
[2025-05-14 04:52:12] Finished compare_tiny_cnns.py with status: success (duration: 17s)
[2025-05-14 04:52:12] Running compare_se_models.py...
[2025-05-14 04:52:37] Finished compare_se_models.py with status: success (duration: 25s)
[2025-05-14 04:52:37] Running compare_inverted_residual.py...
[2025-05-14 04:52:39] Error running compare_inverted_residual.py. Retrying (1/2)...
[2025-05-14 04:52:41] Retry 1 for compare_inverted_residual.py...
[2025-05-14 04:52:44] Error running compare_inverted_residual.py. Retrying (2/2)...
[2025-05-14 04:52:46] Retry 2 for compare_inverted_residual.py...
[2025-05-14 04:52:48] Error running compare_inverted_residual.py after 2 retries. Check output/optimization/logs/compare_inverted_residual.py.log for details.
[2025-05-14 04:52:48] Finished compare_inverted_residual.py with status: failed (duration: 11s)
[2025-05-14 04:52:48] Warning: compare_inverted_residual.py failed, but continuing...
[2025-05-14 04:52:48] Running compare_hard_swish.py...
[2025-05-14 04:53:05] Finished compare_hard_swish.py with status: success (duration: 17s)
[2025-05-14 04:53:05] === Stage 2: Model Pruning and Clustering ===
[2025-05-14 04:53:05] Running run_pruning_clustering.py...
[2025-05-14 04:53:07] Error running run_pruning_clustering.py. Retrying (1/2)...
[2025-05-14 04:53:09] Retry 1 for run_pruning_clustering.py...
[2025-05-14 04:53:11] Error running run_pruning_clustering.py. Retrying (2/2)...
[2025-05-14 04:53:13] Retry 2 for run_pruning_clustering.py...
[2025-05-14 04:53:15] Error running run_pruning_clustering.py after 2 retries. Check output/optimization/logs/run_pruning_clustering.py.log for details.
[2025-05-14 04:53:15] Finished run_pruning_clustering.py with status: failed (duration: 10s)
[2025-05-14 04:53:15] Warning: run_pruning_clustering.py failed, but continuing...
[2025-05-14 04:53:15] === Stage 3: Knowledge Distillation ===
[2025-05-14 04:53:15] Running knowledge_distillation.py...
[2025-05-14 04:53:17] Error running knowledge_distillation.py. Retrying (1/2)...
[2025-05-14 04:53:19] Retry 1 for knowledge_distillation.py...
[2025-05-14 04:53:21] Error running knowledge_distillation.py. Retrying (2/2)...
[2025-05-14 04:53:23] Retry 2 for knowledge_distillation.py...
[2025-05-14 04:53:25] Error running knowledge_distillation.py after 2 retries. Check output/optimization/logs/knowledge_distillation.py.log for details.
[2025-05-14 04:53:25] Finished knowledge_distillation.py with status: failed (duration: 10s)
[2025-05-14 04:53:25] Warning: knowledge_distillation.py failed, but continuing...
[2025-05-14 04:53:25] === Stage 4: Quantization ===
[2025-05-14 04:53:25] Running quantization_aware_training.py...
[2025-05-14 04:53:27] Error running quantization_aware_training.py. Retrying (1/2)...
[2025-05-14 04:53:29] Retry 1 for quantization_aware_training.py...
[2025-05-14 04:53:31] Error running quantization_aware_training.py. Retrying (2/2)...
[2025-05-14 04:53:33] Retry 2 for quantization_aware_training.py...
[2025-05-14 04:53:35] Error running quantization_aware_training.py after 2 retries. Check output/optimization/logs/quantization_aware_training.py.log for details.
[2025-05-14 04:53:35] Finished quantization_aware_training.py with status: failed (duration: 10s)
[2025-05-14 04:53:35] Warning: quantization_aware_training.py failed, but continuing...
[2025-05-14 04:53:35] Generating optimization summary...
[2025-05-14 04:53:36] Optimization pipeline completed.
[2025-05-14 04:56:35] Starting optimization pipeline...
[2025-05-14 04:56:35] === Stage 1: CNN Model Comparison ===
[2025-05-14 04:56:35] Running compare_tiny_cnns.py...
[2025-05-14 04:56:52] Finished compare_tiny_cnns.py with status: success (duration: 17s)
[2025-05-14 04:56:52] Running compare_se_models.py...
[2025-05-14 04:57:16] Finished compare_se_models.py with status: success (duration: 24s)
[2025-05-14 04:57:16] Running compare_inverted_residual.py...
[2025-05-14 04:57:18] Error running compare_inverted_residual.py. Retrying (1/2)...
[2025-05-14 04:57:20] Retry 1 for compare_inverted_residual.py...
[2025-05-14 04:57:23] Error running compare_inverted_residual.py. Retrying (2/2)...
[2025-05-14 04:57:25] Retry 2 for compare_inverted_residual.py...
[2025-05-14 04:57:27] Error running compare_inverted_residual.py after 2 retries. Check output/optimization/logs/compare_inverted_residual.py.log for details.
[2025-05-14 04:57:27] Finished compare_inverted_residual.py with status: failed (duration: 11s)
[2025-05-14 04:57:27] Warning: compare_inverted_residual.py failed, but continuing...
[2025-05-14 04:57:27] Running compare_hard_swish.py...
[2025-05-14 04:57:44] Finished compare_hard_swish.py with status: success (duration: 17s)
[2025-05-14 04:57:44] === Stage 2: Model Pruning and Clustering ===
[2025-05-14 04:57:44] Running run_pruning_clustering.py...
[2025-05-14 04:57:46] Error running run_pruning_clustering.py. Retrying (1/2)...
[2025-05-14 04:57:48] Retry 1 for run_pruning_clustering.py...
[2025-05-14 04:57:50] Error running run_pruning_clustering.py. Retrying (2/2)...
[2025-05-14 04:57:52] Retry 2 for run_pruning_clustering.py...
[2025-05-14 04:57:54] Error running run_pruning_clustering.py after 2 retries. Check output/optimization/logs/run_pruning_clustering.py.log for details.
[2025-05-14 04:57:54] Finished run_pruning_clustering.py with status: failed (duration: 10s)
[2025-05-14 04:57:54] Warning: run_pruning_clustering.py failed, but continuing...
[2025-05-14 04:57:54] === Stage 3: Knowledge Distillation ===
[2025-05-14 04:57:54] Running knowledge_distillation.py...
[2025-05-14 04:57:56] Error running knowledge_distillation.py. Retrying (1/2)...
[2025-05-14 04:57:58] Retry 1 for knowledge_distillation.py...
[2025-05-14 04:58:00] Error running knowledge_distillation.py. Retrying (2/2)...
[2025-05-14 04:58:02] Retry 2 for knowledge_distillation.py...
[2025-05-14 04:58:04] Error running knowledge_distillation.py after 2 retries. Check output/optimization/logs/knowledge_distillation.py.log for details.
[2025-05-14 04:58:04] Finished knowledge_distillation.py with status: failed (duration: 10s)
[2025-05-14 04:58:04] Warning: knowledge_distillation.py failed, but continuing...
[2025-05-14 04:58:04] === Stage 4: Quantization ===
[2025-05-14 04:58:04] Running quantization_aware_training.py...
[2025-05-14 04:58:06] Error running quantization_aware_training.py. Retrying (1/2)...
[2025-05-14 04:58:08] Retry 1 for quantization_aware_training.py...
[2025-05-14 04:58:10] Error running quantization_aware_training.py. Retrying (2/2)...
[2025-05-14 04:58:12] Retry 2 for quantization_aware_training.py...
[2025-05-14 04:58:14] Error running quantization_aware_training.py after 2 retries. Check output/optimization/logs/quantization_aware_training.py.log for details.
[2025-05-14 04:58:14] Finished quantization_aware_training.py with status: failed (duration: 10s)
[2025-05-14 04:58:14] Warning: quantization_aware_training.py failed, but continuing...
[2025-05-14 04:58:14] Generating optimization summary...
[2025-05-14 04:58:15] Optimization pipeline completed.
[2025-05-14 12:32:53] Starting optimization pipeline...
[2025-05-14 12:32:53] === Stage 1: CNN Model Comparison ===
[2025-05-14 12:32:53] Running compare_tiny_cnns.py...
[2025-05-14 12:33:06] Finished compare_tiny_cnns.py with status: success (duration: 13s)
[2025-05-14 12:33:06] Running compare_se_models.py...
[2025-05-14 12:33:28] Finished compare_se_models.py with status: success (duration: 22s)
[2025-05-14 12:33:28] Running compare_inverted_residual.py...
[2025-05-14 12:33:31] Error running compare_inverted_residual.py. Retrying (1/2)...
[2025-05-14 12:33:33] Retry 1 for compare_inverted_residual.py...
[2025-05-14 12:33:35] Error running compare_inverted_residual.py. Retrying (2/2)...
[2025-05-14 12:33:37] Retry 2 for compare_inverted_residual.py...
[2025-05-14 12:33:40] Error running compare_inverted_residual.py after 2 retries. Check output/optimization/logs/compare_inverted_residual.py.log for details.
[2025-05-14 12:33:40] Finished compare_inverted_residual.py with status: failed (duration: 12s)
[2025-05-14 12:33:40] Warning: compare_inverted_residual.py failed, but continuing...
[2025-05-14 12:33:40] Running compare_hard_swish.py...
[2025-05-14 12:33:55] Finished compare_hard_swish.py with status: success (duration: 15s)
[2025-05-14 12:33:55] === Stage 2: Model Pruning and Clustering ===
[2025-05-14 12:33:55] Running run_pruning_clustering.py...
[2025-05-14 12:33:57] Error running run_pruning_clustering.py. Retrying (1/2)...
[2025-05-14 12:33:59] Retry 1 for run_pruning_clustering.py...
[2025-05-14 12:34:01] Error running run_pruning_clustering.py. Retrying (2/2)...
[2025-05-14 12:34:03] Retry 2 for run_pruning_clustering.py...
[2025-05-14 12:34:06] Error running run_pruning_clustering.py after 2 retries. Check output/optimization/logs/run_pruning_clustering.py.log for details.
[2025-05-14 12:34:06] Finished run_pruning_clustering.py with status: failed (duration: 11s)
[2025-05-14 12:34:06] Warning: run_pruning_clustering.py failed, but continuing...
[2025-05-14 12:34:06] === Stage 3: Knowledge Distillation ===
[2025-05-14 12:34:06] Running knowledge_distillation.py...
[2025-05-14 12:34:08] Error running knowledge_distillation.py. Retrying (1/2)...
[2025-05-14 12:34:10] Retry 1 for knowledge_distillation.py...
[2025-05-14 12:34:12] Error running knowledge_distillation.py. Retrying (2/2)...
[2025-05-14 12:34:14] Retry 2 for knowledge_distillation.py...
[2025-05-14 12:34:16] Error running knowledge_distillation.py after 2 retries. Check output/optimization/logs/knowledge_distillation.py.log for details.
[2025-05-14 12:34:16] Finished knowledge_distillation.py with status: failed (duration: 10s)
[2025-05-14 12:34:16] Warning: knowledge_distillation.py failed, but continuing...
[2025-05-14 12:34:16] === Stage 4: Quantization ===
[2025-05-14 12:34:16] Running quantization_aware_training.py...
[2025-05-14 12:34:18] Error running quantization_aware_training.py. Retrying (1/2)...
[2025-05-14 12:34:20] Retry 1 for quantization_aware_training.py...
[2025-05-14 12:34:22] Error running quantization_aware_training.py. Retrying (2/2)...
[2025-05-14 12:34:24] Retry 2 for quantization_aware_training.py...
[2025-05-14 12:34:26] Error running quantization_aware_training.py after 2 retries. Check output/optimization/logs/quantization_aware_training.py.log for details.
[2025-05-14 12:34:26] Finished quantization_aware_training.py with status: failed (duration: 10s)
[2025-05-14 12:34:26] Warning: quantization_aware_training.py failed, but continuing...
[2025-05-14 12:34:26] Generating optimization summary...
[2025-05-14 12:34:27] Optimization pipeline completed.
[2025-05-14 12:45:38] Starting optimization pipeline...
[2025-05-14 12:45:38] === Stage 1: CNN Model Comparison ===
[2025-05-14 12:45:38] Running compare_tiny_cnns.py...
[2025-05-14 12:45:55] Finished compare_tiny_cnns.py with status: success (duration: 17s)
[2025-05-14 12:45:55] Running compare_se_models.py...
[2025-05-14 12:46:18] Finished compare_se_models.py with status: success (duration: 23s)
[2025-05-14 12:46:18] Running compare_inverted_residual.py...
[2025-05-14 12:46:21] Error running compare_inverted_residual.py. Retrying (1/2)...
[2025-05-14 12:46:23] Retry 1 for compare_inverted_residual.py...
[2025-05-14 12:46:25] Error running compare_inverted_residual.py. Retrying (2/2)...
[2025-05-14 12:46:27] Retry 2 for compare_inverted_residual.py...
[2025-05-14 12:46:30] Error running compare_inverted_residual.py after 2 retries. Check output/optimization/logs/compare_inverted_residual.py.log for details.
[2025-05-14 12:46:30] Finished compare_inverted_residual.py with status: failed (duration: 12s)
[2025-05-14 12:46:30] Warning: compare_inverted_residual.py failed, but continuing...
[2025-05-14 12:46:30] Running compare_hard_swish.py...
[2025-05-14 12:46:47] Finished compare_hard_swish.py with status: success (duration: 17s)
[2025-05-14 12:46:47] === Stage 2: Model Pruning and Clustering ===
[2025-05-14 12:46:47] Running run_pruning_clustering.py...
[2025-05-14 12:46:49] Error running run_pruning_clustering.py. Retrying (1/2)...
[2025-05-14 12:46:51] Retry 1 for run_pruning_clustering.py...
[2025-05-14 12:46:54] Error running run_pruning_clustering.py. Retrying (2/2)...
[2025-05-14 12:46:56] Retry 2 for run_pruning_clustering.py...
[2025-05-14 12:46:58] Error running run_pruning_clustering.py after 2 retries. Check output/optimization/logs/run_pruning_clustering.py.log for details.
[2025-05-14 12:46:58] Finished run_pruning_clustering.py with status: failed (duration: 11s)
[2025-05-14 12:46:58] Warning: run_pruning_clustering.py failed, but continuing...
[2025-05-14 12:46:58] === Stage 3: Knowledge Distillation ===
[2025-05-14 12:46:58] Running knowledge_distillation.py...
[2025-05-14 12:47:00] Error running knowledge_distillation.py. Retrying (1/2)...
[2025-05-14 12:47:02] Retry 1 for knowledge_distillation.py...
[2025-05-14 12:47:04] Error running knowledge_distillation.py. Retrying (2/2)...
[2025-05-14 12:47:06] Retry 2 for knowledge_distillation.py...
[2025-05-14 12:47:08] Error running knowledge_distillation.py after 2 retries. Check output/optimization/logs/knowledge_distillation.py.log for details.
[2025-05-14 12:47:08] Finished knowledge_distillation.py with status: failed (duration: 10s)
[2025-05-14 12:47:08] Warning: knowledge_distillation.py failed, but continuing...
[2025-05-14 12:47:08] === Stage 4: Quantization ===
[2025-05-14 12:47:08] Running quantization_aware_training.py...
[2025-05-14 12:47:10] Error running quantization_aware_training.py. Retrying (1/2)...
[2025-05-14 12:47:12] Retry 1 for quantization_aware_training.py...
[2025-05-14 12:47:14] Error running quantization_aware_training.py. Retrying (2/2)...
[2025-05-14 12:47:16] Retry 2 for quantization_aware_training.py...
[2025-05-14 12:47:18] Error running quantization_aware_training.py after 2 retries. Check output/optimization/logs/quantization_aware_training.py.log for details.
[2025-05-14 12:47:18] Finished quantization_aware_training.py with status: failed (duration: 10s)
[2025-05-14 12:47:18] Warning: quantization_aware_training.py failed, but continuing...
[2025-05-14 12:47:18] Generating optimization summary...
[2025-05-14 12:47:19] Optimization pipeline completed.
[2025-05-14 12:50:24] Starting optimization pipeline...
[2025-05-14 12:50:24] === Stage 1: CNN Model Comparison ===
[2025-05-14 12:50:24] Running compare_tiny_cnns.py...
[2025-05-14 12:50:45] Finished compare_tiny_cnns.py with status: success (duration: 21s)
[2025-05-14 12:50:45] Running compare_se_models.py...
[2025-05-14 12:51:10] Finished compare_se_models.py with status: success (duration: 25s)
[2025-05-14 12:51:10] Running compare_inverted_residual.py...
[2025-05-14 12:51:21] Finished compare_inverted_residual.py with status: success (duration: 11s)
[2025-05-14 12:51:21] Running compare_hard_swish.py...
[2025-05-14 12:51:39] Finished compare_hard_swish.py with status: success (duration: 18s)
[2025-05-14 12:51:39] === Stage 2: Model Pruning and Clustering ===
[2025-05-14 12:51:39] Running run_pruning_clustering.py...
[2025-05-14 12:51:41] Error running run_pruning_clustering.py. Retrying (1/2)...
[2025-05-14 12:51:43] Retry 1 for run_pruning_clustering.py...
[2025-05-14 12:51:45] Error running run_pruning_clustering.py. Retrying (2/2)...
[2025-05-14 12:51:47] Retry 2 for run_pruning_clustering.py...
[2025-05-14 12:51:49] Error running run_pruning_clustering.py after 2 retries. Check output/optimization/logs/run_pruning_clustering.py.log for details.
[2025-05-14 12:51:49] Finished run_pruning_clustering.py with status: failed (duration: 10s)
[2025-05-14 12:51:49] Warning: run_pruning_clustering.py failed, but continuing...
[2025-05-14 12:51:49] === Stage 3: Knowledge Distillation ===
[2025-05-14 12:51:49] Running knowledge_distillation.py...
[2025-05-14 12:51:51] Error running knowledge_distillation.py. Retrying (1/2)...
[2025-05-14 12:51:53] Retry 1 for knowledge_distillation.py...
[2025-05-14 12:51:55] Error running knowledge_distillation.py. Retrying (2/2)...
[2025-05-14 12:51:57] Retry 2 for knowledge_distillation.py...
[2025-05-14 12:51:59] Error running knowledge_distillation.py after 2 retries. Check output/optimization/logs/knowledge_distillation.py.log for details.
[2025-05-14 12:51:59] Finished knowledge_distillation.py with status: failed (duration: 10s)
[2025-05-14 12:51:59] Warning: knowledge_distillation.py failed, but continuing...
[2025-05-14 12:51:59] === Stage 4: Quantization ===
[2025-05-14 12:51:59] Running quantization_aware_training.py...
[2025-05-14 12:52:01] Error running quantization_aware_training.py. Retrying (1/2)...
[2025-05-14 12:52:03] Retry 1 for quantization_aware_training.py...
[2025-05-14 12:52:05] Error running quantization_aware_training.py. Retrying (2/2)...
[2025-05-14 12:52:07] Retry 2 for quantization_aware_training.py...
[2025-05-14 12:52:09] Error running quantization_aware_training.py after 2 retries. Check output/optimization/logs/quantization_aware_training.py.log for details.
[2025-05-14 12:52:09] Finished quantization_aware_training.py with status: failed (duration: 10s)
[2025-05-14 12:52:09] Warning: quantization_aware_training.py failed, but continuing...
[2025-05-14 12:52:09] Generating optimization summary...
[2025-05-14 12:52:10] Optimization pipeline completed.
[2025-05-14 12:55:00] Starting optimization pipeline...
[2025-05-14 12:55:00] === Stage 1: CNN Model Comparison ===
[2025-05-14 12:55:00] Running compare_tiny_cnns.py...
[2025-05-14 12:55:17] Finished compare_tiny_cnns.py with status: success (duration: 17s)
[2025-05-14 12:55:17] Running compare_se_models.py...
[2025-05-14 12:55:42] Finished compare_se_models.py with status: success (duration: 25s)
[2025-05-14 12:55:42] Running compare_inverted_residual.py...
[2025-05-14 12:55:44] Error running compare_inverted_residual.py. Retrying (1/2)...
[2025-05-14 12:55:46] Retry 1 for compare_inverted_residual.py...
[2025-05-14 12:55:49] Error running compare_inverted_residual.py. Retrying (2/2)...
[2025-05-14 12:55:51] Retry 2 for compare_inverted_residual.py...
[2025-05-14 12:55:53] Error running compare_inverted_residual.py after 2 retries. Check output/optimization/logs/compare_inverted_residual.py.log for details.
[2025-05-14 12:55:54] Finished compare_inverted_residual.py with status: failed (duration: 11s)
[2025-05-14 12:55:54] Warning: compare_inverted_residual.py failed, but continuing...
[2025-05-14 12:55:54] Running compare_hard_swish.py...
[2025-05-14 12:55:56] Error running compare_hard_swish.py. Retrying (1/2)...
[2025-05-14 12:55:58] Retry 1 for compare_hard_swish.py...
[2025-05-14 12:56:01] Error running compare_hard_swish.py. Retrying (2/2)...
[2025-05-14 12:56:03] Retry 2 for compare_hard_swish.py...
[2025-05-14 12:56:05] Error running compare_hard_swish.py after 2 retries. Check output/optimization/logs/compare_hard_swish.py.log for details.
[2025-05-14 12:56:05] Finished compare_hard_swish.py with status: failed (duration: 11s)
[2025-05-14 12:56:05] Warning: compare_hard_swish.py failed, but continuing...
[2025-05-14 12:56:05] === Stage 2: Model Pruning and Clustering ===
[2025-05-14 12:56:05] Running run_pruning_clustering.py...
[2025-05-14 12:59:29] Error running run_pruning_clustering.py. Retrying (1/2)...
[2025-05-14 12:59:31] Retry 1 for run_pruning_clustering.py...
[2025-05-14 13:02:54] Error running run_pruning_clustering.py. Retrying (2/2)...
[2025-05-14 13:02:56] Retry 2 for run_pruning_clustering.py...
[2025-05-14 13:06:24] Error running run_pruning_clustering.py after 2 retries. Check output/optimization/logs/run_pruning_clustering.py.log for details.
[2025-05-14 13:06:24] Finished run_pruning_clustering.py with status: failed (duration: 619s)
[2025-05-14 13:06:24] Warning: run_pruning_clustering.py failed, but continuing...
[2025-05-14 13:06:24] === Stage 3: Knowledge Distillation ===
[2025-05-14 13:06:24] Running knowledge_distillation.py...
[2025-05-14 13:06:26] Error running knowledge_distillation.py. Retrying (1/2)...
[2025-05-14 13:06:28] Retry 1 for knowledge_distillation.py...
[2025-05-14 13:06:30] Error running knowledge_distillation.py. Retrying (2/2)...
[2025-05-14 13:06:32] Retry 2 for knowledge_distillation.py...
[2025-05-14 13:06:34] Error running knowledge_distillation.py after 2 retries. Check output/optimization/logs/knowledge_distillation.py.log for details.
[2025-05-14 13:06:34] Finished knowledge_distillation.py with status: failed (duration: 10s)
[2025-05-14 13:06:34] Warning: knowledge_distillation.py failed, but continuing...
[2025-05-14 13:06:34] === Stage 4: Quantization ===
[2025-05-14 13:06:34] Running quantization_aware_training.py...
[2025-05-14 13:06:36] Error running quantization_aware_training.py. Retrying (1/2)...
[2025-05-14 13:06:38] Retry 1 for quantization_aware_training.py...
[2025-05-14 13:06:40] Error running quantization_aware_training.py. Retrying (2/2)...
[2025-05-14 13:06:42] Retry 2 for quantization_aware_training.py...
[2025-05-14 13:06:44] Error running quantization_aware_training.py after 2 retries. Check output/optimization/logs/quantization_aware_training.py.log for details.
[2025-05-14 13:06:44] Finished quantization_aware_training.py with status: failed (duration: 10s)
[2025-05-14 13:06:44] Warning: quantization_aware_training.py failed, but continuing...
[2025-05-14 13:06:44] Generating optimization summary...
[2025-05-14 13:06:44] Optimization pipeline completed.
