2025-05-05T15:31:20.052Z  ERROR [volumes:19] - error deleting thread volume
      [37mdocker.main.main[m  [32m                 [m
                   [37m...[m  [32m                 [m
     [33mdocker.main/[1;33m-main[m  [32m   main.clj:  191[m
     [33mdocker.main/[1;33m-main[m  [32m   main.clj:  213[m
  [33mdocker.main/-main/[1;33mfn[m  [32m   main.clj:  214[m
[33mdocker.main/command/[1;33mfn[m  [32m   main.clj:  158[m
                   [37m...[m  [32m                 [m
   [33mvolumes/[1;33mwith-volume[m  [32mvolumes.clj:    9[m
   [33mvolumes/[1;33mwith-volume[m  [32mvolumes.clj:   19[m
[33mvolumes/with-volume/[1;33mfn[m  [32mvolumes.clj:   19[m
  [33mclojure.core/comp/[1;33mfn[m  [32m   core.clj: 2586[m
     [33mdocker/status?/[1;33mfn[m  [32m docker.clj:  325[m
[1;31mclojure.lang.ExceptionInfo[m: [3mremove-volume -- (null != 204)[m
       [1mbody[m: ""
        [1merr[m: "curl: (7) Failed to connect to localhost port 80 after 0 ms: Could not connect to server\n"
       [1mexit[m: 7
    [1mheaders[m: {}
    [1mprocess[m: #object[java.lang.ProcessImpl 0x1f0f92f5 "Process[pid=51, exitValue=7]"]
     [1mstatus[m: nil

