2025-05-16 16:13:04,027 - WARNING - α,β-CROWN nicht gefunden. Formale Verifikation wird nicht verfügbar sein. Installiere mit: pip install auto_LiRPA
2025-05-16 16:15:25,191 - WARNING - α,β-CROWN nicht gefunden. Formale Verifikation wird nicht verfügbar sein. Installiere mit: pip install auto_LiRPA
2025-05-16 16:15:52,469 - WARNING - α,β-CROWN nicht gefunden. Formale Verifikation wird nicht verfügbar sein. Installiere mit: pip install auto_LiRPA
2025-05-16 16:15:52,472 - WARNING - Modell wird nicht wirklich geladen, sondern nur simuliert: /home/emilio/Documents/ai/pizza/models/pizza_model_float32.pth
2025-05-16 16:15:52,472 - INFO - MockModelVerifier initialisiert für Modell: MockModel
2025-05-16 16:15:52,472 - WARNING - Dies ist eine Demonstrationsversion ohne echte Verifikationsfunktionen.
2025-05-16 16:15:52,486 - INFO - Simuliere Robustheitsüberprüfung für Klasse 0
2025-05-16 16:15:52,986 - INFO - Simuliere Helligkeitsinvarianzüberprüfung für Klasse 0
2025-05-16 16:15:53,287 - INFO - Prüfe Robustheit für Bild 1/5
2025-05-16 16:15:53,287 - INFO - Simuliere Robustheitsüberprüfung für Klasse 0
2025-05-16 16:15:53,787 - INFO - Prüfe Helligkeitsinvarianz für Bild 1/5
2025-05-16 16:15:53,787 - INFO - Simuliere Helligkeitsinvarianzüberprüfung für Klasse 0
2025-05-16 16:15:54,087 - INFO - Prüfe Robustheit für Bild 2/5
2025-05-16 16:15:54,087 - INFO - Simuliere Robustheitsüberprüfung für Klasse 1
2025-05-16 16:15:54,588 - INFO - Prüfe Helligkeitsinvarianz für Bild 2/5
2025-05-16 16:15:54,588 - INFO - Simuliere Helligkeitsinvarianzüberprüfung für Klasse 1
2025-05-16 16:15:54,888 - INFO - Prüfe Robustheit für Bild 3/5
2025-05-16 16:15:54,888 - INFO - Simuliere Robustheitsüberprüfung für Klasse 2
2025-05-16 16:15:55,388 - INFO - Prüfe Helligkeitsinvarianz für Bild 3/5
2025-05-16 16:15:55,388 - INFO - Simuliere Helligkeitsinvarianzüberprüfung für Klasse 2
2025-05-16 16:15:55,688 - INFO - Prüfe Robustheit für Bild 4/5
2025-05-16 16:15:55,688 - INFO - Simuliere Robustheitsüberprüfung für Klasse 3
2025-05-16 16:15:56,189 - INFO - Prüfe Helligkeitsinvarianz für Bild 4/5
2025-05-16 16:15:56,189 - INFO - Simuliere Helligkeitsinvarianzüberprüfung für Klasse 3
2025-05-16 16:15:56,489 - INFO - Prüfe Robustheit für Bild 5/5
2025-05-16 16:15:56,489 - INFO - Simuliere Robustheitsüberprüfung für Klasse 4
2025-05-16 16:15:56,989 - INFO - Prüfe Helligkeitsinvarianz für Bild 5/5
2025-05-16 16:15:56,989 - INFO - Simuliere Helligkeitsinvarianzüberprüfung für Klasse 4
2025-05-16 16:15:57,289 - INFO - Prüfe Klassentrennung für Klassen basic und burnt
2025-05-16 16:15:57,290 - INFO - Simuliere Klassen-Separationsüberprüfung für Klassen 0 und 1
2025-05-16 16:15:57,994 - INFO - Simuliere Klassen-Separationsüberprüfung für Klassen 1 und 0
2025-05-16 16:15:58,694 - INFO - Prüfe Klassentrennung für Klassen combined und segment
2025-05-16 16:15:58,695 - INFO - Simuliere Klassen-Separationsüberprüfung für Klassen 2 und 5
2025-05-16 16:16:09,399 - WARNING - α,β-CROWN nicht gefunden. Formale Verifikation wird nicht verfügbar sein. Installiere mit: pip install auto_LiRPA
2025-05-16 16:16:09,409 - WARNING - Modell wird nicht wirklich geladen, sondern nur simuliert: /home/emilio/Documents/ai/pizza/models/pizza_model_float32.pth
2025-05-16 16:16:09,409 - INFO - MockModelVerifier initialisiert für Modell: MockModel
2025-05-16 16:16:09,409 - WARNING - Dies ist eine Demonstrationsversion ohne echte Verifikationsfunktionen.
2025-05-16 16:16:09,414 - INFO - Prüfe Robustheit für Bild 1/3
2025-05-16 16:16:09,414 - INFO - Simuliere Robustheitsüberprüfung für Klasse 4
2025-05-16 16:16:09,914 - INFO - Prüfe Helligkeitsinvarianz für Bild 1/3
2025-05-16 16:16:09,914 - INFO - Simuliere Helligkeitsinvarianzüberprüfung für Klasse 4
2025-05-16 16:16:10,214 - INFO - Prüfe Robustheit für Bild 2/3
2025-05-16 16:16:10,215 - INFO - Simuliere Robustheitsüberprüfung für Klasse 5
2025-05-16 16:16:10,715 - INFO - Prüfe Helligkeitsinvarianz für Bild 2/3
2025-05-16 16:16:10,715 - INFO - Simuliere Helligkeitsinvarianzüberprüfung für Klasse 5
2025-05-16 16:16:11,015 - INFO - Prüfe Robustheit für Bild 3/3
2025-05-16 16:16:11,016 - INFO - Simuliere Robustheitsüberprüfung für Klasse 1
2025-05-16 16:16:11,516 - INFO - Prüfe Helligkeitsinvarianz für Bild 3/3
2025-05-16 16:16:11,516 - INFO - Simuliere Helligkeitsinvarianzüberprüfung für Klasse 1
2025-05-16 16:16:11,816 - INFO - Prüfe Klassentrennung für Klassen basic und burnt
2025-05-16 16:16:11,816 - INFO - Simuliere Klassen-Separationsüberprüfung für Klassen 1 und 0
2025-05-16 16:16:12,517 - INFO - Prüfe Klassentrennung für Klassen combined und segment
2025-05-16 16:16:12,517 - INFO - Simuliere Klassen-Separationsüberprüfung für Klassen 5 und 2
2025-05-16 16:16:13,217 - WARNING - Modell wird nicht wirklich geladen, sondern nur simuliert: /home/emilio/Documents/ai/pizza/models/pizza_model_v2.pth
2025-05-16 16:16:13,218 - INFO - MockModelVerifier initialisiert für Modell: MockModel
2025-05-16 16:16:13,218 - WARNING - Dies ist eine Demonstrationsversion ohne echte Verifikationsfunktionen.
2025-05-16 16:16:13,218 - INFO - Prüfe Robustheit für Bild 1/3
2025-05-16 16:16:13,218 - INFO - Simuliere Robustheitsüberprüfung für Klasse 0
2025-05-16 16:16:13,718 - INFO - Prüfe Helligkeitsinvarianz für Bild 1/3
2025-05-16 16:16:13,718 - INFO - Simuliere Helligkeitsinvarianzüberprüfung für Klasse 0
2025-05-16 16:16:14,018 - INFO - Prüfe Robustheit für Bild 2/3
2025-05-16 16:16:14,018 - INFO - Simuliere Robustheitsüberprüfung für Klasse 3
2025-05-16 16:16:14,518 - INFO - Prüfe Helligkeitsinvarianz für Bild 2/3
2025-05-16 16:16:14,518 - INFO - Simuliere Helligkeitsinvarianzüberprüfung für Klasse 3
2025-05-16 16:16:14,819 - INFO - Prüfe Robustheit für Bild 3/3
2025-05-16 16:16:14,819 - INFO - Simuliere Robustheitsüberprüfung für Klasse 4
2025-05-16 16:16:15,319 - INFO - Prüfe Helligkeitsinvarianz für Bild 3/3
2025-05-16 16:16:15,319 - INFO - Simuliere Helligkeitsinvarianzüberprüfung für Klasse 4
2025-05-16 16:16:15,619 - INFO - Prüfe Klassentrennung für Klassen basic und burnt
2025-05-16 16:16:15,619 - INFO - Simuliere Klassen-Separationsüberprüfung für Klassen 0 und 1
2025-05-16 16:16:16,319 - INFO - Prüfe Klassentrennung für Klassen combined und segment
2025-05-16 16:16:16,320 - WARNING - Modell wird nicht wirklich geladen, sondern nur simuliert: /home/emilio/Documents/ai/pizza/models/pizza_model_with_se.pth
2025-05-16 16:16:16,320 - INFO - MockModelVerifier initialisiert für Modell: MockModel
2025-05-16 16:16:16,320 - WARNING - Dies ist eine Demonstrationsversion ohne echte Verifikationsfunktionen.
2025-05-16 16:16:16,320 - INFO - Prüfe Robustheit für Bild 1/3
2025-05-16 16:16:16,320 - INFO - Simuliere Robustheitsüberprüfung für Klasse 3
2025-05-16 16:16:16,820 - INFO - Prüfe Helligkeitsinvarianz für Bild 1/3
2025-05-16 16:16:16,820 - INFO - Simuliere Helligkeitsinvarianzüberprüfung für Klasse 3
2025-05-16 16:16:17,120 - INFO - Prüfe Robustheit für Bild 2/3
2025-05-16 16:16:17,121 - INFO - Simuliere Robustheitsüberprüfung für Klasse 1
2025-05-16 16:16:17,621 - INFO - Prüfe Helligkeitsinvarianz für Bild 2/3
2025-05-16 16:16:17,621 - INFO - Simuliere Helligkeitsinvarianzüberprüfung für Klasse 1
2025-05-16 16:16:17,921 - INFO - Prüfe Robustheit für Bild 3/3
2025-05-16 16:16:17,921 - INFO - Simuliere Robustheitsüberprüfung für Klasse 4
2025-05-16 16:16:18,421 - INFO - Prüfe Helligkeitsinvarianz für Bild 3/3
2025-05-16 16:16:18,421 - INFO - Simuliere Helligkeitsinvarianzüberprüfung für Klasse 4
2025-05-16 16:16:18,721 - INFO - Prüfe Klassentrennung für Klassen basic und burnt
2025-05-16 16:16:18,722 - INFO - Simuliere Klassen-Separationsüberprüfung für Klassen 1 und 0
2025-05-16 16:16:19,422 - INFO - Prüfe Klassentrennung für Klassen combined und segment
2025-05-16 16:16:31,146 - WARNING - α,β-CROWN nicht gefunden. Formale Verifikation wird nicht verfügbar sein. Installiere mit: pip install auto_LiRPA
2025-05-16 16:16:31,147 - WARNING - Modell wird nicht wirklich geladen, sondern nur simuliert: /home/emilio/Documents/ai/pizza/models/pizza_model_float32.pth
2025-05-16 16:16:31,147 - INFO - MockModelVerifier initialisiert für Modell: MockModel
2025-05-16 16:16:31,147 - WARNING - Dies ist eine Demonstrationsversion ohne echte Verifikationsfunktionen.
2025-05-16 16:16:31,155 - INFO - Simuliere Robustheitsüberprüfung für Klasse 0
2025-05-16 16:16:31,656 - INFO - Simuliere Helligkeitsinvarianzüberprüfung für Klasse 0
2025-05-16 16:16:31,956 - INFO - Prüfe Robustheit für Bild 1/5
2025-05-16 16:16:31,956 - INFO - Simuliere Robustheitsüberprüfung für Klasse 0
2025-05-16 16:16:32,456 - INFO - Prüfe Helligkeitsinvarianz für Bild 1/5
2025-05-16 16:16:32,457 - INFO - Simuliere Helligkeitsinvarianzüberprüfung für Klasse 0
2025-05-16 16:16:32,757 - INFO - Prüfe Robustheit für Bild 2/5
2025-05-16 16:16:32,757 - INFO - Simuliere Robustheitsüberprüfung für Klasse 1
2025-05-16 16:16:33,257 - INFO - Prüfe Helligkeitsinvarianz für Bild 2/5
2025-05-16 16:16:33,257 - INFO - Simuliere Helligkeitsinvarianzüberprüfung für Klasse 1
2025-05-16 16:16:33,557 - INFO - Prüfe Robustheit für Bild 3/5
2025-05-16 16:16:33,558 - INFO - Simuliere Robustheitsüberprüfung für Klasse 2
2025-05-16 16:16:34,058 - INFO - Prüfe Helligkeitsinvarianz für Bild 3/5
2025-05-16 16:16:34,058 - INFO - Simuliere Helligkeitsinvarianzüberprüfung für Klasse 2
2025-05-16 16:16:34,358 - INFO - Prüfe Robustheit für Bild 4/5
2025-05-16 16:16:34,358 - INFO - Simuliere Robustheitsüberprüfung für Klasse 3
2025-05-16 16:16:34,858 - INFO - Prüfe Helligkeitsinvarianz für Bild 4/5
2025-05-16 16:16:34,858 - INFO - Simuliere Helligkeitsinvarianzüberprüfung für Klasse 3
2025-05-16 16:16:35,159 - INFO - Prüfe Robustheit für Bild 5/5
2025-05-16 16:16:35,159 - INFO - Simuliere Robustheitsüberprüfung für Klasse 4
2025-05-16 16:16:35,659 - INFO - Prüfe Helligkeitsinvarianz für Bild 5/5
2025-05-16 16:16:35,660 - INFO - Simuliere Helligkeitsinvarianzüberprüfung für Klasse 4
2025-05-16 16:16:35,960 - INFO - Prüfe Klassentrennung für Klassen basic und burnt
2025-05-16 16:16:35,960 - INFO - Simuliere Klassen-Separationsüberprüfung für Klassen 0 und 1
2025-05-16 16:16:36,660 - INFO - Simuliere Klassen-Separationsüberprüfung für Klassen 1 und 0
2025-05-16 16:16:37,361 - INFO - Prüfe Klassentrennung für Klassen combined und segment
2025-05-16 16:16:37,361 - INFO - Simuliere Klassen-Separationsüberprüfung für Klassen 2 und 5
2025-05-16 16:16:40,580 - WARNING - α,β-CROWN nicht gefunden. Formale Verifikation wird nicht verfügbar sein. Installiere mit: pip install auto_LiRPA
2025-05-16 16:16:40,590 - WARNING - Modell wird nicht wirklich geladen, sondern nur simuliert: /home/emilio/Documents/ai/pizza/models/pizza_model_float32.pth
2025-05-16 16:16:40,590 - INFO - MockModelVerifier initialisiert für Modell: MockModel
2025-05-16 16:16:40,590 - WARNING - Dies ist eine Demonstrationsversion ohne echte Verifikationsfunktionen.
2025-05-16 16:16:40,590 - INFO - Prüfe Robustheit für Bild 1/3
2025-05-16 16:16:40,590 - INFO - Simuliere Robustheitsüberprüfung für Klasse 1
2025-05-16 16:16:41,090 - INFO - Prüfe Helligkeitsinvarianz für Bild 1/3
2025-05-16 16:16:41,090 - INFO - Simuliere Helligkeitsinvarianzüberprüfung für Klasse 1
2025-05-16 16:16:41,390 - INFO - Prüfe Robustheit für Bild 2/3
2025-05-16 16:16:41,391 - INFO - Simuliere Robustheitsüberprüfung für Klasse 4
2025-05-16 16:16:41,891 - INFO - Prüfe Helligkeitsinvarianz für Bild 2/3
2025-05-16 16:16:41,891 - INFO - Simuliere Helligkeitsinvarianzüberprüfung für Klasse 4
2025-05-16 16:16:42,191 - INFO - Prüfe Robustheit für Bild 3/3
2025-05-16 16:16:42,191 - INFO - Simuliere Robustheitsüberprüfung für Klasse 2
2025-05-16 16:16:42,691 - INFO - Prüfe Helligkeitsinvarianz für Bild 3/3
2025-05-16 16:16:42,691 - INFO - Simuliere Helligkeitsinvarianzüberprüfung für Klasse 2
2025-05-16 16:16:42,992 - INFO - Prüfe Klassentrennung für Klassen basic und burnt
2025-05-16 16:16:42,992 - INFO - Simuliere Klassen-Separationsüberprüfung für Klassen 1 und 0
2025-05-16 16:16:43,692 - INFO - Prüfe Klassentrennung für Klassen combined und segment
2025-05-16 16:16:43,692 - INFO - Simuliere Klassen-Separationsüberprüfung für Klassen 2 und 5
2025-05-16 16:16:44,393 - WARNING - Modell wird nicht wirklich geladen, sondern nur simuliert: /home/emilio/Documents/ai/pizza/models/pizza_model_v2.pth
2025-05-16 16:16:44,393 - INFO - MockModelVerifier initialisiert für Modell: MockModel
2025-05-16 16:16:44,393 - WARNING - Dies ist eine Demonstrationsversion ohne echte Verifikationsfunktionen.
2025-05-16 16:16:44,393 - INFO - Prüfe Robustheit für Bild 1/3
2025-05-16 16:16:44,393 - INFO - Simuliere Robustheitsüberprüfung für Klasse 1
2025-05-16 16:16:44,893 - INFO - Prüfe Helligkeitsinvarianz für Bild 1/3
2025-05-16 16:16:44,894 - INFO - Simuliere Helligkeitsinvarianzüberprüfung für Klasse 1
2025-05-16 16:16:45,194 - INFO - Prüfe Robustheit für Bild 2/3
2025-05-16 16:16:45,194 - INFO - Simuliere Robustheitsüberprüfung für Klasse 2
2025-05-16 16:16:45,694 - INFO - Prüfe Helligkeitsinvarianz für Bild 2/3
2025-05-16 16:16:45,694 - INFO - Simuliere Helligkeitsinvarianzüberprüfung für Klasse 2
2025-05-16 16:16:45,994 - INFO - Prüfe Robustheit für Bild 3/3
2025-05-16 16:16:45,994 - INFO - Simuliere Robustheitsüberprüfung für Klasse 3
2025-05-16 16:16:46,495 - INFO - Prüfe Helligkeitsinvarianz für Bild 3/3
2025-05-16 16:16:46,495 - INFO - Simuliere Helligkeitsinvarianzüberprüfung für Klasse 3
2025-05-16 16:16:46,795 - INFO - Prüfe Klassentrennung für Klassen basic und burnt
2025-05-16 16:16:46,795 - INFO - Simuliere Klassen-Separationsüberprüfung für Klassen 1 und 0
2025-05-16 16:16:47,495 - INFO - Prüfe Klassentrennung für Klassen combined und segment
2025-05-16 16:16:47,495 - INFO - Simuliere Klassen-Separationsüberprüfung für Klassen 2 und 5
2025-05-16 16:16:48,196 - WARNING - Modell wird nicht wirklich geladen, sondern nur simuliert: /home/emilio/Documents/ai/pizza/models/pizza_model_with_se.pth
2025-05-16 16:16:48,196 - INFO - MockModelVerifier initialisiert für Modell: MockModel
2025-05-16 16:16:48,196 - WARNING - Dies ist eine Demonstrationsversion ohne echte Verifikationsfunktionen.
2025-05-16 16:16:48,196 - INFO - Prüfe Robustheit für Bild 1/3
2025-05-16 16:16:48,196 - INFO - Simuliere Robustheitsüberprüfung für Klasse 5
2025-05-16 16:16:48,696 - INFO - Prüfe Helligkeitsinvarianz für Bild 1/3
2025-05-16 16:16:48,696 - INFO - Simuliere Helligkeitsinvarianzüberprüfung für Klasse 5
2025-05-16 16:16:48,997 - INFO - Prüfe Robustheit für Bild 2/3
2025-05-16 16:16:48,997 - INFO - Simuliere Robustheitsüberprüfung für Klasse 2
2025-05-16 16:16:49,497 - INFO - Prüfe Helligkeitsinvarianz für Bild 2/3
2025-05-16 16:16:49,497 - INFO - Simuliere Helligkeitsinvarianzüberprüfung für Klasse 2
2025-05-16 16:16:49,797 - INFO - Prüfe Robustheit für Bild 3/3
2025-05-16 16:16:49,797 - INFO - Simuliere Robustheitsüberprüfung für Klasse 1
2025-05-16 16:16:50,297 - INFO - Prüfe Helligkeitsinvarianz für Bild 3/3
2025-05-16 16:16:50,298 - INFO - Simuliere Helligkeitsinvarianzüberprüfung für Klasse 1
2025-05-16 16:16:50,598 - INFO - Prüfe Klassentrennung für Klassen basic und burnt
2025-05-16 16:16:50,598 - INFO - Simuliere Klassen-Separationsüberprüfung für Klassen 1 und 0
2025-05-16 16:16:51,298 - INFO - Prüfe Klassentrennung für Klassen combined und segment
2025-05-16 16:16:51,298 - INFO - Simuliere Klassen-Separationsüberprüfung für Klassen 2 und 5
2025-05-16 16:16:52,002 - INFO - Simuliere Klassen-Separationsüberprüfung für Klassen 5 und 2
2025-05-16 17:22:39,066 - WARNING - α,β-CROWN nicht gefunden. Formale Verifikation wird nicht verfügbar sein. Installiere mit: pip install auto_LiRPA
2025-05-16 17:22:39,067 - WARNING - Modell wird nicht wirklich geladen, sondern nur simuliert: /home/emilio/Documents/ai/pizza/models/pizza_model_float32.pth
2025-05-16 17:22:39,067 - INFO - MockModelVerifier initialisiert für Modell: MockModel
2025-05-16 17:22:39,067 - WARNING - Dies ist eine Demonstrationsversion ohne echte Verifikationsfunktionen.
2025-05-16 17:22:39,081 - INFO - Simuliere Robustheitsüberprüfung für Klasse 0
2025-05-16 17:22:39,582 - INFO - Simuliere Helligkeitsinvarianzüberprüfung für Klasse 0
2025-05-16 17:22:39,882 - INFO - Prüfe Robustheit für Bild 1/5
2025-05-16 17:22:39,883 - INFO - Simuliere Robustheitsüberprüfung für Klasse 0
2025-05-16 17:22:40,383 - INFO - Prüfe Helligkeitsinvarianz für Bild 1/5
2025-05-16 17:22:40,384 - INFO - Simuliere Helligkeitsinvarianzüberprüfung für Klasse 0
2025-05-16 17:22:40,684 - INFO - Prüfe Robustheit für Bild 2/5
2025-05-16 17:22:40,685 - INFO - Simuliere Robustheitsüberprüfung für Klasse 1
2025-05-16 17:22:41,185 - INFO - Prüfe Helligkeitsinvarianz für Bild 2/5
2025-05-16 17:22:41,186 - INFO - Simuliere Helligkeitsinvarianzüberprüfung für Klasse 1
2025-05-16 17:22:41,486 - INFO - Prüfe Robustheit für Bild 3/5
2025-05-16 17:22:41,486 - INFO - Simuliere Robustheitsüberprüfung für Klasse 2
2025-05-16 17:22:41,987 - INFO - Prüfe Helligkeitsinvarianz für Bild 3/5
2025-05-16 17:22:41,987 - INFO - Simuliere Helligkeitsinvarianzüberprüfung für Klasse 2
2025-05-16 17:22:42,287 - INFO - Prüfe Robustheit für Bild 4/5
2025-05-16 17:22:42,287 - INFO - Simuliere Robustheitsüberprüfung für Klasse 3
2025-05-16 17:22:42,788 - INFO - Prüfe Helligkeitsinvarianz für Bild 4/5
2025-05-16 17:22:42,788 - INFO - Simuliere Helligkeitsinvarianzüberprüfung für Klasse 3
2025-05-16 17:22:43,088 - INFO - Prüfe Robustheit für Bild 5/5
2025-05-16 17:22:43,088 - INFO - Simuliere Robustheitsüberprüfung für Klasse 4
2025-05-16 17:22:43,589 - INFO - Prüfe Helligkeitsinvarianz für Bild 5/5
2025-05-16 17:22:43,589 - INFO - Simuliere Helligkeitsinvarianzüberprüfung für Klasse 4
2025-05-16 17:22:43,889 - INFO - Prüfe Klassentrennung für Klassen basic und burnt
2025-05-16 17:22:43,890 - INFO - Simuliere Klassen-Separationsüberprüfung für Klassen 0 und 1
2025-05-16 17:22:44,590 - INFO - Simuliere Klassen-Separationsüberprüfung für Klassen 1 und 0
2025-05-16 17:22:45,290 - INFO - Prüfe Klassentrennung für Klassen combined und segment
2025-05-16 17:22:45,291 - INFO - Simuliere Klassen-Separationsüberprüfung für Klassen 2 und 5
2025-05-16 17:22:48,251 - WARNING - α,β-CROWN nicht gefunden. Formale Verifikation wird nicht verfügbar sein. Installiere mit: pip install auto_LiRPA
2025-05-16 17:22:48,259 - WARNING - Modell wird nicht wirklich geladen, sondern nur simuliert: /home/emilio/Documents/ai/pizza/models/pizza_model_float32.pth
2025-05-16 17:22:48,260 - INFO - MockModelVerifier initialisiert für Modell: MockModel
2025-05-16 17:22:48,260 - WARNING - Dies ist eine Demonstrationsversion ohne echte Verifikationsfunktionen.
2025-05-16 17:22:48,264 - INFO - Prüfe Robustheit für Bild 1/3
2025-05-16 17:22:48,264 - INFO - Simuliere Robustheitsüberprüfung für Klasse 3
2025-05-16 17:22:48,764 - INFO - Prüfe Helligkeitsinvarianz für Bild 1/3
2025-05-16 17:22:48,765 - INFO - Simuliere Helligkeitsinvarianzüberprüfung für Klasse 3
2025-05-16 17:22:49,065 - INFO - Prüfe Robustheit für Bild 2/3
2025-05-16 17:22:49,065 - INFO - Simuliere Robustheitsüberprüfung für Klasse 4
2025-05-16 17:22:49,565 - INFO - Prüfe Helligkeitsinvarianz für Bild 2/3
2025-05-16 17:22:49,565 - INFO - Simuliere Helligkeitsinvarianzüberprüfung für Klasse 4
2025-05-16 17:22:49,865 - INFO - Prüfe Robustheit für Bild 3/3
2025-05-16 17:22:49,866 - INFO - Simuliere Robustheitsüberprüfung für Klasse 0
2025-05-16 17:22:50,366 - INFO - Prüfe Helligkeitsinvarianz für Bild 3/3
2025-05-16 17:22:50,366 - INFO - Simuliere Helligkeitsinvarianzüberprüfung für Klasse 0
2025-05-16 17:22:50,666 - INFO - Prüfe Klassentrennung für Klassen basic und burnt
2025-05-16 17:22:50,666 - INFO - Simuliere Klassen-Separationsüberprüfung für Klassen 0 und 1
2025-05-16 17:22:51,366 - INFO - Prüfe Klassentrennung für Klassen combined und segment
2025-05-16 17:22:51,367 - WARNING - Modell wird nicht wirklich geladen, sondern nur simuliert: /home/emilio/Documents/ai/pizza/models/pizza_model_v2.pth
2025-05-16 17:22:51,367 - INFO - MockModelVerifier initialisiert für Modell: MockModel
2025-05-16 17:22:51,367 - WARNING - Dies ist eine Demonstrationsversion ohne echte Verifikationsfunktionen.
2025-05-16 17:22:51,367 - INFO - Prüfe Robustheit für Bild 1/3
2025-05-16 17:22:51,367 - INFO - Simuliere Robustheitsüberprüfung für Klasse 0
2025-05-16 17:22:51,867 - INFO - Prüfe Helligkeitsinvarianz für Bild 1/3
2025-05-16 17:22:51,867 - INFO - Simuliere Helligkeitsinvarianzüberprüfung für Klasse 0
2025-05-16 17:22:52,168 - INFO - Prüfe Robustheit für Bild 2/3
2025-05-16 17:22:52,168 - INFO - Simuliere Robustheitsüberprüfung für Klasse 4
2025-05-16 17:22:52,668 - INFO - Prüfe Helligkeitsinvarianz für Bild 2/3
2025-05-16 17:22:52,668 - INFO - Simuliere Helligkeitsinvarianzüberprüfung für Klasse 4
2025-05-16 17:22:52,968 - INFO - Prüfe Robustheit für Bild 3/3
2025-05-16 17:22:52,969 - INFO - Simuliere Robustheitsüberprüfung für Klasse 3
2025-05-16 17:22:53,469 - INFO - Prüfe Helligkeitsinvarianz für Bild 3/3
2025-05-16 17:22:53,469 - INFO - Simuliere Helligkeitsinvarianzüberprüfung für Klasse 3
2025-05-16 17:22:53,769 - INFO - Prüfe Klassentrennung für Klassen basic und burnt
2025-05-16 17:22:53,770 - INFO - Simuliere Klassen-Separationsüberprüfung für Klassen 0 und 1
2025-05-16 17:22:54,470 - INFO - Prüfe Klassentrennung für Klassen combined und segment
2025-05-16 17:22:54,475 - WARNING - Modell wird nicht wirklich geladen, sondern nur simuliert: /home/emilio/Documents/ai/pizza/models/pizza_model_with_se.pth
2025-05-16 17:22:54,476 - INFO - MockModelVerifier initialisiert für Modell: MockModel
2025-05-16 17:22:54,476 - WARNING - Dies ist eine Demonstrationsversion ohne echte Verifikationsfunktionen.
2025-05-16 17:22:54,476 - INFO - Prüfe Robustheit für Bild 1/3
2025-05-16 17:22:54,476 - INFO - Simuliere Robustheitsüberprüfung für Klasse 2
2025-05-16 17:22:54,977 - INFO - Prüfe Helligkeitsinvarianz für Bild 1/3
2025-05-16 17:22:54,977 - INFO - Simuliere Helligkeitsinvarianzüberprüfung für Klasse 2
2025-05-16 17:22:55,277 - INFO - Prüfe Robustheit für Bild 2/3
2025-05-16 17:22:55,277 - INFO - Simuliere Robustheitsüberprüfung für Klasse 3
2025-05-16 17:22:55,777 - INFO - Prüfe Helligkeitsinvarianz für Bild 2/3
2025-05-16 17:22:55,778 - INFO - Simuliere Helligkeitsinvarianzüberprüfung für Klasse 3
2025-05-16 17:22:56,078 - INFO - Prüfe Robustheit für Bild 3/3
2025-05-16 17:22:56,078 - INFO - Simuliere Robustheitsüberprüfung für Klasse 1
2025-05-16 17:22:56,579 - INFO - Prüfe Helligkeitsinvarianz für Bild 3/3
2025-05-16 17:22:56,579 - INFO - Simuliere Helligkeitsinvarianzüberprüfung für Klasse 1
2025-05-16 17:22:56,879 - INFO - Prüfe Klassentrennung für Klassen basic und burnt
2025-05-16 17:22:56,880 - INFO - Simuliere Klassen-Separationsüberprüfung für Klassen 1 und 0
2025-05-16 17:22:57,580 - INFO - Prüfe Klassentrennung für Klassen combined und segment
2025-05-16 17:22:57,580 - INFO - Simuliere Klassen-Separationsüberprüfung für Klassen 2 und 5
