[2025-05-14 01:44:15] [INFO] ======= PHASE 1: SCRIPT VALIDATION =======
[2025-05-14 01:44:15] [INFO] Validating scripts...
[2025-05-14 01:46:14] [SUCCESS] Script validation completed successfully.
[2025-05-14 01:46:14] [INFO] ======= PHASE 2: PREPROCESSING =======
[2025-05-14 01:46:14] [INFO] Running CLAHE preprocessing...
[2025-05-14 01:46:14] [INFO] Running test_image_preprocessing.py...
[2025-05-14 01:46:20] [INFO] Finished test_image_preprocessing.py with status: success (duration: 6s)
[2025-05-14 01:46:20] [INFO] Running data augmentation...
[2025-05-14 01:46:20] [INFO] Running augment_dataset.py...
[2025-05-14 01:46:20] [WARNING] Error running augment_dataset.py. Retrying (1/2)...
[2025-05-14 01:46:22] [INFO] Retry 1 for augment_dataset.py...
[2025-05-14 01:46:22] [WARNING] Error running augment_dataset.py. Retrying (2/2)...
[2025-05-14 01:46:24] [INFO] Retry 2 for augment_dataset.py...
[2025-05-14 01:46:24] [ERROR] Error running augment_dataset.py after 2 retries. Check /home/emilio/Documents/ai/pizza/output/pipeline_runs/20250514_014415/logs/augment_dataset.log for details.
[2025-05-14 01:46:24] [INFO] Finished augment_dataset.py with status: failed (duration: 4s)
[2025-05-14 01:46:24] [WARNING] Data augmentation had issues, but continuing...
[2025-05-14 01:46:24] [INFO] ======= PHASE 3: MODEL OPTIMIZATION =======
[2025-05-14 01:46:24] [INFO] Running model optimization pipeline...
[2025-05-14 01:48:42] [INFO] ======= PHASE 4: TESTING =======
[2025-05-14 01:48:42] [INFO] Running automated test suite...
[2025-05-14 01:48:42] [INFO] Running run_pizza_tests.py...
[2025-05-14 01:48:42] [INFO] Finished run_pizza_tests.py with status: success (duration: 0s)
[2025-05-14 01:48:42] [INFO] Verifying model...
[2025-05-14 01:48:42] [INFO] Running verify_model.py...
[2025-05-14 01:48:42] [WARNING] Error running verify_model.py. Retrying (1/2)...
[2025-05-14 01:48:44] [INFO] Retry 1 for verify_model.py...
[2025-05-14 01:48:44] [WARNING] Error running verify_model.py. Retrying (2/2)...
[2025-05-14 01:48:46] [INFO] Retry 2 for verify_model.py...
[2025-05-14 01:48:46] [ERROR] Error running verify_model.py after 2 retries. Check /home/emilio/Documents/ai/pizza/output/pipeline_runs/20250514_014415/logs/verify_model.log for details.
[2025-05-14 01:48:46] [INFO] Finished verify_model.py with status: failed (duration: 4s)
[2025-05-14 01:48:46] [WARNING] Model verification had issues, but continuing...
[2025-05-14 01:48:46] [INFO] Testing temporal smoothing...
[2025-05-14 01:48:46] [INFO] Running test_temporal_smoothing.py...
[2025-05-14 01:48:52] [INFO] Finished test_temporal_smoothing.py with status: success (duration: 6s)
[2025-05-14 01:48:52] [INFO] ======= PHASE 5: INTEGRATION VALIDATION =======
[2025-05-14 01:48:52] [SUCCESS] Integration validation completed successfully.
[2025-05-14 01:48:52] [INFO] ======= PHASE 6: REPORTING =======
[2025-05-14 01:48:52] [INFO] Generating final reports...
