[2025-05-14 04:26:54] [INFO] ======= PHASE 1: SCRIPT VALIDATION =======
[2025-05-14 04:26:54] [INFO] Validating scripts...
[2025-05-14 04:28:26] [SUCCESS] Script validation completed successfully.
[2025-05-14 04:28:26] [INFO] ======= PHASE 2: PREPROCESSING =======
[2025-05-14 04:28:26] [INFO] Running CLAHE preprocessing...
[2025-05-14 04:28:26] [INFO] Running test_image_preprocessing.py...
[2025-05-14 04:28:30] [INFO] Finished test_image_preprocessing.py with status: success (duration: 4s)
[2025-05-14 04:28:30] [INFO] Running data augmentation...
[2025-05-14 04:28:30] [INFO] Running augment_dataset.py...
[2025-05-14 04:28:30] [INFO] Finished augment_dataset.py with status: success (duration: 0s)
[2025-05-14 04:28:30] [INFO] ======= PHASE 3: MODEL OPTIMIZATION =======
[2025-05-14 04:28:30] [INFO] Running model optimization pipeline...
[2025-05-14 04:30:16] [INFO] ======= PHASE 4: TESTING =======
[2025-05-14 04:30:16] [INFO] Running automated test suite...
[2025-05-14 04:30:16] [INFO] Running run_pizza_tests.py...
[2025-05-14 04:30:16] [INFO] Finished run_pizza_tests.py with status: success (duration: 0s)
[2025-05-14 04:30:16] [INFO] Verifying model...
[2025-05-14 04:30:16] [INFO] Running verify_model.py...
[2025-05-14 04:30:16] [WARNING] Error running verify_model.py. Retrying (1/2)...
[2025-05-14 04:30:18] [INFO] Retry 1 for verify_model.py...
[2025-05-14 04:30:18] [WARNING] Error running verify_model.py. Retrying (2/2)...
[2025-05-14 04:30:20] [INFO] Retry 2 for verify_model.py...
[2025-05-14 04:30:20] [ERROR] Error running verify_model.py after 2 retries. Check /home/emilio/Documents/ai/pizza/output/pipeline_runs/20250514_042654/logs/verify_model.log for details.
[2025-05-14 04:30:20] [INFO] Finished verify_model.py with status: failed (duration: 4s)
[2025-05-14 04:30:20] [WARNING] Model verification had issues, but continuing...
[2025-05-14 04:30:20] [INFO] Testing temporal smoothing...
[2025-05-14 04:30:20] [INFO] Running test_temporal_smoothing.py...
[2025-05-14 04:30:23] [INFO] Finished test_temporal_smoothing.py with status: success (duration: 3s)
[2025-05-14 04:30:23] [INFO] ======= PHASE 5: INTEGRATION VALIDATION =======
[2025-05-14 04:30:23] [SUCCESS] Integration validation completed successfully.
[2025-05-14 04:30:23] [INFO] ======= PHASE 6: REPORTING =======
[2025-05-14 04:30:23] [INFO] Generating final reports...
[2025-05-14 04:30:24] [INFO] Analyzing performance...
[2025-05-14 04:30:24] [INFO] Running analyze_performance_logs.py...
[2025-05-14 04:30:24] [WARNING] Error running analyze_performance_logs.py. Retrying (1/2)...
[2025-05-14 04:30:26] [INFO] Retry 1 for analyze_performance_logs.py...
[2025-05-14 04:30:26] [WARNING] Error running analyze_performance_logs.py. Retrying (2/2)...
[2025-05-14 04:30:28] [INFO] Retry 2 for analyze_performance_logs.py...
[2025-05-14 04:30:28] [ERROR] Error running analyze_performance_logs.py after 2 retries. Check /home/emilio/Documents/ai/pizza/output/pipeline_runs/20250514_042654/logs/analyze_performance_logs.log for details.
[2025-05-14 04:30:28] [INFO] Finished analyze_performance_logs.py with status: failed (duration: 4s)
[2025-05-14 04:30:28] [WARNING] Performance analysis had issues, but continuing...
[2025-05-14 04:30:28] [INFO] Cleaning up...
[2025-05-14 04:30:28] [INFO] Running cleanup.py...
[2025-05-14 04:30:28] [INFO] Finished cleanup.py with status: success (duration: 0s)
[2025-05-14 04:30:28] [WARNING] Pipeline completed with some failed scripts. Check /home/emilio/Documents/ai/pizza/output/pipeline_runs/20250514_042654/logs/failed_scripts.log for details.
[2025-05-14 04:30:28] [INFO] Pipeline results available at: /home/emilio/Documents/ai/pizza/output/pipeline_runs/20250514_042654
