[2025-05-14 04:42:52] [INFO] ======= PHASE 1: SCRIPT VALIDATION =======
[2025-05-14 04:42:52] [INFO] Validating scripts...
[2025-05-14 04:44:24] [SUCCESS] Script validation completed successfully.
[2025-05-14 04:44:24] [INFO] ======= PHASE 2: PREPROCESSING =======
[2025-05-14 04:44:24] [INFO] Running CLAHE preprocessing...
[2025-05-14 04:44:24] [INFO] Running test_image_preprocessing.py...
[2025-05-14 04:44:28] [INFO] Finished test_image_preprocessing.py with status: success (duration: 4s)
[2025-05-14 04:44:28] [INFO] Running data augmentation...
[2025-05-14 04:44:28] [INFO] Running augment_dataset.py...
[2025-05-14 04:44:28] [INFO] Finished augment_dataset.py with status: success (duration: 0s)
[2025-05-14 04:44:28] [INFO] ======= PHASE 3: MODEL OPTIMIZATION =======
[2025-05-14 04:44:28] [INFO] Running model optimization pipeline...
[2025-05-14 04:46:09] [INFO] ======= PHASE 4: TESTING =======
[2025-05-14 04:46:09] [INFO] Running automated test suite...
[2025-05-14 04:46:09] [INFO] Running run_pizza_tests.py...
[2025-05-14 04:46:09] [INFO] Finished run_pizza_tests.py with status: success (duration: 0s)
[2025-05-14 04:46:09] [INFO] Verifying model...
[2025-05-14 04:46:09] [INFO] Running verify_model.py...
[2025-05-14 04:46:11] [INFO] Finished verify_model.py with status: success (duration: 2s)
[2025-05-14 04:46:11] [INFO] Testing temporal smoothing...
[2025-05-14 04:46:11] [INFO] Running test_temporal_smoothing.py...
[2025-05-14 04:46:15] [INFO] Finished test_temporal_smoothing.py with status: success (duration: 4s)
[2025-05-14 04:46:15] [INFO] ======= PHASE 5: INTEGRATION VALIDATION =======
[2025-05-14 04:46:15] [SUCCESS] Integration validation completed successfully.
[2025-05-14 04:46:15] [INFO] ======= PHASE 6: REPORTING =======
[2025-05-14 04:46:15] [INFO] Generating final reports...
[2025-05-14 04:46:15] [INFO] Analyzing performance...
[2025-05-14 04:46:15] [INFO] Running analyze_performance_logs.py...
[2025-05-14 04:46:16] [WARNING] Error running analyze_performance_logs.py. Retrying (1/2)...
[2025-05-14 04:46:18] [INFO] Retry 1 for analyze_performance_logs.py...
[2025-05-14 04:46:19] [WARNING] Error running analyze_performance_logs.py. Retrying (2/2)...
[2025-05-14 04:46:21] [INFO] Retry 2 for analyze_performance_logs.py...
[2025-05-14 04:46:21] [ERROR] Error running analyze_performance_logs.py after 2 retries. Check /home/emilio/Documents/ai/pizza/output/pipeline_runs/20250514_044252/logs/analyze_performance_logs.log for details.
[2025-05-14 04:46:22] [INFO] Finished analyze_performance_logs.py with status: failed (duration: 6s)
[2025-05-14 04:46:22] [WARNING] Performance analysis had issues, but continuing...
[2025-05-14 04:46:22] [INFO] Cleaning up...
[2025-05-14 04:46:22] [INFO] Running cleanup.py...
[2025-05-14 04:46:22] [INFO] Finished cleanup.py with status: success (duration: 0s)
[2025-05-14 04:46:22] [WARNING] Pipeline completed with some failed scripts. Check /home/emilio/Documents/ai/pizza/output/pipeline_runs/20250514_044252/logs/failed_scripts.log for details.
[2025-05-14 04:46:22] [INFO] Pipeline results available at: /home/emilio/Documents/ai/pizza/output/pipeline_runs/20250514_044252
