[2025-05-14 12:48:16] [INFO] ======= PHASE 1: SCRIPT VALIDATION =======
[2025-05-14 12:48:16] [INFO] Validating scripts...
[2025-05-14 12:49:52] [SUCCESS] Script validation completed successfully.
[2025-05-14 12:49:52] [INFO] ======= PHASE 2: PREPROCESSING =======
[2025-05-14 12:49:52] [INFO] Running CLAHE preprocessing...
[2025-05-14 12:49:52] [INFO] Running test_image_preprocessing.py...
[2025-05-14 12:50:24] [INFO] Finished test_image_preprocessing.py with status: success (duration: 31s)
[2025-05-14 12:50:24] [INFO] Running data augmentation...
[2025-05-14 12:50:24] [INFO] Running augment_dataset.py...
[2025-05-14 12:50:24] [INFO] Finished augment_dataset.py with status: success (duration: 0s)
[2025-05-14 12:50:24] [INFO] ======= PHASE 3: MODEL OPTIMIZATION =======
[2025-05-14 12:50:24] [INFO] Running model optimization pipeline...
[2025-05-14 12:52:10] [INFO] ======= PHASE 4: TESTING =======
[2025-05-14 12:52:10] [INFO] Running automated test suite...
[2025-05-14 12:52:10] [INFO] Running run_pizza_tests.py...
[2025-05-14 12:52:11] [WARNING] Error running run_pizza_tests.py. Retrying (1/2)...
[2025-05-14 12:52:13] [INFO] Retry 1 for run_pizza_tests.py...
[2025-05-14 12:52:14] [WARNING] Error running run_pizza_tests.py. Retrying (2/2)...
[2025-05-14 12:52:16] [INFO] Retry 2 for run_pizza_tests.py...
[2025-05-14 12:52:17] [ERROR] Error running run_pizza_tests.py after 2 retries. Check /home/emilio/Documents/ai/pizza/output/pipeline_runs/20250514_124816/logs/run_pizza_tests.log for details.
[2025-05-14 12:52:17] [INFO] Finished run_pizza_tests.py with status: failed (duration: 7s)
[2025-05-14 12:52:17] [ERROR] Critical script run_pizza_tests.py failed. Stopping pipeline.
