[2025-05-14 04:37:46] [INFO] ======= PHASE 1: SCRIPT VALIDATION =======
[2025-05-14 04:37:46] [INFO] Validating scripts...
[2025-05-14 04:39:19] [SUCCESS] Script validation completed successfully.
[2025-05-14 04:39:19] [INFO] ======= PHASE 2: PREPROCESSING =======
[2025-05-14 04:39:19] [INFO] Running CLAHE preprocessing...
[2025-05-14 04:39:19] [INFO] Running test_image_preprocessing.py...
[2025-05-14 04:39:36] [INFO] Finished test_image_preprocessing.py with status: success (duration: 17s)
[2025-05-14 04:39:36] [INFO] Running data augmentation...
[2025-05-14 04:39:36] [INFO] Running augment_dataset.py...
[2025-05-14 04:39:37] [INFO] Finished augment_dataset.py with status: success (duration: 1s)
[2025-05-14 04:39:37] [INFO] ======= PHASE 3: MODEL OPTIMIZATION =======
[2025-05-14 04:39:37] [INFO] Running model optimization pipeline...
[2025-05-14 04:41:17] [INFO] ======= PHASE 4: TESTING =======
[2025-05-14 04:41:17] [INFO] Running automated test suite...
[2025-05-14 04:41:17] [INFO] Running run_pizza_tests.py...
[2025-05-14 04:41:17] [INFO] Finished run_pizza_tests.py with status: success (duration: 0s)
[2025-05-14 04:41:17] [INFO] Verifying model...
[2025-05-14 04:41:17] [INFO] Running verify_model.py...
[2025-05-14 04:41:19] [INFO] Finished verify_model.py with status: success (duration: 2s)
[2025-05-14 04:41:19] [INFO] Testing temporal smoothing...
[2025-05-14 04:41:19] [INFO] Running test_temporal_smoothing.py...
[2025-05-14 04:41:22] [INFO] Finished test_temporal_smoothing.py with status: success (duration: 3s)
[2025-05-14 04:41:22] [INFO] ======= PHASE 5: INTEGRATION VALIDATION =======
[2025-05-14 04:41:22] [SUCCESS] Integration validation completed successfully.
[2025-05-14 04:41:22] [INFO] ======= PHASE 6: REPORTING =======
[2025-05-14 04:41:22] [INFO] Generating final reports...
[2025-05-14 04:41:23] [INFO] Analyzing performance...
[2025-05-14 04:41:23] [INFO] Running analyze_performance_logs.py...
[2025-05-14 04:41:24] [WARNING] Error running analyze_performance_logs.py. Retrying (1/2)...
[2025-05-14 04:41:26] [INFO] Retry 1 for analyze_performance_logs.py...
[2025-05-14 04:41:26] [WARNING] Error running analyze_performance_logs.py. Retrying (2/2)...
[2025-05-14 04:41:28] [INFO] Retry 2 for analyze_performance_logs.py...
[2025-05-14 04:41:29] [ERROR] Error running analyze_performance_logs.py after 2 retries. Check /home/emilio/Documents/ai/pizza/output/pipeline_runs/20250514_043746/logs/analyze_performance_logs.log for details.
[2025-05-14 04:41:29] [INFO] Finished analyze_performance_logs.py with status: failed (duration: 6s)
[2025-05-14 04:41:29] [WARNING] Performance analysis had issues, but continuing...
[2025-05-14 04:41:29] [INFO] Cleaning up...
[2025-05-14 04:41:29] [INFO] Running cleanup.py...
[2025-05-14 04:41:29] [INFO] Finished cleanup.py with status: success (duration: 0s)
[2025-05-14 04:41:29] [WARNING] Pipeline completed with some failed scripts. Check /home/emilio/Documents/ai/pizza/output/pipeline_runs/20250514_043746/logs/failed_scripts.log for details.
[2025-05-14 04:41:29] [INFO] Pipeline results available at: /home/emilio/Documents/ai/pizza/output/pipeline_runs/20250514_043746
