[2025-05-14 01:27:30] [INFO] ======= PHASE 1: SCRIPT VALIDATION =======
[2025-05-14 01:27:30] [INFO] Validating scripts...
[2025-05-14 01:28:50] [SUCCESS] Script validation completed successfully.
[2025-05-14 01:28:50] [INFO] ======= PHASE 2: PREPROCESSING =======
[2025-05-14 01:28:50] [INFO] Running CLAHE preprocessing...
[2025-05-14 01:28:50] [INFO] Running test_image_preprocessing.py...
[2025-05-14 01:28:50] [WARNING] Error running test_image_preprocessing.py. Retrying (1/2)...
[2025-05-14 01:28:52] [INFO] Retry 1 for test_image_preprocessing.py...
[2025-05-14 01:28:53] [WARNING] Error running test_image_preprocessing.py. Retrying (2/2)...
[2025-05-14 01:28:55] [INFO] Retry 2 for test_image_preprocessing.py...
[2025-05-14 01:28:55] [ERROR] Error running test_image_preprocessing.py after 2 retries. Check /home/emilio/Documents/ai/pizza/output/pipeline_runs/20250514_012730/logs/test_image_preprocessing.log for details.
[2025-05-14 01:28:55] [INFO] Finished test_image_preprocessing.py with status: failed (duration: 5s)
[2025-05-14 01:28:55] [WARNING] CLAHE preprocessing had issues, but continuing...
[2025-05-14 01:28:55] [INFO] Running data augmentation...
[2025-05-14 01:28:55] [INFO] Running augment_dataset.py...
[2025-05-14 01:28:55] [WARNING] Error running augment_dataset.py. Retrying (1/2)...
[2025-05-14 01:28:57] [INFO] Retry 1 for augment_dataset.py...
[2025-05-14 01:28:57] [WARNING] Error running augment_dataset.py. Retrying (2/2)...
[2025-05-14 01:28:59] [INFO] Retry 2 for augment_dataset.py...
[2025-05-14 01:28:59] [ERROR] Error running augment_dataset.py after 2 retries. Check /home/emilio/Documents/ai/pizza/output/pipeline_runs/20250514_012730/logs/augment_dataset.log for details.
[2025-05-14 01:28:59] [INFO] Finished augment_dataset.py with status: failed (duration: 4s)
[2025-05-14 01:28:59] [WARNING] Data augmentation had issues, but continuing...
[2025-05-14 01:28:59] [INFO] ======= PHASE 3: MODEL OPTIMIZATION =======
[2025-05-14 01:28:59] [INFO] Running model optimization pipeline...
[2025-05-14 01:30:34] [WARNING] Model optimization had issues, but continuing...
[2025-05-14 01:30:34] [INFO] ======= PHASE 4: TESTING =======
[2025-05-14 01:30:34] [INFO] Running automated test suite...
[2025-05-14 01:30:34] [INFO] Running run_pizza_tests.py...
[2025-05-14 01:30:34] [INFO] Finished run_pizza_tests.py with status: success (duration: 0s)
[2025-05-14 01:30:34] [INFO] Verifying model...
[2025-05-14 01:30:34] [INFO] Running verify_model.py...
[2025-05-14 01:30:34] [WARNING] Error running verify_model.py. Retrying (1/2)...
[2025-05-14 01:30:36] [INFO] Retry 1 for verify_model.py...
[2025-05-14 01:30:36] [WARNING] Error running verify_model.py. Retrying (2/2)...
[2025-05-14 01:30:38] [INFO] Retry 2 for verify_model.py...
[2025-05-14 01:30:38] [ERROR] Error running verify_model.py after 2 retries. Check /home/emilio/Documents/ai/pizza/output/pipeline_runs/20250514_012730/logs/verify_model.log for details.
[2025-05-14 01:30:38] [INFO] Finished verify_model.py with status: failed (duration: 4s)
[2025-05-14 01:30:38] [WARNING] Model verification had issues, but continuing...
[2025-05-14 01:30:38] [INFO] Testing temporal smoothing...
[2025-05-14 01:30:38] [INFO] Running test_temporal_smoothing.py...
[2025-05-14 01:30:42] [INFO] Finished test_temporal_smoothing.py with status: success (duration: 4s)
[2025-05-14 01:30:42] [INFO] ======= PHASE 5: INTEGRATION VALIDATION =======
[2025-05-14 01:30:42] [SUCCESS] Integration validation completed successfully.
[2025-05-14 01:30:42] [INFO] ======= PHASE 6: REPORTING =======
[2025-05-14 01:30:42] [INFO] Generating final reports...
