[2025-05-14 03:21:23] [INFO] ======= PHASE 1: SCRIPT VALIDATION =======
[2025-05-14 03:21:23] [INFO] Validating scripts...
[2025-05-14 03:22:55] [SUCCESS] Script validation completed successfully.
[2025-05-14 03:22:55] [INFO] ======= PHASE 2: PREPROCESSING =======
[2025-05-14 03:22:55] [INFO] Running CLAHE preprocessing...
[2025-05-14 03:22:55] [INFO] Running test_image_preprocessing.py...
[2025-05-14 03:22:59] [INFO] Finished test_image_preprocessing.py with status: success (duration: 4s)
[2025-05-14 03:22:59] [INFO] Running data augmentation...
[2025-05-14 03:22:59] [INFO] Running augment_dataset.py...
[2025-05-14 03:22:59] [WARNING] Error running augment_dataset.py. Retrying (1/2)...
[2025-05-14 03:23:01] [INFO] Retry 1 for augment_dataset.py...
[2025-05-14 03:23:01] [WARNING] Error running augment_dataset.py. Retrying (2/2)...
[2025-05-14 03:23:03] [INFO] Retry 2 for augment_dataset.py...
[2025-05-14 03:23:03] [ERROR] Error running augment_dataset.py after 2 retries. Check /home/emilio/Documents/ai/pizza/output/pipeline_runs/20250514_032123/logs/augment_dataset.log for details.
[2025-05-14 03:23:03] [INFO] Finished augment_dataset.py with status: failed (duration: 4s)
[2025-05-14 03:23:03] [WARNING] Data augmentation had issues, but continuing...
[2025-05-14 03:23:03] [INFO] ======= PHASE 3: MODEL OPTIMIZATION =======
[2025-05-14 03:23:03] [INFO] Running model optimization pipeline...
[2025-05-14 03:24:46] [INFO] ======= PHASE 4: TESTING =======
[2025-05-14 03:24:46] [INFO] Running automated test suite...
[2025-05-14 03:24:46] [INFO] Running run_pizza_tests.py...
[2025-05-14 03:24:46] [INFO] Finished run_pizza_tests.py with status: success (duration: 0s)
[2025-05-14 03:24:46] [INFO] Verifying model...
[2025-05-14 03:24:46] [INFO] Running verify_model.py...
[2025-05-14 03:24:46] [WARNING] Error running verify_model.py. Retrying (1/2)...
[2025-05-14 03:24:48] [INFO] Retry 1 for verify_model.py...
[2025-05-14 03:24:48] [WARNING] Error running verify_model.py. Retrying (2/2)...
[2025-05-14 03:24:50] [INFO] Retry 2 for verify_model.py...
[2025-05-14 03:24:50] [ERROR] Error running verify_model.py after 2 retries. Check /home/emilio/Documents/ai/pizza/output/pipeline_runs/20250514_032123/logs/verify_model.log for details.
[2025-05-14 03:24:50] [INFO] Finished verify_model.py with status: failed (duration: 4s)
[2025-05-14 03:24:50] [WARNING] Model verification had issues, but continuing...
[2025-05-14 03:24:50] [INFO] Testing temporal smoothing...
[2025-05-14 03:24:50] [INFO] Running test_temporal_smoothing.py...
[2025-05-14 03:24:53] [INFO] Finished test_temporal_smoothing.py with status: success (duration: 3s)
[2025-05-14 03:24:53] [INFO] ======= PHASE 5: INTEGRATION VALIDATION =======
[2025-05-14 03:24:53] [SUCCESS] Integration validation completed successfully.
[2025-05-14 03:24:53] [INFO] ======= PHASE 6: REPORTING =======
[2025-05-14 03:24:53] [INFO] Generating final reports...
[2025-05-14 03:24:54] [INFO] Analyzing performance...
[2025-05-14 03:24:54] [INFO] Running analyze_performance_logs.py...
[2025-05-14 03:24:54] [WARNING] Error running analyze_performance_logs.py. Retrying (1/2)...
[2025-05-14 03:24:56] [INFO] Retry 1 for analyze_performance_logs.py...
[2025-05-14 03:24:56] [WARNING] Error running analyze_performance_logs.py. Retrying (2/2)...
[2025-05-14 03:24:58] [INFO] Retry 2 for analyze_performance_logs.py...
[2025-05-14 03:24:58] [ERROR] Error running analyze_performance_logs.py after 2 retries. Check /home/emilio/Documents/ai/pizza/output/pipeline_runs/20250514_032123/logs/analyze_performance_logs.log for details.
[2025-05-14 03:24:58] [INFO] Finished analyze_performance_logs.py with status: failed (duration: 4s)
[2025-05-14 03:24:58] [WARNING] Performance analysis had issues, but continuing...
[2025-05-14 03:24:58] [INFO] Cleaning up...
[2025-05-14 03:24:58] [INFO] Running cleanup.py...
[2025-05-14 03:24:58] [INFO] Finished cleanup.py with status: success (duration: 0s)
[2025-05-14 03:24:58] [WARNING] Pipeline completed with some failed scripts. Check /home/emilio/Documents/ai/pizza/output/pipeline_runs/20250514_032123/logs/failed_scripts.log for details.
[2025-05-14 03:24:58] [INFO] Pipeline results available at: /home/emilio/Documents/ai/pizza/output/pipeline_runs/20250514_032123
