2025-06-08 11:39:36,948 - pruning_evaluation - INFO - === Starting comprehensive structured pruning evaluation ===
2025-06-08 11:39:36,949 - pruning_evaluation - WARNING - No base model found, pruning may use an untrained model
2025-06-08 11:39:36,949 - pruning_evaluation - INFO - 
Processing sparsity rate: 0.1
2025-06-08 11:39:36,949 - pruning_evaluation - INFO - 
===== Running pruning with sparsity 0.10 =====
2025-06-08 11:39:36,949 - pruning_evaluation - INFO - Running command: /home/emilio/Documents/ai/pizza/.venv/bin/python /home/emilio/Documents/ai/pizza/scripts/scripts/pruning_tool.py --sparsity=0.1 --fine_tune --fine_tune_epochs=5 --quantize --output_dir=/home/emilio/Documents/ai/pizza/scripts/models/pruned_model
2025-06-08 11:39:36,959 - pruning_evaluation - ERROR - Error running pruning: Command '['/home/emilio/Documents/ai/pizza/.venv/bin/python', '/home/emilio/Documents/ai/pizza/scripts/scripts/pruning_tool.py', '--sparsity=0.1', '--fine_tune', '--fine_tune_epochs=5', '--quantize', '--output_dir=/home/emilio/Documents/ai/pizza/scripts/models/pruned_model']' returned non-zero exit status 2.
2025-06-08 11:39:36,959 - pruning_evaluation - ERROR - Stdout: 
2025-06-08 11:39:36,959 - pruning_evaluation - ERROR - Stderr: /home/emilio/Documents/ai/pizza/.venv/bin/python: can't open file '/home/emilio/Documents/ai/pizza/scripts/scripts/pruning_tool.py': [Errno 2] No such file or directory

2025-06-08 11:39:36,959 - pruning_evaluation - ERROR - Pruning failed for sparsity 0.1
2025-06-08 11:39:36,959 - pruning_evaluation - INFO - 
Processing sparsity rate: 0.2
2025-06-08 11:39:36,959 - pruning_evaluation - INFO - 
===== Running pruning with sparsity 0.20 =====
2025-06-08 11:39:36,959 - pruning_evaluation - INFO - Running command: /home/emilio/Documents/ai/pizza/.venv/bin/python /home/emilio/Documents/ai/pizza/scripts/scripts/pruning_tool.py --sparsity=0.2 --fine_tune --fine_tune_epochs=5 --quantize --output_dir=/home/emilio/Documents/ai/pizza/scripts/models/pruned_model
2025-06-08 11:39:36,968 - pruning_evaluation - ERROR - Error running pruning: Command '['/home/emilio/Documents/ai/pizza/.venv/bin/python', '/home/emilio/Documents/ai/pizza/scripts/scripts/pruning_tool.py', '--sparsity=0.2', '--fine_tune', '--fine_tune_epochs=5', '--quantize', '--output_dir=/home/emilio/Documents/ai/pizza/scripts/models/pruned_model']' returned non-zero exit status 2.
2025-06-08 11:39:36,968 - pruning_evaluation - ERROR - Stdout: 
2025-06-08 11:39:36,968 - pruning_evaluation - ERROR - Stderr: /home/emilio/Documents/ai/pizza/.venv/bin/python: can't open file '/home/emilio/Documents/ai/pizza/scripts/scripts/pruning_tool.py': [Errno 2] No such file or directory

2025-06-08 11:39:36,968 - pruning_evaluation - ERROR - Pruning failed for sparsity 0.2
2025-06-08 11:39:36,968 - pruning_evaluation - INFO - 
Processing sparsity rate: 0.3
2025-06-08 11:39:36,968 - pruning_evaluation - INFO - 
===== Running pruning with sparsity 0.30 =====
2025-06-08 11:39:36,968 - pruning_evaluation - INFO - Running command: /home/emilio/Documents/ai/pizza/.venv/bin/python /home/emilio/Documents/ai/pizza/scripts/scripts/pruning_tool.py --sparsity=0.3 --fine_tune --fine_tune_epochs=5 --quantize --output_dir=/home/emilio/Documents/ai/pizza/scripts/models/pruned_model
2025-06-08 11:39:36,982 - pruning_evaluation - ERROR - Error running pruning: Command '['/home/emilio/Documents/ai/pizza/.venv/bin/python', '/home/emilio/Documents/ai/pizza/scripts/scripts/pruning_tool.py', '--sparsity=0.3', '--fine_tune', '--fine_tune_epochs=5', '--quantize', '--output_dir=/home/emilio/Documents/ai/pizza/scripts/models/pruned_model']' returned non-zero exit status 2.
2025-06-08 11:39:36,982 - pruning_evaluation - ERROR - Stdout: 
2025-06-08 11:39:36,982 - pruning_evaluation - ERROR - Stderr: /home/emilio/Documents/ai/pizza/.venv/bin/python: can't open file '/home/emilio/Documents/ai/pizza/scripts/scripts/pruning_tool.py': [Errno 2] No such file or directory

2025-06-08 11:39:36,982 - pruning_evaluation - ERROR - Pruning failed for sparsity 0.3
2025-06-08 11:39:36,982 - pruning_evaluation - INFO - Creating report at: /home/emilio/Documents/ai/pizza/scripts/output/model_optimization/pruning_evaluation.json
2025-06-08 11:39:36,983 - pruning_evaluation - INFO - Report created successfully
2025-06-08 11:39:36,983 - pruning_evaluation - INFO - 

===== PRUNING EVALUATION SUMMARY =====

2025-06-08 11:39:36,983 - pruning_evaluation - INFO - Base model:
2025-06-08 11:39:36,983 - pruning_evaluation - ERROR - Error in pruning evaluation: unsupported format string passed to NoneType.__format__
2025-06-08 11:39:36,986 - pruning_evaluation - ERROR - Traceback (most recent call last):
  File "/home/emilio/Documents/ai/pizza/scripts/comprehensive_pruning_evaluation.py", line 431, in main
    print_summary(results)
  File "/home/emilio/Documents/ai/pizza/scripts/comprehensive_pruning_evaluation.py", line 302, in print_summary
    logger.info(f"  Size: {base.get('size_kb', 'N/A'):.2f} KB")
                          ^^^^^^^^^^^^^^^^^^^^^^^^^^^^^^^^
TypeError: unsupported format string passed to NoneType.__format__

2025-06-08 11:40:00,168 - pruning_evaluation - INFO - === Starting comprehensive structured pruning evaluation ===
2025-06-08 11:40:00,168 - pruning_evaluation - WARNING - No base model found, pruning may use an untrained model
2025-06-08 11:40:00,168 - pruning_evaluation - INFO - 
Processing sparsity rate: 0.1
2025-06-08 11:40:00,168 - pruning_evaluation - INFO - 
===== Running pruning with sparsity 0.10 =====
2025-06-08 11:40:00,168 - pruning_evaluation - INFO - Running command: /home/emilio/Documents/ai/pizza/.venv/bin/python /home/emilio/Documents/ai/pizza/scripts/pruning_tool.py --sparsity=0.1 --fine_tune --fine_tune_epochs=5 --quantize --output_dir=/home/emilio/Documents/ai/pizza/models/pruned_model
2025-06-08 11:40:02,242 - pruning_evaluation - ERROR - Error running pruning: Command '['/home/emilio/Documents/ai/pizza/.venv/bin/python', '/home/emilio/Documents/ai/pizza/scripts/pruning_tool.py', '--sparsity=0.1', '--fine_tune', '--fine_tune_epochs=5', '--quantize', '--output_dir=/home/emilio/Documents/ai/pizza/models/pruned_model']' returned non-zero exit status 1.
2025-06-08 11:40:02,242 - pruning_evaluation - ERROR - Stdout: 
2025-06-08 11:40:02,242 - pruning_evaluation - ERROR - Stderr: 2025-06-08 11:40:01,798 - INFO - Starte strukturbasiertes Pruning mit Ziel-Sparsity 0.10
2025-06-08 11:40:01,799 - INFO - Kein Modellpfad angegeben. Trainiere ein neues Modell.
2025-06-08 11:40:01,799 - INFO - Gefundene Kategorien: ['progression', 'mixed', 'mixed_backup', 'synthetic', 'burnt_backup', 'basic', 'raw', 'segment', 'combined', 'processed', 'basic_backup', 'combined_backup', 'segment_backup', 'burnt', 'progression_backup', 'lighting_perspective_test']
Traceback (most recent call last):
  File "/home/emilio/Documents/ai/pizza/scripts/pruning_tool.py", line 722, in <module>
    main()
  File "/home/emilio/Documents/ai/pizza/scripts/pruning_tool.py", line 655, in main
    model = get_model()
            ^^^^^^^^^^^
  File "/home/emilio/Documents/ai/pizza/scripts/pruning_tool.py", line 102, in get_model
    train_quick_model(model)
  File "/home/emilio/Documents/ai/pizza/scripts/pruning_tool.py", line 191, in train_quick_model
    train_loader, val_loader = create_dataloaders(batch_size=batch_size)
                               ^^^^^^^^^^^^^^^^^^^^^^^^^^^^^^^^^^^^^^^^^
  File "/home/emilio/Documents/ai/pizza/scripts/pruning_tool.py", line 145, in create_dataloaders
    full_dataset = ImageFolder(
                   ^^^^^^^^^^^^
  File "/home/emilio/Documents/ai/pizza/.venv/lib/python3.12/site-packages/torchvision/datasets/folder.py", line 328, in __init__
    super().__init__(
  File "/home/emilio/Documents/ai/pizza/.venv/lib/python3.12/site-packages/torchvision/datasets/folder.py", line 150, in __init__
    samples = self.make_dataset(
              ^^^^^^^^^^^^^^^^^^
  File "/home/emilio/Documents/ai/pizza/.venv/lib/python3.12/site-packages/torchvision/datasets/folder.py", line 203, in make_dataset
    return make_dataset(
           ^^^^^^^^^^^^^
  File "/home/emilio/Documents/ai/pizza/.venv/lib/python3.12/site-packages/torchvision/datasets/folder.py", line 104, in make_dataset
    raise FileNotFoundError(msg)
FileNotFoundError: Found no valid file for the classes basic, basic_backup, burnt, burnt_backup, combined, combined_backup, mixed, mixed_backup, processed, progression, progression_backup, segment, segment_backup, synthetic. Supported extensions are: .jpg, .jpeg, .png, .ppm, .bmp, .pgm, .tif, .tiff, .webp

2025-06-08 11:40:02,242 - pruning_evaluation - ERROR - Pruning failed for sparsity 0.1
2025-06-08 11:40:02,242 - pruning_evaluation - INFO - 
Processing sparsity rate: 0.2
2025-06-08 11:40:02,242 - pruning_evaluation - INFO - 
===== Running pruning with sparsity 0.20 =====
2025-06-08 11:40:02,242 - pruning_evaluation - INFO - Running command: /home/emilio/Documents/ai/pizza/.venv/bin/python /home/emilio/Documents/ai/pizza/scripts/pruning_tool.py --sparsity=0.2 --fine_tune --fine_tune_epochs=5 --quantize --output_dir=/home/emilio/Documents/ai/pizza/models/pruned_model
2025-06-08 11:40:04,265 - pruning_evaluation - ERROR - Error running pruning: Command '['/home/emilio/Documents/ai/pizza/.venv/bin/python', '/home/emilio/Documents/ai/pizza/scripts/pruning_tool.py', '--sparsity=0.2', '--fine_tune', '--fine_tune_epochs=5', '--quantize', '--output_dir=/home/emilio/Documents/ai/pizza/models/pruned_model']' returned non-zero exit status 1.
2025-06-08 11:40:04,265 - pruning_evaluation - ERROR - Stdout: 
2025-06-08 11:40:04,265 - pruning_evaluation - ERROR - Stderr: 2025-06-08 11:40:03,880 - INFO - Starte strukturbasiertes Pruning mit Ziel-Sparsity 0.20
2025-06-08 11:40:03,881 - INFO - Kein Modellpfad angegeben. Trainiere ein neues Modell.
2025-06-08 11:40:03,882 - INFO - Gefundene Kategorien: ['progression', 'mixed', 'mixed_backup', 'synthetic', 'burnt_backup', 'basic', 'raw', 'segment', 'combined', 'processed', 'basic_backup', 'combined_backup', 'segment_backup', 'burnt', 'progression_backup', 'lighting_perspective_test']
Traceback (most recent call last):
  File "/home/emilio/Documents/ai/pizza/scripts/pruning_tool.py", line 722, in <module>
    main()
  File "/home/emilio/Documents/ai/pizza/scripts/pruning_tool.py", line 655, in main
    model = get_model()
            ^^^^^^^^^^^
  File "/home/emilio/Documents/ai/pizza/scripts/pruning_tool.py", line 102, in get_model
    train_quick_model(model)
  File "/home/emilio/Documents/ai/pizza/scripts/pruning_tool.py", line 191, in train_quick_model
    train_loader, val_loader = create_dataloaders(batch_size=batch_size)
                               ^^^^^^^^^^^^^^^^^^^^^^^^^^^^^^^^^^^^^^^^^
  File "/home/emilio/Documents/ai/pizza/scripts/pruning_tool.py", line 145, in create_dataloaders
    full_dataset = ImageFolder(
                   ^^^^^^^^^^^^
  File "/home/emilio/Documents/ai/pizza/.venv/lib/python3.12/site-packages/torchvision/datasets/folder.py", line 328, in __init__
    super().__init__(
  File "/home/emilio/Documents/ai/pizza/.venv/lib/python3.12/site-packages/torchvision/datasets/folder.py", line 150, in __init__
    samples = self.make_dataset(
              ^^^^^^^^^^^^^^^^^^
  File "/home/emilio/Documents/ai/pizza/.venv/lib/python3.12/site-packages/torchvision/datasets/folder.py", line 203, in make_dataset
    return make_dataset(
           ^^^^^^^^^^^^^
  File "/home/emilio/Documents/ai/pizza/.venv/lib/python3.12/site-packages/torchvision/datasets/folder.py", line 104, in make_dataset
    raise FileNotFoundError(msg)
FileNotFoundError: Found no valid file for the classes basic, basic_backup, burnt, burnt_backup, combined, combined_backup, mixed, mixed_backup, processed, progression, progression_backup, segment, segment_backup, synthetic. Supported extensions are: .jpg, .jpeg, .png, .ppm, .bmp, .pgm, .tif, .tiff, .webp

2025-06-08 11:40:04,265 - pruning_evaluation - ERROR - Pruning failed for sparsity 0.2
2025-06-08 11:40:04,265 - pruning_evaluation - INFO - 
Processing sparsity rate: 0.3
2025-06-08 11:40:04,265 - pruning_evaluation - INFO - 
===== Running pruning with sparsity 0.30 =====
2025-06-08 11:40:04,265 - pruning_evaluation - INFO - Running command: /home/emilio/Documents/ai/pizza/.venv/bin/python /home/emilio/Documents/ai/pizza/scripts/pruning_tool.py --sparsity=0.3 --fine_tune --fine_tune_epochs=5 --quantize --output_dir=/home/emilio/Documents/ai/pizza/models/pruned_model
2025-06-08 11:40:06,272 - pruning_evaluation - ERROR - Error running pruning: Command '['/home/emilio/Documents/ai/pizza/.venv/bin/python', '/home/emilio/Documents/ai/pizza/scripts/pruning_tool.py', '--sparsity=0.3', '--fine_tune', '--fine_tune_epochs=5', '--quantize', '--output_dir=/home/emilio/Documents/ai/pizza/models/pruned_model']' returned non-zero exit status 1.
2025-06-08 11:40:06,272 - pruning_evaluation - ERROR - Stdout: 
2025-06-08 11:40:06,272 - pruning_evaluation - ERROR - Stderr: 2025-06-08 11:40:05,877 - INFO - Starte strukturbasiertes Pruning mit Ziel-Sparsity 0.30
2025-06-08 11:40:05,879 - INFO - Kein Modellpfad angegeben. Trainiere ein neues Modell.
2025-06-08 11:40:05,879 - INFO - Gefundene Kategorien: ['progression', 'mixed', 'mixed_backup', 'synthetic', 'burnt_backup', 'basic', 'raw', 'segment', 'combined', 'processed', 'basic_backup', 'combined_backup', 'segment_backup', 'burnt', 'progression_backup', 'lighting_perspective_test']
Traceback (most recent call last):
  File "/home/emilio/Documents/ai/pizza/scripts/pruning_tool.py", line 722, in <module>
    main()
  File "/home/emilio/Documents/ai/pizza/scripts/pruning_tool.py", line 655, in main
    model = get_model()
            ^^^^^^^^^^^
  File "/home/emilio/Documents/ai/pizza/scripts/pruning_tool.py", line 102, in get_model
    train_quick_model(model)
  File "/home/emilio/Documents/ai/pizza/scripts/pruning_tool.py", line 191, in train_quick_model
    train_loader, val_loader = create_dataloaders(batch_size=batch_size)
                               ^^^^^^^^^^^^^^^^^^^^^^^^^^^^^^^^^^^^^^^^^
  File "/home/emilio/Documents/ai/pizza/scripts/pruning_tool.py", line 145, in create_dataloaders
    full_dataset = ImageFolder(
                   ^^^^^^^^^^^^
  File "/home/emilio/Documents/ai/pizza/.venv/lib/python3.12/site-packages/torchvision/datasets/folder.py", line 328, in __init__
    super().__init__(
  File "/home/emilio/Documents/ai/pizza/.venv/lib/python3.12/site-packages/torchvision/datasets/folder.py", line 150, in __init__
    samples = self.make_dataset(
              ^^^^^^^^^^^^^^^^^^
  File "/home/emilio/Documents/ai/pizza/.venv/lib/python3.12/site-packages/torchvision/datasets/folder.py", line 203, in make_dataset
    return make_dataset(
           ^^^^^^^^^^^^^
  File "/home/emilio/Documents/ai/pizza/.venv/lib/python3.12/site-packages/torchvision/datasets/folder.py", line 104, in make_dataset
    raise FileNotFoundError(msg)
FileNotFoundError: Found no valid file for the classes basic, basic_backup, burnt, burnt_backup, combined, combined_backup, mixed, mixed_backup, processed, progression, progression_backup, segment, segment_backup, synthetic. Supported extensions are: .jpg, .jpeg, .png, .ppm, .bmp, .pgm, .tif, .tiff, .webp

2025-06-08 11:40:06,272 - pruning_evaluation - ERROR - Pruning failed for sparsity 0.3
2025-06-08 11:40:06,272 - pruning_evaluation - INFO - Creating report at: /home/emilio/Documents/ai/pizza/scripts/output/model_optimization/pruning_evaluation.json
2025-06-08 11:40:06,272 - pruning_evaluation - INFO - Report created successfully
2025-06-08 11:40:06,272 - pruning_evaluation - INFO - 

===== PRUNING EVALUATION SUMMARY =====

2025-06-08 11:40:06,272 - pruning_evaluation - INFO - Base model:
2025-06-08 11:40:06,272 - pruning_evaluation - ERROR - Error in pruning evaluation: unsupported format string passed to NoneType.__format__
2025-06-08 11:40:06,274 - pruning_evaluation - ERROR - Traceback (most recent call last):
  File "/home/emilio/Documents/ai/pizza/scripts/comprehensive_pruning_evaluation.py", line 431, in main
    print_summary(results)
  File "/home/emilio/Documents/ai/pizza/scripts/comprehensive_pruning_evaluation.py", line 302, in print_summary
    logger.info(f"  Size: {base.get('size_kb', 'N/A'):.2f} KB")
                          ^^^^^^^^^^^^^^^^^^^^^^^^^^^^^^^^
TypeError: unsupported format string passed to NoneType.__format__

