[2025-05-14 12:44:01] [INFO] ======= PHASE 1: SCRIPT VALIDATION =======
[2025-05-14 12:44:01] [INFO] Validating scripts...
[2025-05-14 12:45:34] [SUCCESS] Script validation completed successfully.
[2025-05-14 12:45:34] [INFO] ======= PHASE 2: PREPROCESSING =======
[2025-05-14 12:45:34] [INFO] Running CLAHE preprocessing...
[2025-05-14 12:45:34] [INFO] Running test_image_preprocessing.py...
[2025-05-14 12:45:38] [INFO] Finished test_image_preprocessing.py with status: success (duration: 4s)
[2025-05-14 12:45:38] [INFO] Running data augmentation...
[2025-05-14 12:45:38] [INFO] Running augment_dataset.py...
[2025-05-14 12:45:38] [INFO] Finished augment_dataset.py with status: success (duration: 0s)
[2025-05-14 12:45:38] [INFO] ======= PHASE 3: MODEL OPTIMIZATION =======
[2025-05-14 12:45:38] [INFO] Running model optimization pipeline...
[2025-05-14 12:47:19] [INFO] ======= PHASE 4: TESTING =======
[2025-05-14 12:47:19] [INFO] Running automated test suite...
[2025-05-14 12:47:19] [INFO] Running run_pizza_tests.py...
[2025-05-14 12:47:19] [WARNING] Error running run_pizza_tests.py. Retrying (1/2)...
[2025-05-14 12:47:21] [INFO] Retry 1 for run_pizza_tests.py...
[2025-05-14 12:47:21] [WARNING] Error running run_pizza_tests.py. Retrying (2/2)...
[2025-05-14 12:47:23] [INFO] Retry 2 for run_pizza_tests.py...
[2025-05-14 12:47:23] [ERROR] Error running run_pizza_tests.py after 2 retries. Check /home/emilio/Documents/ai/pizza/output/pipeline_runs/20250514_124401/logs/run_pizza_tests.log for details.
[2025-05-14 12:47:23] [INFO] Finished run_pizza_tests.py with status: failed (duration: 4s)
[2025-05-14 12:47:23] [ERROR] Critical script run_pizza_tests.py failed. Stopping pipeline.
