Fri Jun  6 20:31:26 2025       
+-----------------------------------------------------------------------------------------+
| NVIDIA-SMI 570.133.07             Driver Version: 570.133.07     CUDA Version: 12.8     |
|-----------------------------------------+------------------------+----------------------+
| GPU  Name                 Persistence-M | Bus-Id          Disp.A | Volatile Uncorr. ECC |
| Fan  Temp   Perf          Pwr:Usage/Cap |           Memory-Usage | GPU-Util  Compute M. |
|                                         |                        |               MIG M. |
|=========================================+========================+======================|
|   0  NVIDIA GeForce RTX 3060        Off |   00000000:01:00.0  On |                  N/A |
|  0%   45C    P8             16W /  170W |    8451MiB /  12288MiB |     60%      Default |
|                                         |                        |                  N/A |
+-----------------------------------------+------------------------+----------------------+
                                                                                         
+-----------------------------------------------------------------------------------------+
| Processes:                                                                              |
|  GPU   GI   CI              PID   Type   Process name                        GPU Memory |
|        ID   ID                                                               Usage      |
|=========================================================================================|
|    0   N/A  N/A            2834      G   /usr/lib/xorg/Xorg                      163MiB |
|    0   N/A  N/A            3070      G   /usr/bin/gnome-shell                     40MiB |
|    0   N/A  N/A            3562      G   ...exec/xdg-desktop-portal-gnome         21MiB |
|    0   N/A  N/A            8812      G   ...ess --variations-seed-version        130MiB |
|    0   N/A  N/A           35560      G   ...144 --variations-seed-version         82MiB |
|    0   N/A  N/A           74966      C   ...nts/ai/pizza/.venv/bin/python       7950MiB |
+-----------------------------------------------------------------------------------------+
PyTorch CUDA available: True
CUDA device count: 1
