[2025-05-14 01:50:22] [INFO] ======= PHASE 1: SCRIPT VALIDATION =======
[2025-05-14 01:50:22] [INFO] Validating scripts...
[2025-05-14 01:51:53] [SUCCESS] Script validation completed successfully.
[2025-05-14 01:51:53] [INFO] ======= PHASE 2: PREPROCESSING =======
[2025-05-14 01:51:53] [INFO] Running CLAHE preprocessing...
[2025-05-14 01:51:53] [INFO] Running test_image_preprocessing.py...
[2025-05-14 01:51:57] [INFO] Finished test_image_preprocessing.py with status: success (duration: 4s)
[2025-05-14 01:51:57] [INFO] Running data augmentation...
[2025-05-14 01:51:57] [INFO] Running augment_dataset.py...
[2025-05-14 01:51:57] [WARNING] Error running augment_dataset.py. Retrying (1/2)...
[2025-05-14 01:51:59] [INFO] Retry 1 for augment_dataset.py...
[2025-05-14 01:51:59] [WARNING] Error running augment_dataset.py. Retrying (2/2)...
[2025-05-14 01:52:01] [INFO] Retry 2 for augment_dataset.py...
[2025-05-14 01:52:01] [ERROR] Error running augment_dataset.py after 2 retries. Check /home/emilio/Documents/ai/pizza/output/pipeline_runs/20250514_015022/logs/augment_dataset.log for details.
[2025-05-14 01:52:01] [INFO] Finished augment_dataset.py with status: failed (duration: 4s)
[2025-05-14 01:52:01] [WARNING] Data augmentation had issues, but continuing...
[2025-05-14 01:52:01] [INFO] ======= PHASE 3: MODEL OPTIMIZATION =======
[2025-05-14 01:52:01] [INFO] Running model optimization pipeline...
[2025-05-14 01:53:42] [INFO] ======= PHASE 4: TESTING =======
[2025-05-14 01:53:42] [INFO] Running automated test suite...
[2025-05-14 01:53:42] [INFO] Running run_pizza_tests.py...
[2025-05-14 01:53:42] [INFO] Finished run_pizza_tests.py with status: success (duration: 0s)
[2025-05-14 01:53:42] [INFO] Verifying model...
[2025-05-14 01:53:42] [INFO] Running verify_model.py...
[2025-05-14 01:53:42] [WARNING] Error running verify_model.py. Retrying (1/2)...
[2025-05-14 01:53:44] [INFO] Retry 1 for verify_model.py...
[2025-05-14 01:53:44] [WARNING] Error running verify_model.py. Retrying (2/2)...
[2025-05-14 01:53:46] [INFO] Retry 2 for verify_model.py...
[2025-05-14 01:53:46] [ERROR] Error running verify_model.py after 2 retries. Check /home/emilio/Documents/ai/pizza/output/pipeline_runs/20250514_015022/logs/verify_model.log for details.
[2025-05-14 01:53:46] [INFO] Finished verify_model.py with status: failed (duration: 4s)
[2025-05-14 01:53:46] [WARNING] Model verification had issues, but continuing...
[2025-05-14 01:53:46] [INFO] Testing temporal smoothing...
[2025-05-14 01:53:47] [INFO] Running test_temporal_smoothing.py...
[2025-05-14 01:53:50] [INFO] Finished test_temporal_smoothing.py with status: success (duration: 3s)
[2025-05-14 01:53:50] [INFO] ======= PHASE 5: INTEGRATION VALIDATION =======
[2025-05-14 01:53:50] [SUCCESS] Integration validation completed successfully.
[2025-05-14 01:53:50] [INFO] ======= PHASE 6: REPORTING =======
[2025-05-14 01:53:50] [INFO] Generating final reports...
[2025-05-14 01:53:50] [INFO] Analyzing performance...
[2025-05-14 01:53:50] [INFO] Running analyze_performance_logs.py...
[2025-05-14 01:53:50] [WARNING] Error running analyze_performance_logs.py. Retrying (1/2)...
[2025-05-14 01:53:52] [INFO] Retry 1 for analyze_performance_logs.py...
[2025-05-14 01:53:52] [WARNING] Error running analyze_performance_logs.py. Retrying (2/2)...
[2025-05-14 01:53:54] [INFO] Retry 2 for analyze_performance_logs.py...
[2025-05-14 01:53:54] [ERROR] Error running analyze_performance_logs.py after 2 retries. Check /home/emilio/Documents/ai/pizza/output/pipeline_runs/20250514_015022/logs/analyze_performance_logs.log for details.
[2025-05-14 01:53:55] [INFO] Finished analyze_performance_logs.py with status: failed (duration: 4s)
[2025-05-14 01:53:55] [WARNING] Performance analysis had issues, but continuing...
[2025-05-14 01:53:55] [INFO] Cleaning up...
[2025-05-14 01:53:55] [INFO] Running cleanup.py...
[2025-05-14 01:53:55] [INFO] Finished cleanup.py with status: success (duration: 0s)
[2025-05-14 01:53:55] [WARNING] Pipeline completed with some failed scripts. Check /home/emilio/Documents/ai/pizza/output/pipeline_runs/20250514_015022/logs/failed_scripts.log for details.
[2025-05-14 01:53:55] [INFO] Pipeline results available at: /home/emilio/Documents/ai/pizza/output/pipeline_runs/20250514_015022
